#
# A fatal error has been detected by the Java Runtime Environment:
#
#  SIGSEGV (0xb) at pc=0x00007fff8be050e9, pid=657, tid=0x0000000000000713
#
# JRE version: Java(TM) SE Runtime Environment (8.0_251-b08) (build 1.8.0_251-b08)
# Java VM: Java HotSpot(TM) 64-Bit Server VM (25.251-b08 mixed mode bsd-amd64 compressed oops)
# Problematic frame:
# C  [libobjc.A.dylib+0x10e9]  objc_msgSend+0x29
#
# Failed to write core dump. Core dumps have been disabled. To enable core dumping, try "ulimit -c unlimited" before starting Java again
#
# If you would like to submit a bug report, please visit:
#   http://bugreport.java.com/bugreport/crash.jsp
# The crash happened outside the Java Virtual Machine in native code.
# See problematic frame for where to report the bug.
#

---------------  T H R E A D  ---------------

Current thread (0x00007fb83a867800):  JavaThread "AppKit Thread" daemon [_thread_in_native, id=1811, stack(0x00007fff56378000,0x00007fff56b78000)]

siginfo: si_signo: 11 (SIGSEGV), si_code: 0 (unknown), si_addr: 0x0000000000000000

Registers:
RAX=0x00007fb83ef7c330, RBX=0x00007fff56b731f0, RCX=0x0000000000000000, RDX=0x00007fb83f086780
RSP=0x00007fff56b72f08, RBP=0x00007fff56b72f10, RSI=0x00007fff8ce24684, RDI=0x00007fb83ef7c330
R8 =0x00007fff56b72ef0, R9 =0x0000000000000000, R10=0x6f697461a973604b, R11=0x00007fb83ef7c360
R12=0x00007fb839508c60, R13=0x00000000000f4376, R14=0x00007fb83f09c690, R15=0x00007fff56b730a0
RIP=0x00007fff8be050e9, EFLAGS=0x0000000000010206, ERR=0x0000000000000000
  TRAPNO=0x000000000000000d

Top of Stack: (sp=0x00007fff56b72f08)
0x00007fff56b72f08:   00007fff937c045c 00007fff56b73270
0x00007fff56b72f18:   00007fff936b0444 0000000000000000
0x00007fff56b72f28:   0000000000000000 408fd80000000000
0x00007fff56b72f38:   4087400000000000 0000000000000000
0x00007fff56b72f48:   0000000000001128 408fd80000000000
0x00007fff56b72f58:   00007fb83f09c710 0000000000000000
0x00007fff56b72f68:   00007fff56b73040 0000000000000000
0x00007fff56b72f78:   00007fb83e9b4470 00007fff56b730c0
0x00007fff56b72f88:   00000000000000b7 00000000000f4399
0x00007fff56b72f98:   00007fb83f086780 00007fff776edee0
0x00007fff56b72fa8:   00007fb839508c60 0000000000000002
0x00007fff56b72fb8:   00000000000f4376 00007fb839508c50
0x00007fff56b72fc8:   4087400000000000 0000000000000000
0x00007fff56b72fd8:   0000000000000000 408fd80000000000
0x00007fff56b72fe8:   4087400000000000 408fd80000000000
0x00007fff56b72ff8:   4087400000000000 0000000000000000
0x00007fff56b73008:   0000000000000000 0000000000000000
0x00007fff56b73018:   0000000000000024 000b71033969c350
0x00007fff56b73028:   00007fb839508c84 0000000000000000
0x00007fff56b73038:   0000000000000000 00007fb83e9a5670
0x00007fff56b73048:   00007fb83b8b80e0 00007fb83f01c500
0x00007fff56b73058:   00007fb83bc8f3c0 00007fb83bc72730
0x00007fff56b73068:   00007fb83e9ce2c0 00007fb83f0162b0
0x00007fff56b73078:   00007fb83f0a0f80 00007fb83ef4b7e0
0x00007fff56b73088:   00007fb83b82ec50 00007fb83ef126d0
0x00007fff56b73098:   00007fb83ef94c20 00007fb83f09c690
0x00007fff56b730a8:   00007fb83f09c710 00000001090a9e00
0x00007fff56b730b8:   00007fb83f015f20 0000000000000072
0x00007fff56b730c8:   0000000000000000 00000000000f4313
0x00007fff56b730d8:   0000000000000073 0000000000000000
0x00007fff56b730e8:   00000000000f4314 0000000000000074
0x00007fff56b730f8:   0000000000000000 00000000000f4315 

Instructions: (pc=0x00007fff8be050e9)
0x00007fff8be050c9:   01 2e 75 7e 49 bb f8 ff ff ff ff 7f 00 00 4c 23
0x00007fff8be050d9:   1f 49 89 f2 45 23 53 18 49 c1 e2 04 4d 03 53 10
0x00007fff8be050e9:   49 3b 32 75 04 41 ff 62 08 49 83 3a 00 74 6a 4d
0x00007fff8be050f9:   3b 53 10 74 0d 49 83 ea 10 49 3b 32 75 eb 41 ff 

Register to memory mapping:

RAX=0x00007fb83ef7c330 is an unknown value
RBX=0x00007fff56b731f0 is pointing into the stack for thread: 0x00007fb83a867800
RCX=0x0000000000000000 is an unknown value
RDX=0x00007fb83f086780 is an unknown value
RSP=0x00007fff56b72f08 is pointing into the stack for thread: 0x00007fb83a867800
RBP=0x00007fff56b72f10 is pointing into the stack for thread: 0x00007fb83a867800
RSI=0x00007fff8ce24684 is an unknown value
RDI=0x00007fb83ef7c330 is an unknown value
R8 =0x00007fff56b72ef0 is pointing into the stack for thread: 0x00007fb83a867800
R9 =0x0000000000000000 is an unknown value
R10=0x6f697461a973604b is an unknown value
R11=0x00007fb83ef7c360 is an unknown value
R12=0x00007fb839508c60 is an unknown value
R13=0x00000000000f4376 is an unknown value
R14=0x00007fb83f09c690 is an unknown value
R15=0x00007fff56b730a0 is pointing into the stack for thread: 0x00007fb83a867800


Stack: [0x00007fff56378000,0x00007fff56b78000],  sp=0x00007fff56b72f08,  free space=8171k
Native frames: (J=compiled Java code, j=interpreted, Vv=VM code, C=native code)
C  [libobjc.A.dylib+0x10e9]  objc_msgSend+0x29
C  [CoreFoundation+0x10444]  _CFXNotificationPost+0xc44
C  [Foundation+0x7881]  -[NSNotificationCenter postNotificationName:object:userInfo:]+0x42
C  [CoreFoundation+0x12045c]  __CFNOTIFICATIONCENTER_IS_CALLING_OUT_TO_AN_OBSERVER__+0xc
C  [CoreFoundation+0xddeae]  ____CFXNotificationPostToken_block_invoke+0x8e
C  [CoreFoundation+0x8070c]  __CFRUNLOOP_IS_CALLING_OUT_TO_A_BLOCK__+0xc
C  [CoreFoundation+0x72815]  __CFRunLoopDoBlocks+0x155
C  [CoreFoundation+0x71fce]  __CFRunLoopRun+0x38e
C  [CoreFoundation+0x719f8]  CFRunLoopRunSpecific+0x128
C  [HIToolbox+0x3256f]  RunCurrentEventLoopInMode+0xeb
C  [HIToolbox+0x321ee]  ReceiveNextEventCommon+0xb3
C  [HIToolbox+0x3212b]  _BlockUntilNextEventMatchingListInModeWithFilter+0x47
C  [AppKit+0x918ab]  _DPSNextEvent+0x3d2
C  [AppKit+0x90e58]  -[NSApplication nextEventMatchingMask:untilDate:inMode:dequeue:]+0x15a
C  [libosxapp.dylib+0x2328]  -[NSApplicationAWT nextEventMatchingMask:untilDate:inMode:dequeue:]+0x7c
C  [AppKit+0x86af3]  -[NSApplication run]+0x252
C  [libosxapp.dylib+0x1f72]  +[NSApplicationAWT runAWTLoopWithApp:]+0x9c
C  [libawt_lwawt.dylib+0x4803b]  -[AWTStarter starter:]+0x389
C  [Foundation+0x92da0]  __NSThreadPerformPerform+0x125
C  [CoreFoundation+0x80821]  __CFRUNLOOP_IS_CALLING_OUT_TO_A_SOURCE0_PERFORM_FUNCTION__+0x11
C  [CoreFoundation+0x729ad]  __CFRunLoopDoSources0+0x10d
C  [CoreFoundation+0x71fdf]  __CFRunLoopRun+0x39f
C  [CoreFoundation+0x719f8]  CFRunLoopRunSpecific+0x128
C  [java+0x646e]  CreateExecutionEnvironment+0x367
C  [java+0x203c]  JLI_Launch+0x7a0
C  [java+0x84cb]  main+0x65
C  [java+0x1894]  start+0x34
C  0x0000000000000005


---------------  P R O C E S S  ---------------

Java Threads: ( => current thread )
  0x00007fb83994a000 JavaThread "TimerQueue" daemon [_thread_blocked, id=59911, stack(0x0000000179682000,0x0000000179782000)]
  0x00007fb83b189800 JavaThread "Abandoned connection cleanup thread" daemon [_thread_blocked, id=52995, stack(0x000000012b427000,0x000000012b527000)]
  0x00007fb83a010000 JavaThread "DestroyJavaVM" [_thread_blocked, id=3331, stack(0x000000010a148000,0x000000010a248000)]
  0x00007fb839a00800 JavaThread "AWT-EventQueue-0" [_thread_in_native, id=52483, stack(0x000000012af24000,0x000000012b024000)]
  0x00007fb83a383000 JavaThread "Java2D Disposer" daemon [_thread_blocked, id=51979, stack(0x000000012ae21000,0x000000012af21000)]
  0x00007fb839be2000 JavaThread "Java2D Queue Flusher" daemon [_thread_blocked, id=50183, stack(0x0000000127e71000,0x0000000127f71000)]
  0x00007fb83b0cb800 JavaThread "AWT-Shutdown" [_thread_blocked, id=27931, stack(0x000000012769b000,0x000000012779b000)]
=>0x00007fb83a867800 JavaThread "AppKit Thread" daemon [_thread_in_native, id=1811, stack(0x00007fff56378000,0x00007fff56b78000)]
  0x00007fb83a077800 JavaThread "Service Thread" daemon [_thread_blocked, id=18179, stack(0x0000000122835000,0x0000000122935000)]
  0x00007fb839810800 JavaThread "C1 CompilerThread2" daemon [_thread_blocked, id=17667, stack(0x0000000122732000,0x0000000122832000)]
  0x00007fb83a064800 JavaThread "C2 CompilerThread1" daemon [_thread_blocked, id=17155, stack(0x000000012262f000,0x000000012272f000)]
  0x00007fb83a061000 JavaThread "C2 CompilerThread0" daemon [_thread_blocked, id=16643, stack(0x000000012252c000,0x000000012262c000)]
  0x00007fb83a060000 JavaThread "Signal Dispatcher" daemon [_thread_blocked, id=13335, stack(0x0000000122429000,0x0000000122529000)]
  0x00007fb83980d800 JavaThread "Finalizer" daemon [_thread_blocked, id=11523, stack(0x0000000120a4e000,0x0000000120b4e000)]
  0x00007fb83980a800 JavaThread "Reference Handler" daemon [_thread_blocked, id=11011, stack(0x000000012094b000,0x0000000120a4b000)]

Other Threads:
  0x00007fb83b01a000 VMThread [stack: 0x0000000120848000,0x0000000120948000] [id=10499]
  0x00007fb83a05e000 WatcherThread [stack: 0x0000000122938000,0x0000000122a38000] [id=18691]

VM state:not at safepoint (normal execution)

VM Mutex/Monitor currently owned by a thread: None

heap address: 0x0000000740000000, size: 2048 MB, Compressed Oops mode: Zero based, Oop shift amount: 3
Narrow klass base: 0x0000000000000000, Narrow klass shift: 3
Compressed class space size: 1073741824 Address: 0x00000007c0000000

Heap:
 PSYoungGen      total 44544K, used 18425K [0x0000000795580000, 0x0000000799d80000, 0x00000007c0000000)
  eden space 33280K, 55% used [0x0000000795580000,0x000000079677e508,0x0000000797600000)
  from space 11264K, 0% used [0x0000000797600000,0x0000000797600000,0x0000000798100000)
  to   space 13312K, 0% used [0x0000000799080000,0x0000000799080000,0x0000000799d80000)
 ParOldGen       total 95744K, used 15957K [0x0000000740000000, 0x0000000745d80000, 0x0000000795580000)
  object space 95744K, 16% used [0x0000000740000000,0x0000000740f95500,0x0000000745d80000)
 Metaspace       used 37778K, capacity 38364K, committed 38488K, reserved 1083392K
  class space    used 4488K, capacity 4641K, committed 4736K, reserved 1048576K

Card table byte_map: [0x0000000119fc0000,0x000000011a3c1000] byte_map_base: 0x00000001165c0000

Marking Bits: (ParMarkBitMap*) 0x0000000109a89f60
 Begin Bits: [0x000000011a975000, 0x000000011c975000)
 End Bits:   [0x000000011c975000, 0x000000011e975000)

Polling page: 0x000000010a2a5000

CodeCache: size=245760Kb used=15527Kb max_used=15838Kb free=230232Kb
 bounds [0x000000010ac00000, 0x000000010bb90000, 0x0000000119c00000]
 total_blobs=5346 nmethods=4631 adapters=627
 compilation: enabled

Compilation events (10 events):
Event: 308.701 Thread 0x00007fb83a064800 5092       4       sun.java2d.pipe.RenderQueue::unlock (4 bytes)
Event: 308.706 Thread 0x00007fb83a064800 nmethod 5092 0x000000010ad6e610 code [0x000000010ad6e760, 0x000000010ad6e928]
Event: 566.648 Thread 0x00007fb83a061000 5093       4       sun.java2d.pipe.RenderQueue::tryLock (4 bytes)
Event: 566.650 Thread 0x00007fb83a061000 nmethod 5093 0x000000010b687e10 code [0x000000010b687f60, 0x000000010b688078]
Event: 580.894 Thread 0x00007fb83a061000 5094       4       java.awt.Point::<init> (15 bytes)
Event: 580.894 Thread 0x00007fb83a061000 nmethod 5094 0x000000010add2250 code [0x000000010add23a0, 0x000000010add23f8]
Event: 582.039 Thread 0x00007fb839810800 5095   !   3       java.awt.KeyboardFocusManager::retargetFocusEvent (244 bytes)
Event: 582.042 Thread 0x00007fb839810800 nmethod 5095 0x000000010b129190 code [0x000000010b129620, 0x000000010b12c5b8]
Event: 582.640 Thread 0x00007fb83a064800 5096       4       java.security.ProtectionDomain$JavaSecurityAccessImpl::getCombinedACC (30 bytes)
Event: 582.649 Thread 0x00007fb83a064800 nmethod 5096 0x000000010ad03c10 code [0x000000010ad03da0, 0x000000010ad04158]

GC Heap History (10 events):
Event: 9.696 GC heap before
{Heap before GC invocations=5 (full 0):
 PSYoungGen      total 38400K, used 24613K [0x0000000795580000, 0x0000000798000000, 0x00000007c0000000)
  eden space 33280K, 58% used [0x0000000795580000,0x000000079688d578,0x0000000797600000)
  from space 5120K, 99% used [0x0000000797b00000,0x0000000797ffc010,0x0000000798000000)
  to   space 5120K, 0% used [0x0000000797600000,0x0000000797600000,0x0000000797b00000)
 ParOldGen       total 87552K, used 6034K [0x0000000740000000, 0x0000000745580000, 0x0000000795580000)
  object space 87552K, 6% used [0x0000000740000000,0x00000007405e48d0,0x0000000745580000)
 Metaspace       used 20839K, capacity 21032K, committed 21248K, reserved 1069056K
  class space    used 2412K, capacity 2469K, committed 2560K, reserved 1048576K
Event: 9.710 GC heap after
Heap after GC invocations=5 (full 0):
 PSYoungGen      total 37888K, used 5088K [0x0000000795580000, 0x0000000798c80000, 0x00000007c0000000)
  eden space 32768K, 0% used [0x0000000795580000,0x0000000795580000,0x0000000797580000)
  from space 5120K, 99% used [0x0000000797600000,0x0000000797af8020,0x0000000797b00000)
  to   space 11776K, 0% used [0x0000000798100000,0x0000000798100000,0x0000000798c80000)
 ParOldGen       total 87552K, used 8362K [0x0000000740000000, 0x0000000745580000, 0x0000000795580000)
  object space 87552K, 9% used [0x0000000740000000,0x000000074082a8c0,0x0000000745580000)
 Metaspace       used 20839K, capacity 21032K, committed 21248K, reserved 1069056K
  class space    used 2412K, capacity 2469K, committed 2560K, reserved 1048576K
}
Event: 9.710 GC heap before
{Heap before GC invocations=6 (full 1):
 PSYoungGen      total 37888K, used 5088K [0x0000000795580000, 0x0000000798c80000, 0x00000007c0000000)
  eden space 32768K, 0% used [0x0000000795580000,0x0000000795580000,0x0000000797580000)
  from space 5120K, 99% used [0x0000000797600000,0x0000000797af8020,0x0000000797b00000)
  to   space 11776K, 0% used [0x0000000798100000,0x0000000798100000,0x0000000798c80000)
 ParOldGen       total 87552K, used 8362K [0x0000000740000000, 0x0000000745580000, 0x0000000795580000)
  object space 87552K, 9% used [0x0000000740000000,0x000000074082a8c0,0x0000000745580000)
 Metaspace       used 20839K, capacity 21032K, committed 21248K, reserved 1069056K
  class space    used 2412K, capacity 2469K, committed 2560K, reserved 1048576K
Event: 9.780 GC heap after
Heap after GC invocations=6 (full 1):
 PSYoungGen      total 37888K, used 0K [0x0000000795580000, 0x0000000798c80000, 0x00000007c0000000)
  eden space 32768K, 0% used [0x0000000795580000,0x0000000795580000,0x0000000797580000)
  from space 5120K, 0% used [0x0000000797600000,0x0000000797600000,0x0000000797b00000)
  to   space 11776K, 0% used [0x0000000798100000,0x0000000798100000,0x0000000798c80000)
 ParOldGen       total 60928K, used 6310K [0x0000000740000000, 0x0000000743b80000, 0x0000000795580000)
  object space 60928K, 10% used [0x0000000740000000,0x0000000740629b90,0x0000000743b80000)
 Metaspace       used 20839K, capacity 21032K, committed 21248K, reserved 1069056K
  class space    used 2412K, capacity 2469K, committed 2560K, reserved 1048576K
}
Event: 12.817 GC heap before
{Heap before GC invocations=7 (full 1):
 PSYoungGen      total 37888K, used 32768K [0x0000000795580000, 0x0000000798c80000, 0x00000007c0000000)
  eden space 32768K, 100% used [0x0000000795580000,0x0000000797580000,0x0000000797580000)
  from space 5120K, 0% used [0x0000000797600000,0x0000000797600000,0x0000000797b00000)
  to   space 11776K, 0% used [0x0000000798100000,0x0000000798100000,0x0000000798c80000)
 ParOldGen       total 60928K, used 6310K [0x0000000740000000, 0x0000000743b80000, 0x0000000795580000)
  object space 60928K, 10% used [0x0000000740000000,0x0000000740629b90,0x0000000743b80000)
 Metaspace       used 25931K, capacity 26150K, committed 26368K, reserved 1073152K
  class space    used 2978K, capacity 3058K, committed 3072K, reserved 1048576K
Event: 12.832 GC heap after
Heap after GC invocations=7 (full 1):
 PSYoungGen      total 45056K, used 7181K [0x0000000795580000, 0x0000000799b00000, 0x00000007c0000000)
  eden space 33280K, 0% used [0x0000000795580000,0x0000000795580000,0x0000000797600000)
  from space 11776K, 60% used [0x0000000798100000,0x00000007988037c0,0x0000000798c80000)
  to   space 11264K, 0% used [0x0000000797600000,0x0000000797600000,0x0000000798100000)
 ParOldGen       total 60928K, used 6318K [0x0000000740000000, 0x0000000743b80000, 0x0000000795580000)
  object space 60928K, 10% used [0x0000000740000000,0x000000074062bb90,0x0000000743b80000)
 Metaspace       used 25931K, capacity 26150K, committed 26368K, reserved 1073152K
  class space    used 2978K, capacity 3058K, committed 3072K, reserved 1048576K
}
Event: 49.288 GC heap before
{Heap before GC invocations=8 (full 1):
 PSYoungGen      total 45056K, used 34787K [0x0000000795580000, 0x0000000799b00000, 0x00000007c0000000)
  eden space 33280K, 82% used [0x0000000795580000,0x00000007970755a8,0x0000000797600000)
  from space 11776K, 60% used [0x0000000798100000,0x00000007988037c0,0x0000000798c80000)
  to   space 11264K, 0% used [0x0000000797600000,0x0000000797600000,0x0000000798100000)
 ParOldGen       total 60928K, used 6318K [0x0000000740000000, 0x0000000743b80000, 0x0000000795580000)
  object space 60928K, 10% used [0x0000000740000000,0x000000074062bb90,0x0000000743b80000)
 Metaspace       used 34944K, capacity 35338K, committed 35416K, reserved 1081344K
  class space    used 4063K, capacity 4213K, committed 4224K, reserved 1048576K
Event: 49.303 GC heap after
Heap after GC invocations=8 (full 1):
 PSYoungGen      total 44544K, used 10936K [0x0000000795580000, 0x0000000799d80000, 0x00000007c0000000)
  eden space 33280K, 0% used [0x0000000795580000,0x0000000795580000,0x0000000797600000)
  from space 11264K, 97% used [0x0000000797600000,0x00000007980ae198,0x0000000798100000)
  to   space 13312K, 0% used [0x0000000799080000,0x0000000799080000,0x0000000799d80000)
 ParOldGen       total 60928K, used 6326K [0x0000000740000000, 0x0000000743b80000, 0x0000000795580000)
  object space 60928K, 10% used [0x0000000740000000,0x000000074062db90,0x0000000743b80000)
 Metaspace       used 34944K, capacity 35338K, committed 35416K, reserved 1081344K
  class space    used 4063K, capacity 4213K, committed 4224K, reserved 1048576K
}
Event: 49.303 GC heap before
{Heap before GC invocations=9 (full 2):
 PSYoungGen      total 44544K, used 10936K [0x0000000795580000, 0x0000000799d80000, 0x00000007c0000000)
  eden space 33280K, 0% used [0x0000000795580000,0x0000000795580000,0x0000000797600000)
  from space 11264K, 97% used [0x0000000797600000,0x00000007980ae198,0x0000000798100000)
  to   space 13312K, 0% used [0x0000000799080000,0x0000000799080000,0x0000000799d80000)
 ParOldGen       total 60928K, used 6326K [0x0000000740000000, 0x0000000743b80000, 0x0000000795580000)
  object space 60928K, 10% used [0x0000000740000000,0x000000074062db90,0x0000000743b80000)
 Metaspace       used 34944K, capacity 35338K, committed 35416K, reserved 1081344K
  class space    used 4063K, capacity 4213K, committed 4224K, reserved 1048576K
Event: 49.414 GC heap after
Heap after GC invocations=9 (full 2):
 PSYoungGen      total 44544K, used 0K [0x0000000795580000, 0x0000000799d80000, 0x00000007c0000000)
  eden space 33280K, 0% used [0x0000000795580000,0x0000000795580000,0x0000000797600000)
  from space 11264K, 0% used [0x0000000797600000,0x0000000797600000,0x0000000798100000)
  to   space 13312K, 0% used [0x0000000799080000,0x0000000799080000,0x0000000799d80000)
 ParOldGen       total 95744K, used 15957K [0x0000000740000000, 0x0000000745d80000, 0x0000000795580000)
  object space 95744K, 16% used [0x0000000740000000,0x0000000740f95500,0x0000000745d80000)
 Metaspace       used 34944K, capacity 35338K, committed 35416K, reserved 1081344K
  class space    used 4063K, capacity 4213K, committed 4224K, reserved 1048576K
}

Deoptimization events (10 events):
Event: 49.741 Thread 0x00007fb839a00800 Uncommon trap: reason=unstable_if action=reinterpret pc=0x000000010b7744b4 method=com.mysql.jdbc.SingleByteCharsetConverter.toBytes(Ljava/lang/String;II)[B @ 7
Event: 49.814 Thread 0x00007fb839a00800 Uncommon trap: reason=unstable_if action=reinterpret pc=0x000000010ba6c440 method=java.io.ObjectInputStream$HandleTable.markDependency(II)V @ 132
Event: 49.838 Thread 0x00007fb839a00800 Uncommon trap: reason=unstable_if action=reinterpret pc=0x000000010b9c6d8c method=sun.util.logging.PlatformLogger.isLoggable(Lsun/util/logging/PlatformLogger$Level;)Z @ 18
Event: 49.854 Thread 0x00007fb839a00800 Uncommon trap: reason=unstable_if action=reinterpret pc=0x000000010b2a0d18 method=java.lang.Integer.parseInt(Ljava/lang/String;I)I @ 108
Event: 49.871 Thread 0x00007fb839a00800 Uncommon trap: reason=bimorphic action=maybe_recompile pc=0x000000010ba03bc8 method=java.util.Hashtable.put(Ljava/lang/Object;Ljava/lang/Object;)Ljava/lang/Object; @ 60
Event: 49.872 Thread 0x00007fb839a00800 Uncommon trap: reason=bimorphic action=maybe_recompile pc=0x000000010ba03bc8 method=java.util.Hashtable.put(Ljava/lang/Object;Ljava/lang/Object;)Ljava/lang/Object; @ 60
Event: 49.872 Thread 0x00007fb839a00800 Uncommon trap: reason=bimorphic action=maybe_recompile pc=0x000000010ba03bc8 method=java.util.Hashtable.put(Ljava/lang/Object;Ljava/lang/Object;)Ljava/lang/Object; @ 60
Event: 49.872 Thread 0x00007fb839a00800 Uncommon trap: reason=bimorphic action=maybe_recompile pc=0x000000010ba03bc8 method=java.util.Hashtable.put(Ljava/lang/Object;Ljava/lang/Object;)Ljava/lang/Object; @ 60
Event: 49.935 Thread 0x00007fb839a00800 Uncommon trap: reason=predicate action=maybe_recompile pc=0x000000010b118f2c method=java.lang.String.regionMatches(ZILjava/lang/String;II)Z @ 63
Event: 51.780 Thread 0x00007fb839a00800 Uncommon trap: reason=unstable_if action=reinterpret pc=0x000000010bb3fd28 method=java.awt.EventQueue.getPriority(Ljava/awt/AWTEvent;)I @ 22

Classes redefined (0 events):
No events

Internal exceptions (10 events):
Event: 8.468 Thread 0x00007fb839a00800 Exception <a 'java/lang/NoClassDefFoundError': javax/validation/Validation> (0x000000079618add0) thrown at [/jenkins/workspace/8-2-build-macosx-x86_64/jdk8u251/737/hotspot/src/share/vm/classfile/systemDictionary.cpp, line 199]
Event: 13.750 Thread 0x00007fb839a00800 Exception <a 'java/io/FileNotFoundException'> (0x000000079598c6a8) thrown at [/jenkins/workspace/8-2-build-macosx-x86_64/jdk8u251/737/hotspot/src/share/vm/prims/jni.cpp, line 710]
Event: 13.821 Thread 0x00007fb839a00800 Exception <a 'java/io/FileNotFoundException'> (0x0000000795997e28) thrown at [/jenkins/workspace/8-2-build-macosx-x86_64/jdk8u251/737/hotspot/src/share/vm/prims/jni.cpp, line 710]
Event: 13.856 Thread 0x00007fb839a00800 Exception <a 'java/io/FileNotFoundException'> (0x00000007959c05a8) thrown at [/jenkins/workspace/8-2-build-macosx-x86_64/jdk8u251/737/hotspot/src/share/vm/prims/jni.cpp, line 710]
Event: 13.871 Thread 0x00007fb839a00800 Exception <a 'java/io/FileNotFoundException'> (0x0000000795a37308) thrown at [/jenkins/workspace/8-2-build-macosx-x86_64/jdk8u251/737/hotspot/src/share/vm/prims/jni.cpp, line 710]
Event: 16.467 Thread 0x00007fb839a00800 Implicit null exception at 0x000000010b3b30d0 to 0x000000010b3b30f1
Event: 16.468 Thread 0x00007fb839a00800 Implicit null exception at 0x000000010b0ea6f5 to 0x000000010b0ed371
Event: 16.468 Thread 0x00007fb839a00800 Implicit null exception at 0x000000010b3afc50 to 0x000000010b3afc62
Event: 49.263 Thread 0x00007fb839a00800 Exception <a 'java/lang/NoClassDefFoundError': org/apache/log4j/Category> (0x0000000796ee54d0) thrown at [/jenkins/workspace/8-2-build-macosx-x86_64/jdk8u251/737/hotspot/src/share/vm/classfile/systemDictionary.cpp, line 199]
Event: 49.422 Thread 0x00007fb83980d800 Exception <a 'java/lang/NullPointerException'> (0x00000007956387c8) thrown at [/jenkins/workspace/8-2-build-macosx-x86_64/jdk8u251/737/hotspot/src/share/vm/interpreter/linkResolver.cpp, line 1185]

Events (10 events):
Event: 138.035 Thread 0x00007fb839810800 flushing nmethod 0x000000010b4c0490
Event: 138.035 Thread 0x00007fb839810800 flushing nmethod 0x000000010b4c1e90
Event: 138.038 Thread 0x00007fb839810800 flushing nmethod 0x000000010b530690
Event: 138.038 Thread 0x00007fb839810800 flushing nmethod 0x000000010b541e50
Event: 138.038 Thread 0x00007fb839810800 flushing nmethod 0x000000010b59ee50
Event: 138.039 Thread 0x00007fb839810800 flushing nmethod 0x000000010b687e10
Event: 138.039 Thread 0x00007fb839810800 flushing nmethod 0x000000010b690bd0
Event: 138.039 Thread 0x00007fb839810800 flushing nmethod 0x000000010b69f750
Event: 138.039 Thread 0x00007fb839810800 flushing nmethod 0x000000010b6cf090
Event: 138.039 Thread 0x00007fb839810800 flushing nmethod 0x000000010b6cf610


Dynamic libraries:
0x00007fff85487000 	/System/Library/Frameworks/Cocoa.framework/Versions/A/Cocoa
0x00007fff8a133000 	/System/Library/Frameworks/Security.framework/Versions/A/Security
0x00007fff89720000 	/System/Library/Frameworks/ApplicationServices.framework/Versions/A/ApplicationServices
0x00007fff8e202000 	/usr/lib/libz.1.dylib
0x00007fff88f20000 	/usr/lib/libSystem.B.dylib
0x00007fff8be04000 	/usr/lib/libobjc.A.dylib
0x00007fff936a0000 	/System/Library/Frameworks/CoreFoundation.framework/Versions/A/CoreFoundation
0x00007fff88aa2000 	/System/Library/Frameworks/Foundation.framework/Versions/C/Foundation
0x00007fff8e52f000 	/System/Library/Frameworks/AppKit.framework/Versions/C/AppKit
0x00007fff8f3fd000 	/System/Library/Frameworks/CoreData.framework/Versions/A/CoreData
0x00007fff8daf5000 	/System/Library/PrivateFrameworks/RemoteViewServices.framework/Versions/A/RemoteViewServices
0x00007fff8fecd000 	/System/Library/PrivateFrameworks/UIFoundation.framework/Versions/A/UIFoundation
0x00007fff94768000 	/System/Library/Frameworks/IOSurface.framework/Versions/A/IOSurface
0x00007fff8f1e8000 	/System/Library/Frameworks/AudioToolbox.framework/Versions/A/AudioToolbox
0x00007fff91f2d000 	/System/Library/Frameworks/AudioUnit.framework/Versions/A/AudioUnit
0x00007fff8fbc8000 	/System/Library/PrivateFrameworks/DataDetectorsCore.framework/Versions/A/DataDetectorsCore
0x00007fff89575000 	/System/Library/PrivateFrameworks/DesktopServicesPriv.framework/Versions/A/DesktopServicesPriv
0x00007fff85bcd000 	/System/Library/Frameworks/Carbon.framework/Versions/A/Frameworks/HIToolbox.framework/Versions/A/HIToolbox
0x00007fff93383000 	/System/Library/Frameworks/QuartzCore.framework/Versions/A/QuartzCore
0x00007fff8fda3000 	/System/Library/Frameworks/Carbon.framework/Versions/A/Frameworks/SpeechRecognition.framework/Versions/A/SpeechRecognition
0x00007fff8806f000 	/usr/lib/libauto.dylib
0x00007fff916dd000 	/usr/lib/libicucore.A.dylib
0x00007fff8a3aa000 	/usr/lib/libxml2.2.dylib
0x00007fff8e403000 	/System/Library/PrivateFrameworks/CoreUI.framework/Versions/A/CoreUI
0x00007fff8ac35000 	/System/Library/Frameworks/CoreAudio.framework/Versions/A/CoreAudio
0x00007fff90ccb000 	/System/Library/Frameworks/DiskArbitration.framework/Versions/A/DiskArbitration
0x00007fff8f0e9000 	/usr/lib/liblangid.dylib
0x00007fff8db2e000 	/System/Library/PrivateFrameworks/MultitouchSupport.framework/Versions/A/MultitouchSupport
0x00007fff8d699000 	/System/Library/Frameworks/IOKit.framework/Versions/A/IOKit
0x00007fff8ae54000 	/usr/lib/libDiagnosticMessagesClient.dylib
0x00007fff90bdb000 	/System/Library/Frameworks/CoreServices.framework/Versions/A/CoreServices
0x00007fff9310d000 	/System/Library/PrivateFrameworks/PerformanceAnalysis.framework/Versions/A/PerformanceAnalysis
0x00007fff88e7d000 	/System/Library/PrivateFrameworks/GenerationalStorage.framework/Versions/A/GenerationalStorage
0x00007fff8f3ee000 	/System/Library/Frameworks/OpenGL.framework/Versions/A/OpenGL
0x00007fff90c89000 	/System/Library/PrivateFrameworks/Sharing.framework/Versions/A/Sharing
0x00007fff93efe000 	/System/Library/Frameworks/CoreGraphics.framework/Versions/A/CoreGraphics
0x00007fff8d05f000 	/System/Library/Frameworks/CoreText.framework/Versions/A/CoreText
0x00007fff92bdd000 	/System/Library/Frameworks/ImageIO.framework/Versions/A/ImageIO
0x00007fff8f817000 	/usr/lib/libextension.dylib
0x00007fff8ca2a000 	/System/Library/PrivateFrameworks/Backup.framework/Versions/A/Backup
0x00007fff94b70000 	/usr/lib/libarchive.2.dylib
0x00007fff873de000 	/System/Library/Frameworks/CFNetwork.framework/Versions/A/CFNetwork
0x00007fff8892a000 	/System/Library/Frameworks/SystemConfiguration.framework/Versions/A/SystemConfiguration
0x00007fff8a957000 	/usr/lib/libCRFSuite.dylib
0x00007fff85f54000 	/usr/lib/libc++.1.dylib
0x00007fff8814c000 	/usr/lib/libc++abi.dylib
0x00007fff8e0ff000 	/usr/lib/system/libcache.dylib
0x00007fff88eb6000 	/usr/lib/system/libcommonCrypto.dylib
0x00007fff8a973000 	/usr/lib/system/libcompiler_rt.dylib
0x00007fff853dd000 	/usr/lib/system/libcopyfile.dylib
0x00007fff8cf8a000 	/usr/lib/system/libcorecrypto.dylib
0x00007fff8de92000 	/usr/lib/system/libdispatch.dylib
0x00007fff85edf000 	/usr/lib/system/libdyld.dylib
0x00007fff8de5a000 	/usr/lib/system/libkeymgr.dylib
0x00007fff87b96000 	/usr/lib/system/liblaunch.dylib
0x00007fff8debd000 	/usr/lib/system/libmacho.dylib
0x00007fff889a3000 	/usr/lib/system/libquarantine.dylib
0x00007fff858df000 	/usr/lib/system/libremovefile.dylib
0x00007fff915e1000 	/usr/lib/system/libsystem_asl.dylib
0x00007fff85591000 	/usr/lib/system/libsystem_blocks.dylib
0x00007fff91155000 	/usr/lib/system/libsystem_c.dylib
0x00007fff8e52c000 	/usr/lib/system/libsystem_configuration.dylib
0x00007fff87b06000 	/usr/lib/system/libsystem_coreservices.dylib
0x00007fff87b09000 	/usr/lib/system/libsystem_coretls.dylib
0x00007fff8b49e000 	/usr/lib/system/libsystem_dnssd.dylib
0x00007fff8e214000 	/usr/lib/system/libsystem_info.dylib
0x00007fff93a39000 	/usr/lib/system/libsystem_kernel.dylib
0x00007fff891fe000 	/usr/lib/system/libsystem_m.dylib
0x00007fff8d805000 	/usr/lib/system/libsystem_malloc.dylib
0x00007fff90da1000 	/usr/lib/system/libsystem_network.dylib
0x00007fff947a5000 	/usr/lib/system/libsystem_networkextension.dylib
0x00007fff889cb000 	/usr/lib/system/libsystem_notify.dylib
0x00007fff85580000 	/usr/lib/system/libsystem_platform.dylib
0x00007fff8b60e000 	/usr/lib/system/libsystem_pthread.dylib
0x00007fff94942000 	/usr/lib/system/libsystem_sandbox.dylib
0x00007fff85bcb000 	/usr/lib/system/libsystem_secinit.dylib
0x00007fff90cc5000 	/usr/lib/system/libsystem_stats.dylib
0x00007fff8f144000 	/usr/lib/system/libsystem_trace.dylib
0x00007fff87b05000 	/usr/lib/system/libunc.dylib
0x00007fff93e84000 	/usr/lib/system/libunwind.dylib
0x00007fff88046000 	/usr/lib/system/libxpc.dylib
0x00007fff90c72000 	/usr/lib/libbz2.1.0.dylib
0x00007fff95066000 	/usr/lib/liblzma.5.dylib
0x00007fff8b9ae000 	/usr/lib/libbsm.0.dylib
0x00007fff92f37000 	/usr/lib/libsqlite3.dylib
0x00007fff948df000 	/usr/lib/system/libkxld.dylib
0x00007fff92d69000 	/usr/lib/libxar.1.dylib
0x00007fff8b7f4000 	/usr/lib/libpam.2.dylib
0x00007fff8a49d000 	/usr/lib/libOpenScriptingUtil.dylib
0x00007fff8f179000 	/System/Library/Frameworks/CoreServices.framework/Versions/A/Frameworks/FSEvents.framework/Versions/A/FSEvents
0x00007fff8922f000 	/System/Library/Frameworks/CoreServices.framework/Versions/A/Frameworks/CarbonCore.framework/Versions/A/CarbonCore
0x00007fff8b380000 	/System/Library/Frameworks/CoreServices.framework/Versions/A/Frameworks/Metadata.framework/Versions/A/Metadata
0x00007fff8b41f000 	/System/Library/Frameworks/CoreServices.framework/Versions/A/Frameworks/OSServices.framework/Versions/A/OSServices
0x00007fff8d179000 	/System/Library/Frameworks/CoreServices.framework/Versions/A/Frameworks/SearchKit.framework/Versions/A/SearchKit
0x00007fff8d27f000 	/System/Library/Frameworks/CoreServices.framework/Versions/A/Frameworks/AE.framework/Versions/A/AE
0x00007fff8d553000 	/System/Library/Frameworks/CoreServices.framework/Versions/A/Frameworks/LaunchServices.framework/Versions/A/LaunchServices
0x00007fff8dec8000 	/System/Library/Frameworks/CoreServices.framework/Versions/A/Frameworks/DictionaryServices.framework/Versions/A/DictionaryServices
0x00007fff858ef000 	/System/Library/Frameworks/NetFS.framework/Versions/A/NetFS
0x00007fff8b68d000 	/System/Library/PrivateFrameworks/NetAuth.framework/Versions/A/NetAuth
0x00007fff90260000 	/System/Library/PrivateFrameworks/login.framework/Versions/A/Frameworks/loginsupport.framework/Versions/A/loginsupport
0x00007fff93e4d000 	/System/Library/PrivateFrameworks/TCC.framework/Versions/A/TCC
0x00007fff90dda000 	/usr/lib/libmecabra.dylib
0x00007fff90d1e000 	/System/Library/Frameworks/ApplicationServices.framework/Versions/A/Frameworks/ATS.framework/Versions/A/ATS
0x00007fff93b06000 	/System/Library/Frameworks/ApplicationServices.framework/Versions/A/Frameworks/ColorSync.framework/Versions/A/ColorSync
0x00007fff8d234000 	/System/Library/Frameworks/ApplicationServices.framework/Versions/A/Frameworks/HIServices.framework/Versions/A/HIServices
0x00007fff93a57000 	/System/Library/Frameworks/ApplicationServices.framework/Versions/A/Frameworks/LangAnalysis.framework/Versions/A/LangAnalysis
0x00007fff8b7f9000 	/System/Library/Frameworks/ApplicationServices.framework/Versions/A/Frameworks/PrintCore.framework/Versions/A/PrintCore
0x00007fff93e91000 	/System/Library/Frameworks/ApplicationServices.framework/Versions/A/Frameworks/QD.framework/Versions/A/QD
0x00007fff889a6000 	/System/Library/Frameworks/ApplicationServices.framework/Versions/A/Frameworks/SpeechSynthesis.framework/Versions/A/SpeechSynthesis
0x00007fff8ca00000 	/System/Library/Frameworks/Accelerate.framework/Versions/A/Accelerate
0x00007fff86f87000 	/System/Library/Frameworks/Accelerate.framework/Versions/A/Frameworks/vImage.framework/Versions/A/vImage
0x00007fff889b3000 	/System/Library/Frameworks/Accelerate.framework/Versions/A/Frameworks/vecLib.framework/Versions/A/vecLib
0x00007fff8ba51000 	/System/Library/Frameworks/Accelerate.framework/Versions/A/Frameworks/vecLib.framework/Versions/A/libvDSP.dylib
0x00007fff8d728000 	/System/Library/Frameworks/Accelerate.framework/Versions/A/Frameworks/vecLib.framework/Versions/A/libvMisc.dylib
0x00007fff94c58000 	/System/Library/Frameworks/Accelerate.framework/Versions/A/Frameworks/vecLib.framework/Versions/A/libLAPACK.dylib
0x00007fff85593000 	/System/Library/Frameworks/Accelerate.framework/Versions/A/Frameworks/vecLib.framework/Versions/A/libBLAS.dylib
0x00007fff92d1b000 	/System/Library/Frameworks/Accelerate.framework/Versions/A/Frameworks/vecLib.framework/Versions/A/libLinearAlgebra.dylib
0x00007fff8b8a5000 	/System/Library/Frameworks/ApplicationServices.framework/Versions/A/Frameworks/ATS.framework/Versions/A/Resources/libFontParser.dylib
0x00007fff9330c000 	/System/Library/Frameworks/ApplicationServices.framework/Versions/A/Frameworks/ATS.framework/Versions/A/Resources/libFontRegistry.dylib
0x00007fff88e9a000 	/System/Library/PrivateFrameworks/AppleVPA.framework/Versions/A/AppleVPA
0x00007fff85495000 	/System/Library/PrivateFrameworks/AppleJPEG.framework/Versions/A/AppleJPEG
0x00007fff90015000 	/System/Library/Frameworks/ImageIO.framework/Versions/A/Resources/libJPEG.dylib
0x00007fff915f8000 	/System/Library/Frameworks/ImageIO.framework/Versions/A/Resources/libTIFF.dylib
0x00007fff8f0fb000 	/System/Library/Frameworks/ImageIO.framework/Versions/A/Resources/libPng.dylib
0x00007fff8c09a000 	/System/Library/Frameworks/ImageIO.framework/Versions/A/Resources/libGIF.dylib
0x00007fff8a5c1000 	/System/Library/Frameworks/ImageIO.framework/Versions/A/Resources/libJP2.dylib
0x00007fff93e07000 	/System/Library/Frameworks/ImageIO.framework/Versions/A/Resources/libRadiance.dylib
0x00007fff8f14b000 	/System/Library/Frameworks/CoreVideo.framework/Versions/A/CoreVideo
0x00007fff8e3c1000 	/System/Library/Frameworks/OpenGL.framework/Versions/A/Libraries/libGLU.dylib
0x00007fff8b604000 	/System/Library/Frameworks/OpenGL.framework/Versions/A/Libraries/libGFXShared.dylib
0x00007fff889b4000 	/System/Library/Frameworks/OpenGL.framework/Versions/A/Libraries/libGL.dylib
0x00007fff8e28a000 	/System/Library/Frameworks/OpenGL.framework/Versions/A/Libraries/libGLImage.dylib
0x00007fff90c6f000 	/System/Library/Frameworks/OpenGL.framework/Versions/A/Libraries/libCVMSPluginSupport.dylib
0x00007fff8d22f000 	/System/Library/Frameworks/OpenGL.framework/Versions/A/Libraries/libCoreVMClient.dylib
0x00007fff8f392000 	/usr/lib/libcups.2.dylib
0x00007fff90d03000 	/System/Library/Frameworks/Kerberos.framework/Versions/A/Kerberos
0x00007fff93ecd000 	/System/Library/Frameworks/GSS.framework/Versions/A/GSS
0x00007fff9225f000 	/usr/lib/libresolv.9.dylib
0x00007fff8a49e000 	/usr/lib/libiconv.2.dylib
0x00007fff8577e000 	/System/Library/PrivateFrameworks/Heimdal.framework/Versions/A/Heimdal
0x00007fff93ae1000 	/usr/lib/libheimdal-asn1.dylib
0x00007fff88eff000 	/System/Library/Frameworks/OpenDirectory.framework/Versions/A/OpenDirectory
0x00007fff93e0a000 	/System/Library/PrivateFrameworks/CommonAuth.framework/Versions/A/CommonAuth
0x00007fff8d215000 	/System/Library/Frameworks/OpenDirectory.framework/Versions/A/Frameworks/CFOpenDirectory.framework/Versions/A/CFOpenDirectory
0x00007fff8bc28000 	/System/Library/Frameworks/SecurityFoundation.framework/Versions/A/SecurityFoundation
0x00007fff88e22000 	/System/Library/PrivateFrameworks/LanguageModeling.framework/Versions/A/LanguageModeling
0x00007fff8d04d000 	/usr/lib/libcmph.dylib
0x00007fff8971c000 	/System/Library/Frameworks/ServiceManagement.framework/Versions/A/ServiceManagement
0x00007fff85535000 	/usr/lib/libxslt.1.dylib
0x00007fff8584a000 	/System/Library/Frameworks/Carbon.framework/Versions/A/Frameworks/Ink.framework/Versions/A/Ink
0x00007fff9126b000 	/System/Library/Frameworks/QuartzCore.framework/Versions/A/Frameworks/CoreImage.framework/Versions/A/CoreImage
0x00007fff916c8000 	/System/Library/PrivateFrameworks/CrashReporterSupport.framework/Versions/A/CrashReporterSupport
0x00007fff949d4000 	/System/Library/Frameworks/OpenCL.framework/Versions/A/OpenCL
0x00007fff8843d000 	/System/Library/PrivateFrameworks/FaceCore.framework/Versions/A/FaceCore
0x00007fff90bc0000 	/System/Library/PrivateFrameworks/Ubiquity.framework/Versions/A/Ubiquity
0x00007fff8d678000 	/System/Library/PrivateFrameworks/IconServices.framework/Versions/A/IconServices
0x00007fff85727000 	/System/Library/PrivateFrameworks/ChunkingLibrary.framework/Versions/A/ChunkingLibrary
0x00007fff947e2000 	/System/Library/PrivateFrameworks/Apple80211.framework/Versions/A/Apple80211
0x00007fff9165b000 	/System/Library/Frameworks/CoreWLAN.framework/Versions/A/CoreWLAN
0x00007fff85b18000 	/System/Library/Frameworks/IOBluetooth.framework/Versions/A/IOBluetooth
0x00007fff8b698000 	/System/Library/PrivateFrameworks/CoreWiFi.framework/Versions/A/CoreWiFi
0x00007fff880e8000 	/System/Library/Frameworks/CoreBluetooth.framework/Versions/A/CoreBluetooth
0x00007fff915a6000 	/System/Library/PrivateFrameworks/DebugSymbols.framework/Versions/A/DebugSymbols
0x00007fff90bdc000 	/System/Library/PrivateFrameworks/CoreSymbolication.framework/Versions/A/CoreSymbolication
0x00007fff8b619000 	/System/Library/PrivateFrameworks/Symbolication.framework/Versions/A/Symbolication
0x00007fff858e1000 	/System/Library/PrivateFrameworks/SpeechRecognitionCore.framework/Versions/A/SpeechRecognitionCore
0x0000000109189000 	/Library/Java/JavaVirtualMachines/jdk1.8.0_251.jdk/Contents/Home/jre/lib/server/libjvm.dylib
0x00007fff880fc000 	/usr/lib/libstdc++.6.dylib
0x000000010a261000 	/Library/Java/JavaVirtualMachines/jdk1.8.0_251.jdk/Contents/Home/jre/lib/libverify.dylib
0x000000010a26f000 	/Library/Java/JavaVirtualMachines/jdk1.8.0_251.jdk/Contents/Home/jre/lib/libjava.dylib
0x000000010a2af000 	/Library/Java/JavaVirtualMachines/jdk1.8.0_251.jdk/Contents/Home/jre/lib/libzip.dylib
0x0000000122c03000 	/Library/Java/JavaVirtualMachines/jdk1.8.0_251.jdk/Contents/Home/jre/lib/libawt.dylib
0x0000000122cac000 	/Library/Java/JavaVirtualMachines/jdk1.8.0_251.jdk/Contents/Home/jre/lib/./libmlib_image.dylib
0x0000000122d78000 	/System/Library/Frameworks/JavaVM.framework/Versions/A/Frameworks/JavaNativeFoundation.framework/Versions/A/JavaNativeFoundation
0x0000000122d8c000 	/System/Library/Frameworks/JavaVM.framework/Versions/A/Frameworks/JavaRuntimeSupport.framework/Versions/A/JavaRuntimeSupport
0x0000000122da2000 	/System/Library/Frameworks/JavaVM.framework/Versions/A/JavaVM
0x0000000122dae000 	/System/Library/PrivateFrameworks/JavaLaunching.framework/Versions/A/JavaLaunching
0x00007fff93a68000 	/System/Library/Frameworks/Carbon.framework/Versions/A/Carbon
0x00007fff8bc9d000 	/System/Library/Frameworks/Carbon.framework/Versions/A/Frameworks/CommonPanels.framework/Versions/A/CommonPanels
0x00007fff93e8d000 	/System/Library/Frameworks/Carbon.framework/Versions/A/Frameworks/Help.framework/Versions/A/Help
0x00007fff9476c000 	/System/Library/Frameworks/Carbon.framework/Versions/A/Frameworks/ImageCapture.framework/Versions/A/ImageCapture
0x00007fff8a8fb000 	/System/Library/Frameworks/Carbon.framework/Versions/A/Frameworks/OpenScripting.framework/Versions/A/OpenScripting
0x00007fff85bc9000 	/System/Library/Frameworks/Carbon.framework/Versions/A/Frameworks/Print.framework/Versions/A/Print
0x00007fff93e8a000 	/System/Library/Frameworks/Carbon.framework/Versions/A/Frameworks/SecurityHI.framework/Versions/A/SecurityHI
0x0000000122db9000 	/Library/Java/JavaVirtualMachines/jdk1.8.0_251.jdk/Contents/Home/jre/lib/libawt_lwawt.dylib
0x0000000122e74000 	/Library/Java/JavaVirtualMachines/jdk1.8.0_251.jdk/Contents/Home/jre/lib/./libosxapp.dylib
0x00007fff873db000 	/System/Library/Frameworks/ExceptionHandling.framework/Versions/A/ExceptionHandling
0x00007fff93353000 	/System/Library/PrivateFrameworks/CoreServicesInternal.framework/Versions/A/CoreServicesInternal
0x00007fff8d822000 	/System/Library/PrivateFrameworks/CloudDocs.framework/Versions/A/CloudDocs
0x00007fff92211000 	/System/Library/PrivateFrameworks/CoreDuet.framework/Versions/A/CoreDuet
0x00007fff94848000 	/System/Library/Frameworks/CloudKit.framework/Versions/A/CloudKit
0x00007fff85bbb000 	/System/Library/PrivateFrameworks/ProtocolBuffer.framework/Versions/A/ProtocolBuffer
0x00007fff8ca01000 	/System/Library/PrivateFrameworks/CoreDuetDaemonProtocol.framework/Versions/A/CoreDuetDaemonProtocol
0x00007fff94b6d000 	/System/Library/PrivateFrameworks/CoreDuetDebugLogging.framework/Versions/A/CoreDuetDebugLogging
0x00007fff92d84000 	/System/Library/PrivateFrameworks/MMCS.framework/Versions/A/MMCS
0x00007fff8d86e000 	/System/Library/Frameworks/CoreLocation.framework/Versions/A/CoreLocation
0x00007fff880b6000 	/System/Library/PrivateFrameworks/ProtectedCloudStorage.framework/Versions/A/ProtectedCloudStorage
0x00007fff8db57000 	/System/Library/PrivateFrameworks/GeoServices.framework/Versions/A/GeoServices
0x00007fff85578000 	/System/Library/Frameworks/CoreGraphics.framework/Versions/A/Resources/libCGCMS.A.dylib
0x00007fff8b752000 	/System/Library/Frameworks/CoreGraphics.framework/Versions/A/Resources/libRIP.A.dylib
0x00007fff8e1fc000 	/System/Library/Frameworks/CoreGraphics.framework/Versions/A/Resources/libCGXType.A.dylib
0x00007fff916d4000 	/System/Library/Frameworks/OpenCL.framework/Versions/A/Libraries/libcldcpuengine.dylib
0x00007fff8fdf6000 	/System/Library/PrivateFrameworks/DiskImages.framework/Versions/A/DiskImages
0x00007fff94b9c000 	/System/Library/Frameworks/DiscRecording.framework/Versions/A/DiscRecording
0x00007fff8c9f4000 	/usr/lib/libcsfde.dylib
0x00007fff8b5a7000 	/usr/lib/libcurl.4.dylib
0x00007fff85ee3000 	/System/Library/PrivateFrameworks/MediaKit.framework/Versions/A/MediaKit
0x00007fff8b9bf000 	/usr/lib/libCoreStorage.dylib
0x00007fff88877000 	/System/Library/PrivateFrameworks/EFILogin.framework/Versions/A/EFILogin
0x00007fff8b9aa000 	/usr/lib/libutil.dylib
0x00007fff8fb9e000 	/System/Library/PrivateFrameworks/FindMyDevice.framework/Versions/A/FindMyDevice
0x00007fff8f0b1000 	/System/Library/Frameworks/LDAP.framework/Versions/A/LDAP
0x00007fff89721000 	/usr/lib/libsasl2.2.dylib
0x00007fff92ed6000 	/System/Library/PrivateFrameworks/CoreDaemon.framework/Versions/B/CoreDaemon
0x00007fff93227000 	/usr/lib/libcrypto.0.9.8.dylib
0x00007fff90c66000 	/System/Library/PrivateFrameworks/AppleSRP.framework/Versions/A/AppleSRP
0x00007fff8ae39000 	/System/Library/PrivateFrameworks/TrustEvaluationAgent.framework/Versions/A/TrustEvaluationAgent
0x0000000125c10000 	cl_kernels
0x0000000125c12000 	/System/Library/Frameworks/OpenCL.framework/Versions/A/Libraries/ImageFormats/unorm8_bgra.dylib
0x0000000125c01000 	cl_kernels
0x00007fff8d004000 	/System/Library/PrivateFrameworks/FamilyControls.framework/Versions/A/FamilyControls
0x00007fff8ae48000 	/System/Library/PrivateFrameworks/CommerceKit.framework/Versions/A/Frameworks/CommerceCore.framework/Versions/A/CommerceCore
0x00007fff8abda000 	/System/Library/PrivateFrameworks/SystemAdministration.framework/Versions/A/SystemAdministration
0x00007fff8ca14000 	/System/Library/PrivateFrameworks/AppContainer.framework/Versions/A/AppContainer
0x00007fff948eb000 	/System/Library/PrivateFrameworks/SecCodeWrapper.framework/Versions/A/SecCodeWrapper
0x00007fff896b5000 	/System/Library/Frameworks/DirectoryService.framework/Versions/A/DirectoryService
0x00007fff85722000 	/System/Library/PrivateFrameworks/LoginUIKit.framework/Versions/A/Frameworks/LoginUICore.framework/Versions/A/LoginUICore
0x00007fff8a955000 	/usr/lib/libodfde.dylib
0x0000000124fad000 	/Library/Java/JavaVirtualMachines/jdk1.8.0_251.jdk/Contents/Home/jre/lib/libfontmanager.dylib
0x00000001244a8000 	/Library/Java/JavaVirtualMachines/jdk1.8.0_251.jdk/Contents/Home/jre/lib/libosxui.dylib
0x00007fff8d3a3000 	/System/Library/Frameworks/OpenGL.framework/Versions/A/Resources/GLEngine.bundle/GLEngine
0x00007fff858f7000 	/System/Library/Frameworks/OpenGL.framework/Versions/A/Libraries/libGLProgrammability.dylib
0x0000000128068000 	/System/Library/Extensions/AppleIntelHDGraphicsGLDriver.bundle/Contents/MacOS/AppleIntelHDGraphicsGLDriver
0x0000000125015000 	/System/Library/PrivateFrameworks/GPUSupport.framework/Versions/A/Libraries/libGPUSupport.dylib
0x00000001284ef000 	/System/Library/Extensions/GeForceTeslaGLDriver.bundle/Contents/MacOS/GeForceTeslaGLDriver
0x000000012a0b6000 	/System/Library/Extensions/GeForceTeslaGLDriver.bundle/Contents/MacOS/libclh.dylib
0x00007fff902c9000 	/System/Library/Frameworks/OpenGL.framework/Versions/A/Resources/GLRendererFloat.bundle/GLRendererFloat
0x00000001275aa000 	/Library/Java/JavaVirtualMachines/jdk1.8.0_251.jdk/Contents/Home/jre/lib/libsunec.dylib
0x0000000126f2e000 	/Library/Java/JavaVirtualMachines/jdk1.8.0_251.jdk/Contents/Home/jre/lib/libnio.dylib
0x00000001275d2000 	/Library/Java/JavaVirtualMachines/jdk1.8.0_251.jdk/Contents/Home/jre/lib/./libnet.dylib
0x00007fff8e302000 	/System/Library/Frameworks/ApplicationServices.framework/Versions/A/Frameworks/ATS.framework/Versions/A/Resources/libTrueTypeScaler.dylib
0x0000000177ef3000 	/Library/Java/JavaVirtualMachines/jdk1.8.0_251.jdk/Contents/Home/jre/lib/libt2k.dylib
0x00007fff90ceb000 	/System/Library/Frameworks/Accelerate.framework/Versions/A/Frameworks/vImage.framework/Versions/A/Libraries/libCGInterfaces.dylib

VM Arguments:
jvm_args: -Dfile.encoding=UTF-8 
java_command: rh.visao.RecibosVisao
java_class_path (initial): /Users/martinho/Desktop/_MAC_BK/Kitanda-Comercial/Versao_Extrato/Kitanda_retencao/SYS_KITANDA_AGT_V_1_2_4_1/lib/commons-beanutils-1.8.0.jar:/Users/martinho/Desktop/_MAC_BK/Kitanda-Comercial/Versao_Extrato/Kitanda_retencao/SYS_KITANDA_AGT_V_1_2_4_1/lib/commons-collections-2.1.1.jar:/Users/martinho/Desktop/_MAC_BK/Kitanda-Comercial/Versao_Extrato/Kitanda_retencao/SYS_KITANDA_AGT_V_1_2_4_1/lib/commons-digester-2.1.jar:/Users/martinho/Desktop/_MAC_BK/Kitanda-Comercial/Versao_Extrato/Kitanda_retencao/SYS_KITANDA_AGT_V_1_2_4_1/lib/commons-logging-1.1.1.jar:/Users/martinho/Desktop/_MAC_BK/Kitanda-Comercial/Versao_Extrato/Kitanda_retencao/SYS_KITANDA_AGT_V_1_2_4_1/lib/groovy-all-2.0.1.jar:/Users/martinho/Desktop/_MAC_BK/Kitanda-Comercial/Versao_Extrato/Kitanda_retencao/SYS_KITANDA_AGT_V_1_2_4_1/lib/iText-2.1.7.js2.jar:/Users/martinho/Desktop/_MAC_BK/Kitanda-Comercial/Versao_Extrato/Kitanda_retencao/SYS_KITANDA_AGT_V_1_2_4_1/lib/jasperreports-5.0.1.jar:/Users/martinho/Desktop/_MAC_BK/Kitanda-Comercial/Versao_Extrato/Kitanda_retencao/SYS_KITANDA_AGT_V_1_2_4_1/lib/jasperreports-extensions-3.5.3.jar:/Users/martinho/Desktop/_MAC_BK/Kitanda-Comercial/Versao_Extrato/Kitanda_retencao/SYS_KITANDA_AGT_V_1_2_4_1/lib/jcalendar-1.3.3.jar:/Users/martinho/Desktop/_MAC_BK/Kitanda-Comercial/Versao_Extrato/Kitanda_retencao/SYS_KITANDA_AGT_V_1_2_4_1/lib/jcommon-1.0.17.jar:/Users/martinho/Desktop/_MAC_BK/Kitanda-Comercial/Versao_Extrato/Kitanda_retencao/SYS_KITANDA_AGT_V_1_2_4_1/lib/jfreechart-1.0.12.jar:/Users/martinho/Desktop/_MAC_BK/Kitanda-Comercial/Versao_Extrato/Kitanda_retencao/SYS_KITANDA_AGT_V_1_2_4_1/lib/jxl-2.6.jar:/Users/martinho/Desktop/_MAC_BK/Kitanda-Comercial/Versao_Extrato/Kitanda_retencao/SYS_KITANDA_AGT_V_1_2_4_1/lib/poi-3.6-20100309.jar:/Users/martinho/Desktop/_MAC_BK/Kitanda-Comercial/Versao_Extrato/Kitanda_retencao/SYS_KITANDA_AGT_V_1_2_4_1/lib/synthetica.jar:/Users/martinho/Desktop/_MAC_BK/Kitanda-Comercial/Versao_Extrato/Kitanda_retencao/SYS
Launcher Type: SUN_STANDARD

Environment Variables:
PATH=/usr/bin:/bin:/usr/sbin:/sbin
LD_LIBRARY_PATH=/Library/Java/JavaVirtualMachines/jdk1.8.0_251.jdk/Contents/Home/jre/lib/amd64:/Library/Java/JavaVirtualMachines/jdk1.8.0_251.jdk/Contents/Home/jre/lib/i386:
SHELL=/bin/bash

Signal Handlers:
SIGSEGV: [libjvm.dylib+0x5bc2ff], sa_mask[0]=11111111011111110111111111111111, sa_flags=SA_ONSTACK|SA_RESTART|SA_SIGINFO
SIGBUS: [libjvm.dylib+0x5bc2ff], sa_mask[0]=11111111011111110111111111111111, sa_flags=SA_RESTART|SA_SIGINFO
SIGFPE: [libjvm.dylib+0x48d41c], sa_mask[0]=11111111011111110111111111111111, sa_flags=SA_RESTART|SA_SIGINFO
SIGPIPE: [libjvm.dylib+0x48d41c], sa_mask[0]=11111111011111110111111111111111, sa_flags=SA_RESTART|SA_SIGINFO
SIGXFSZ: [libjvm.dylib+0x48d41c], sa_mask[0]=11111111011111110111111111111111, sa_flags=SA_RESTART|SA_SIGINFO
SIGILL: [libjvm.dylib+0x48d41c], sa_mask[0]=11111111011111110111111111111111, sa_flags=SA_RESTART|SA_SIGINFO
SIGUSR1: SIG_DFL, sa_mask[0]=00000000000000000000000000000000, sa_flags=none
SIGUSR2: [libjvm.dylib+0x48cf3a], sa_mask[0]=00100000000000000000000000000000, sa_flags=SA_RESTART|SA_SIGINFO
SIGHUP: [libjvm.dylib+0x48b4c5], sa_mask[0]=11111111011111110111111111111111, sa_flags=SA_RESTART|SA_SIGINFO
SIGINT: SIG_IGN, sa_mask[0]=00000000000000000000000000000000, sa_flags=none
SIGTERM: [libjvm.dylib+0x48b4c5], sa_mask[0]=11111111011111110111111111111111, sa_flags=SA_RESTART|SA_SIGINFO
SIGQUIT: [libjvm.dylib+0x48b4c5], sa_mask[0]=11111111011111110111111111111111, sa_flags=SA_RESTART|SA_SIGINFO


---------------  S Y S T E M  ---------------

OS:Bsduname:Darwin 14.5.0 Darwin Kernel Version 14.5.0: Sun Jun  4 21:40:08 PDT 2017; root:xnu-2782.70.3~1/RELEASE_X86_64 x86_64
rlimit: STACK 8192k, CORE 0k, NPROC 709, NOFILE 10240, AS infinity
load average:1.58 2.13 2.00

CPU:total 4 (initial active 4) (2 cores per cpu, 2 threads per core) family 6 model 37 stepping 2, cmov, cx8, fxsr, mmx, sse, sse2, sse3, ssse3, sse4.1, sse4.2, popcnt, aes, clmul, ht, tsc, tscinvbit

Memory: 4k page, physical 8388608k(448096k free)

/proc/meminfo:


vm_info: Java HotSpot(TM) 64-Bit Server VM (25.251-b08) for bsd-amd64 JRE (1.8.0_251-b08), built on Mar 12 2020 02:36:37 by "java_re" with gcc 4.2.1 (Based on Apple Inc. build 5658) (LLVM build 2336.11.00)

time: Sun Jan 16 13:51:58 2022
timezone: WAT
elapsed time: 583 seconds (0d 0h 9m 43s)

