#
# A fatal error has been detected by the Java Runtime Environment:
#
#  SIGSEGV (0xb) at pc=0x00007fff939478d5, pid=698, tid=0x0000000000000713
#
# JRE version: Java(TM) SE Runtime Environment (8.0_251-b08) (build 1.8.0_251-b08)
# Java VM: Java HotSpot(TM) 64-Bit Server VM (25.251-b08 mixed mode bsd-amd64 compressed oops)
# Problematic frame:
# C  [libobjc.A.dylib+0x138d5]  _ZN10objc_class14nameForLoggingEv+0x15
#
# Failed to write core dump. Core dumps have been disabled. To enable core dumping, try "ulimit -c unlimited" before starting Java again
#
# If you would like to submit a bug report, please visit:
#   http://bugreport.java.com/bugreport/crash.jsp
# The crash happened outside the Java Virtual Machine in native code.
# See problematic frame for where to report the bug.
#

---------------  T H R E A D  ---------------

Current thread (0x00007fa32c078000):  JavaThread "AppKit Thread" daemon [_thread_in_native, id=1811, stack(0x00007fff53a99000,0x00007fff54299000)]

siginfo: si_signo: 11 (SIGSEGV), si_code: 1 (SEGV_MAPERR), si_addr: 0x000060c15fc103c0

Registers:
RAX=0x000060c15fc103c0, RBX=0x00007fa33067dba8, RCX=0x00000000004ec280, RDX=0x00000000000caed0
RSP=0x00007fff54294040, RBP=0x00007fff54294050, RSI=0x000000010b987a00, RDI=0x00007fa33067dba8
R8 =0x0000000000000007, R9 =0x00007fa330700000, R10=0x0000000000000080, R11=0x00007fa330700000
R12=0x0000000000000000, R13=0x00000000000f44d5, R14=0x00007fff94954684, R15=0x00007fff93957de7
RIP=0x00007fff939478d5, EFLAGS=0x0000000000010206, ERR=0x0000000000000004
  TRAPNO=0x000000000000000e

Top of Stack: (sp=0x00007fff54294040)
0x00007fff54294040:   00007fa33067dba8 00007fff94954684
0x00007fff54294050:   00007fff542940a0 00007fff9394539c
0x00007fff54294060:   00007fa33067dbc8 0000000000000000
0x00007fff54294070:   0000000000000000 00007fa3318d2400
0x00007fff54294080:   00007fa33189a610 00007fa32ac0d690
0x00007fff54294090:   00007fa33066bd60 00007fa3318d2400
0x00007fff542940a0:   00007fff542940b0 00007fff939452dd
0x00007fff542940b0:   00007fff542940c0 00007fff9b2f045c
0x00007fff542940c0:   00007fff54294420 00007fff9b1e0444
0x00007fff542940d0:   000000010b984000 0000000121a50150
0x00007fff542940e0:   00007fff54294130 0000000121a50150
0x00007fff542940f0:   000000010d446d60 0000000000001c38
0x00007fff54294100:   0000000121a50150 00007fa330947270
0x00007fff54294110:   0000000000000000 00007fa3318d2400
0x00007fff54294120:   0000000000000000 00007fa330467e70
0x00007fff54294130:   00007fa33189a600 000000000000012d
0x00007fff54294140:   00000000000f46ff 00007fa330a2d680
0x00007fff54294150:   00007fff7f21dee0 00007fa32ac0d690
0x00007fff54294160:   0000000000000071 00000000000f44d5
0x00007fff54294170:   00007fa32ac0d680 0000002800001200
0x00007fff54294180:   0000040b00000000 0000157f00000000
0x00007fff54294190:   0000000100000000 0000000000000000
0x00007fff542941a0:   0000000800000000 00007fff54294158
0x00007fff542941b0:   00007fff54294199 0000000800000000
0x00007fff542941c0:   00007fff54294100 0000000000000005
0x00007fff542941d0:   0049c10300000000 00007fa32ac0d6b4
0x00007fff542941e0:   0000000000000000 00000000000003d8
0x00007fff542941f0:   00007fa33066bd60 00007fa32af3def0
0x00007fff54294200:   00007fa3305ac070 00007fa3306638a0
0x00007fff54294210:   00007fa33066c7d0 00007fa33011fe70
0x00007fff54294220:   00007fa330772d30 00007fa3304a2090
0x00007fff54294230:   00007fa330752de0 00007fa33067a3f0 

Instructions: (pc=0x00007fff939478d5)
0x00007fff939478b5:   48 89 d7 48 89 ce e8 a7 ea ff ff 55 48 89 e5 41
0x00007fff939478c5:   56 53 48 b8 f8 ff ff ff ff 7f 00 00 48 23 47 20
0x00007fff939478d5:   81 38 00 00 00 40 72 0d 4c 8b 70 38 4d 85 f6 75
0x00007fff939478e5:   5a 48 8b 40 08 48 8b 58 18 31 f6 48 89 df e8 63 

Register to memory mapping:

RAX=0x000060c15fc103c0 is an unknown value
RBX=0x00007fa33067dba8 is an unknown value
RCX=0x00000000004ec280 is an unknown value
RDX=0x00000000000caed0 is an unknown value
RSP=0x00007fff54294040 is pointing into the stack for thread: 0x00007fa32c078000
RBP=0x00007fff54294050 is pointing into the stack for thread: 0x00007fa32c078000
RSI=0x000000010b987a00 is an unknown value
RDI=0x00007fa33067dba8 is an unknown value
R8 =0x0000000000000007 is an unknown value
R9 =0x00007fa330700000 is an unknown value
R10=0x0000000000000080 is an unknown value
R11=0x00007fa330700000 is an unknown value
R12=0x0000000000000000 is an unknown value
R13=0x00000000000f44d5 is an unknown value
R14=0x00007fff94954684 is an unknown value
R15=0x00007fff93957de7: _ZNK8objc_opt13objc_clsopt_t20getClassesAndHeadersEPKcPPvS4_+0x159d in /usr/lib/libobjc.A.dylib at 0x00007fff93934000


Stack: [0x00007fff53a99000,0x00007fff54299000],  sp=0x00007fff54294040,  free space=8172k
Native frames: (J=compiled Java code, j=interpreted, Vv=VM code, C=native code)
C  [libobjc.A.dylib+0x138d5]  _ZN10objc_class14nameForLoggingEv+0x15
C  [libobjc.A.dylib+0x1139c]  _ZN7cache_t9bad_cacheEP11objc_objectP13objc_selectorP10objc_class+0xbe
C  [libobjc.A.dylib+0x112dd]  objc_msgSend_corrupt_cache_error+0x9
C  [CoreFoundation+0x12045c]  __CFNOTIFICATIONCENTER_IS_CALLING_OUT_TO_AN_OBSERVER__+0xc
C  [CoreFoundation+0x10444]  _CFXNotificationPost+0xc44
C  [Foundation+0x7881]  -[NSNotificationCenter postNotificationName:object:userInfo:]+0x42
C  [CoreFoundation+0x12045c]  __CFNOTIFICATIONCENTER_IS_CALLING_OUT_TO_AN_OBSERVER__+0xc
C  [CoreFoundation+0xddeae]  ____CFXNotificationPostToken_block_invoke+0x8e
C  [CoreFoundation+0x8070c]  __CFRUNLOOP_IS_CALLING_OUT_TO_A_BLOCK__+0xc
C  [CoreFoundation+0x72815]  __CFRunLoopDoBlocks+0x155
C  [CoreFoundation+0x72356]  __CFRunLoopRun+0x716
C  [CoreFoundation+0x719f8]  CFRunLoopRunSpecific+0x128
C  [HIToolbox+0x3256f]  RunCurrentEventLoopInMode+0xeb
C  [HIToolbox+0x322ea]  ReceiveNextEventCommon+0x1af
C  [HIToolbox+0x3212b]  _BlockUntilNextEventMatchingListInModeWithFilter+0x47
C  [AppKit+0x918ab]  _DPSNextEvent+0x3d2
C  [AppKit+0x90e58]  -[NSApplication nextEventMatchingMask:untilDate:inMode:dequeue:]+0x15a
C  [libosxapp.dylib+0x2328]  -[NSApplicationAWT nextEventMatchingMask:untilDate:inMode:dequeue:]+0x7c
C  [AppKit+0x86af3]  -[NSApplication run]+0x252
C  [libosxapp.dylib+0x1f72]  +[NSApplicationAWT runAWTLoopWithApp:]+0x9c
C  [libawt_lwawt.dylib+0x4803b]  -[AWTStarter starter:]+0x389
C  [Foundation+0x92da0]  __NSThreadPerformPerform+0x125
C  [CoreFoundation+0x80821]  __CFRUNLOOP_IS_CALLING_OUT_TO_A_SOURCE0_PERFORM_FUNCTION__+0x11
C  [CoreFoundation+0x729ad]  __CFRunLoopDoSources0+0x10d
C  [CoreFoundation+0x71fdf]  __CFRunLoopRun+0x39f
C  [CoreFoundation+0x719f8]  CFRunLoopRunSpecific+0x128
C  [java+0x646e]  CreateExecutionEnvironment+0x367
C  [java+0x203c]  JLI_Launch+0x7a0
C  [java+0x84cb]  main+0x65
C  [java+0x1894]  start+0x34
C  0x0000000000000005


---------------  P R O C E S S  ---------------

Java Threads: ( => current thread )
  0x00007fa32b7f6000 JavaThread "Thread-6" [_thread_blocked, id=64747, stack(0x0000000187fa8000,0x00000001880a8000)]
  0x00007fa32b22e800 JavaThread "Thread-5" [_thread_blocked, id=62455, stack(0x000000017e860000,0x000000017e960000)]
  0x00007fa32d2f7800 JavaThread "TimerQueue" daemon [_thread_blocked, id=59327, stack(0x000000017b986000,0x000000017ba86000)]
  0x00007fa32d440800 JavaThread "pool-1-thread-1" [_thread_blocked, id=54539, stack(0x0000000179801000,0x0000000179901000)]
  0x00007fa32cbae000 JavaThread "Abandoned connection cleanup thread" daemon [_thread_blocked, id=13063, stack(0x00000001792fe000,0x00000001793fe000)]
  0x00007fa32d160800 JavaThread "SyntheticaCleanerThread" daemon [_thread_blocked, id=53259, stack(0x000000012d2e2000,0x000000012d3e2000)]
  0x00007fa32bb9b800 JavaThread "DestroyJavaVM" [_thread_blocked, id=3331, stack(0x000000010ca27000,0x000000010cb27000)]
  0x00007fa32bb9a800 JavaThread "AWT-EventQueue-0" [_thread_blocked, id=52751, stack(0x000000012a64f000,0x000000012a74f000)]
  0x00007fa32d29f000 JavaThread "Java2D Disposer" daemon [_thread_blocked, id=52235, stack(0x000000012a54c000,0x000000012a64c000)]
  0x00007fa32bba9000 JavaThread "Java2D Queue Flusher" daemon [_thread_blocked, id=51207, stack(0x0000000129b6b000,0x0000000129c6b000)]
  0x00007fa32d0ea000 JavaThread "AWT-Shutdown" [_thread_blocked, id=27671, stack(0x000000012a953000,0x000000012aa53000)]
=>0x00007fa32c078000 JavaThread "AppKit Thread" daemon [_thread_in_native, id=1811, stack(0x00007fff53a99000,0x00007fff54299000)]
  0x00007fa32c003800 JavaThread "Service Thread" daemon [_thread_blocked, id=17923, stack(0x000000012508d000,0x000000012518d000)]
  0x00007fa32c891800 JavaThread "C1 CompilerThread2" daemon [_thread_blocked, id=17411, stack(0x0000000124f8a000,0x000000012508a000)]
  0x00007fa32b02e000 JavaThread "C2 CompilerThread1" daemon [_thread_blocked, id=16899, stack(0x0000000124e87000,0x0000000124f87000)]
  0x00007fa32c87e800 JavaThread "C2 CompilerThread0" daemon [_thread_blocked, id=16387, stack(0x0000000124d84000,0x0000000124e84000)]
  0x00007fa32c888800 JavaThread "Signal Dispatcher" daemon [_thread_blocked, id=14103, stack(0x0000000124c81000,0x0000000124d81000)]
  0x00007fa32c002800 JavaThread "Finalizer" daemon [_thread_blocked, id=11523, stack(0x0000000123329000,0x0000000123429000)]
  0x00007fa32c858000 JavaThread "Reference Handler" daemon [_thread_blocked, id=11011, stack(0x0000000123226000,0x0000000123326000)]

Other Threads:
  0x00007fa32c000000 VMThread [stack: 0x0000000123123000,0x0000000123223000] [id=10499]
  0x00007fa32b022000 WatcherThread [stack: 0x0000000125190000,0x0000000125290000] [id=18435]

VM state:not at safepoint (normal execution)

VM Mutex/Monitor currently owned by a thread: None

heap address: 0x0000000740000000, size: 2048 MB, Compressed Oops mode: Zero based, Oop shift amount: 3
Narrow klass base: 0x0000000000000000, Narrow klass shift: 3
Compressed class space size: 1073741824 Address: 0x00000007c0000000

Heap:
 PSYoungGen      total 74240K, used 32310K [0x0000000795580000, 0x000000079b300000, 0x00000007c0000000)
  eden space 54784K, 56% used [0x0000000795580000,0x00000007973dff98,0x0000000798b00000)
  from space 19456K, 6% used [0x000000079a000000,0x000000079a12dac0,0x000000079b300000)
  to   space 20480K, 0% used [0x0000000798b00000,0x0000000798b00000,0x0000000799f00000)
 ParOldGen       total 100864K, used 24592K [0x0000000740000000, 0x0000000746280000, 0x0000000795580000)
  object space 100864K, 24% used [0x0000000740000000,0x0000000741804228,0x0000000746280000)
 Metaspace       used 42051K, capacity 42508K, committed 42752K, reserved 1087488K
  class space    used 4925K, capacity 5072K, committed 5120K, reserved 1048576K

Card table byte_map: [0x000000011c7c0000,0x000000011cbc1000] byte_map_base: 0x0000000118dc0000

Marking Bits: (ParMarkBitMap*) 0x000000010c368f60
 Begin Bits: [0x000000011d278000, 0x000000011f278000)
 End Bits:   [0x000000011f278000, 0x0000000121278000)

Polling page: 0x000000010cb84000

CodeCache: size=245760Kb used=22302Kb max_used=22310Kb free=223457Kb
 bounds [0x000000010d400000, 0x000000010ea00000, 0x000000011c400000]
 total_blobs=7297 nmethods=6527 adapters=679
 compilation: enabled

Compilation events (10 events):
Event: 1069.973 Thread 0x00007fa32c891800 7693       1       javax.swing.JScrollPane::getColumnHeader (5 bytes)
Event: 1069.973 Thread 0x00007fa32c891800 nmethod 7693 0x000000010e549350 code [0x000000010e5494a0, 0x000000010e5495b0]
Event: 1070.471 Thread 0x00007fa32c87e800 7694   !   4       javax.swing.JComponent::paintComponent (44 bytes)
Event: 1070.480 Thread 0x00007fa32c87e800 nmethod 7694 0x000000010e68ae10 code [0x000000010e68afc0, 0x000000010e68b438]
Event: 1072.501 Thread 0x00007fa32c891800 7695       1       javax.swing.JScrollPane::getRowHeader (5 bytes)
Event: 1072.501 Thread 0x00007fa32c891800 nmethod 7695 0x000000010e549090 code [0x000000010e5491e0, 0x000000010e5492f0]
Event: 1072.501 Thread 0x00007fa32c891800 7696       1       javax.swing.JViewport::isOptimizedDrawingEnabled (2 bytes)
Event: 1072.501 Thread 0x00007fa32c891800 nmethod 7696 0x000000010e68ab50 code [0x000000010e68aca0, 0x000000010e68adb0]
Event: 1073.479 Thread 0x00007fa32c891800 7697   !   3       java.awt.KeyboardFocusManager::getGlobalFocusedWindow (20 bytes)
Event: 1073.479 Thread 0x00007fa32c891800 nmethod 7697 0x000000010e53a150 code [0x000000010e53a300, 0x000000010e53a788]

GC Heap History (10 events):
Event: 33.496 GC heap before
{Heap before GC invocations=9 (full 2):
 PSYoungGen      total 59904K, used 48128K [0x0000000795580000, 0x0000000799d00000, 0x00000007c0000000)
  eden space 48128K, 100% used [0x0000000795580000,0x0000000798480000,0x0000000798480000)
  from space 11776K, 0% used [0x0000000799000000,0x0000000799000000,0x0000000799b80000)
  to   space 11776K, 0% used [0x0000000798480000,0x0000000798480000,0x0000000799000000)
 ParOldGen       total 100864K, used 12989K [0x0000000740000000, 0x0000000746280000, 0x0000000795580000)
  object space 100864K, 12% used [0x0000000740000000,0x0000000740caf608,0x0000000746280000)
 Metaspace       used 38096K, capacity 38546K, committed 38784K, reserved 1083392K
  class space    used 4583K, capacity 4727K, committed 4736K, reserved 1048576K
Event: 33.515 GC heap after
Heap after GC invocations=9 (full 2):
 PSYoungGen      total 59904K, used 9944K [0x0000000795580000, 0x000000079ad00000, 0x00000007c0000000)
  eden space 48128K, 0% used [0x0000000795580000,0x0000000795580000,0x0000000798480000)
  from space 11776K, 84% used [0x0000000798480000,0x0000000798e36260,0x0000000799000000)
  to   space 12800K, 0% used [0x000000079a080000,0x000000079a080000,0x000000079ad00000)
 ParOldGen       total 100864K, used 25111K [0x0000000740000000, 0x0000000746280000, 0x0000000795580000)
  object space 100864K, 24% used [0x0000000740000000,0x0000000741885f18,0x0000000746280000)
 Metaspace       used 38096K, capacity 38546K, committed 38784K, reserved 1083392K
  class space    used 4583K, capacity 4727K, committed 4736K, reserved 1048576K
}
Event: 58.982 GC heap before
{Heap before GC invocations=10 (full 2):
 PSYoungGen      total 59904K, used 38202K [0x0000000795580000, 0x000000079ad00000, 0x00000007c0000000)
  eden space 48128K, 58% used [0x0000000795580000,0x00000007971188c0,0x0000000798480000)
  from space 11776K, 84% used [0x0000000798480000,0x0000000798e36260,0x0000000799000000)
  to   space 12800K, 0% used [0x000000079a080000,0x000000079a080000,0x000000079ad00000)
 ParOldGen       total 100864K, used 25111K [0x0000000740000000, 0x0000000746280000, 0x0000000795580000)
  object space 100864K, 24% used [0x0000000740000000,0x0000000741885f18,0x0000000746280000)
 Metaspace       used 40566K, capacity 41074K, committed 41472K, reserved 1085440K
  class space    used 4837K, capacity 5003K, committed 5120K, reserved 1048576K
Event: 59.008 GC heap after
Heap after GC invocations=10 (full 2):
 PSYoungGen      total 69632K, used 12784K [0x0000000795580000, 0x000000079bb00000, 0x00000007c0000000)
  eden space 56832K, 0% used [0x0000000795580000,0x0000000795580000,0x0000000798d00000)
  from space 12800K, 99% used [0x000000079a080000,0x000000079acfc000,0x000000079ad00000)
  to   space 19968K, 0% used [0x0000000798d00000,0x0000000798d00000,0x000000079a080000)
 ParOldGen       total 100864K, used 37479K [0x0000000740000000, 0x0000000746280000, 0x0000000795580000)
  object space 100864K, 37% used [0x0000000740000000,0x0000000742499f98,0x0000000746280000)
 Metaspace       used 40566K, capacity 41074K, committed 41472K, reserved 1085440K
  class space    used 4837K, capacity 5003K, committed 5120K, reserved 1048576K
}
Event: 59.008 GC heap before
{Heap before GC invocations=11 (full 3):
 PSYoungGen      total 69632K, used 12784K [0x0000000795580000, 0x000000079bb00000, 0x00000007c0000000)
  eden space 56832K, 0% used [0x0000000795580000,0x0000000795580000,0x0000000798d00000)
  from space 12800K, 99% used [0x000000079a080000,0x000000079acfc000,0x000000079ad00000)
  to   space 19968K, 0% used [0x0000000798d00000,0x0000000798d00000,0x000000079a080000)
 ParOldGen       total 100864K, used 37479K [0x0000000740000000, 0x0000000746280000, 0x0000000795580000)
  object space 100864K, 37% used [0x0000000740000000,0x0000000742499f98,0x0000000746280000)
 Metaspace       used 40566K, capacity 41074K, committed 41472K, reserved 1085440K
  class space    used 4837K, capacity 5003K, committed 5120K, reserved 1048576K
Event: 59.252 GC heap after
Heap after GC invocations=11 (full 3):
 PSYoungGen      total 69632K, used 0K [0x0000000795580000, 0x000000079bb00000, 0x00000007c0000000)
  eden space 56832K, 0% used [0x0000000795580000,0x0000000795580000,0x0000000798d00000)
  from space 12800K, 0% used [0x000000079a080000,0x000000079a080000,0x000000079ad00000)
  to   space 19968K, 0% used [0x0000000798d00000,0x0000000798d00000,0x000000079a080000)
 ParOldGen       total 100864K, used 24576K [0x0000000740000000, 0x0000000746280000, 0x0000000795580000)
  object space 100864K, 24% used [0x0000000740000000,0x0000000741800228,0x0000000746280000)
 Metaspace       used 40566K, capacity 41074K, committed 41472K, reserved 1085440K
  class space    used 4837K, capacity 5003K, committed 5120K, reserved 1048576K
}
Event: 420.514 GC heap before
{Heap before GC invocations=12 (full 3):
 PSYoungGen      total 69632K, used 56832K [0x0000000795580000, 0x000000079bb00000, 0x00000007c0000000)
  eden space 56832K, 100% used [0x0000000795580000,0x0000000798d00000,0x0000000798d00000)
  from space 12800K, 0% used [0x000000079a080000,0x000000079a080000,0x000000079ad00000)
  to   space 19968K, 0% used [0x0000000798d00000,0x0000000798d00000,0x000000079a080000)
 ParOldGen       total 100864K, used 24576K [0x0000000740000000, 0x0000000746280000, 0x0000000795580000)
  object space 100864K, 24% used [0x0000000740000000,0x0000000741800228,0x0000000746280000)
 Metaspace       used 41382K, capacity 41868K, committed 42240K, reserved 1087488K
  class space    used 4871K, capacity 5008K, committed 5120K, reserved 1048576K
Event: 420.518 GC heap after
Heap after GC invocations=12 (full 3):
 PSYoungGen      total 57344K, used 1088K [0x0000000795580000, 0x000000079b400000, 0x00000007c0000000)
  eden space 55808K, 0% used [0x0000000795580000,0x0000000795580000,0x0000000798c00000)
  from space 1536K, 70% used [0x0000000798d00000,0x0000000798e10000,0x0000000798e80000)
  to   space 20480K, 0% used [0x000000079a000000,0x000000079a000000,0x000000079b400000)
 ParOldGen       total 100864K, used 24584K [0x0000000740000000, 0x0000000746280000, 0x0000000795580000)
  object space 100864K, 24% used [0x0000000740000000,0x0000000741802228,0x0000000746280000)
 Metaspace       used 41382K, capacity 41868K, committed 42240K, reserved 1087488K
  class space    used 4871K, capacity 5008K, committed 5120K, reserved 1048576K
}
Event: 991.418 GC heap before
{Heap before GC invocations=13 (full 3):
 PSYoungGen      total 57344K, used 56896K [0x0000000795580000, 0x000000079b400000, 0x00000007c0000000)
  eden space 55808K, 100% used [0x0000000795580000,0x0000000798c00000,0x0000000798c00000)
  from space 1536K, 70% used [0x0000000798d00000,0x0000000798e10000,0x0000000798e80000)
  to   space 20480K, 0% used [0x000000079a000000,0x000000079a000000,0x000000079b400000)
 ParOldGen       total 100864K, used 24584K [0x0000000740000000, 0x0000000746280000, 0x0000000795580000)
  object space 100864K, 24% used [0x0000000740000000,0x0000000741802228,0x0000000746280000)
 Metaspace       used 41435K, capacity 41932K, committed 42240K, reserved 1087488K
  class space    used 4871K, capacity 5008K, committed 5120K, reserved 1048576K
Event: 991.423 GC heap after
Heap after GC invocations=13 (full 3):
 PSYoungGen      total 74240K, used 1206K [0x0000000795580000, 0x000000079b300000, 0x00000007c0000000)
  eden space 54784K, 0% used [0x0000000795580000,0x0000000795580000,0x0000000798b00000)
  from space 19456K, 6% used [0x000000079a000000,0x000000079a12dac0,0x000000079b300000)
  to   space 20480K, 0% used [0x0000000798b00000,0x0000000798b00000,0x0000000799f00000)
 ParOldGen       total 100864K, used 24592K [0x0000000740000000, 0x0000000746280000, 0x0000000795580000)
  object space 100864K, 24% used [0x0000000740000000,0x0000000741804228,0x0000000746280000)
 Metaspace       used 41435K, capacity 41932K, committed 42240K, reserved 1087488K
  class space    used 4871K, capacity 5008K, committed 5120K, reserved 1048576K
}

Deoptimization events (10 events):
Event: 1061.663 Thread 0x00007fa32bb9a800 Uncommon trap: reason=bimorphic action=maybe_recompile pc=0x000000010e39e0f4 method=javax.swing.GroupLayout$Group.calculateSize(II)I @ 57
Event: 1061.698 Thread 0x00007fa32bb9a800 Uncommon trap: reason=speculate_class_check action=maybe_recompile pc=0x000000010ddb06bc method=java.util.HashMap.removeNode(ILjava/lang/Object;Ljava/lang/Object;ZZ)Ljava/util/HashMap$Node; @ 283
Event: 1067.272 Thread 0x00007fa32bb9a800 Uncommon trap: reason=class_check action=maybe_recompile pc=0x000000010e9c4150 method=java.awt.Component.dispatchEventImpl(Ljava/awt/AWTEvent;)V @ 473
Event: 1067.272 Thread 0x00007fa32bb9a800 Uncommon trap: reason=class_check action=maybe_recompile pc=0x000000010e088048 method=java.awt.Component.processEvent(Ljava/awt/AWTEvent;)V @ 121
Event: 1067.288 Thread 0x00007fa32bb9a800 Uncommon trap: reason=class_check action=maybe_recompile pc=0x000000010e9c4150 method=java.awt.Component.dispatchEventImpl(Ljava/awt/AWTEvent;)V @ 473
Event: 1067.288 Thread 0x00007fa32bb9a800 Uncommon trap: reason=class_check action=maybe_recompile pc=0x000000010e088048 method=java.awt.Component.processEvent(Ljava/awt/AWTEvent;)V @ 121
Event: 1067.288 Thread 0x00007fa32bb9a800 Uncommon trap: reason=class_check action=maybe_recompile pc=0x000000010e088048 method=java.awt.Component.processEvent(Ljava/awt/AWTEvent;)V @ 121
Event: 1067.368 Thread 0x00007fa32bb9a800 Uncommon trap: reason=class_check action=maybe_recompile pc=0x000000010e9c4150 method=java.awt.Component.dispatchEventImpl(Ljava/awt/AWTEvent;)V @ 473
Event: 1067.368 Thread 0x00007fa32bb9a800 Uncommon trap: reason=class_check action=maybe_recompile pc=0x000000010e088048 method=java.awt.Component.processEvent(Ljava/awt/AWTEvent;)V @ 121
Event: 1067.375 Thread 0x00007fa32bb9a800 Uncommon trap: reason=class_check action=maybe_recompile pc=0x000000010e9c4150 method=java.awt.Component.dispatchEventImpl(Ljava/awt/AWTEvent;)V @ 473

Classes redefined (0 events):
No events

Internal exceptions (10 events):
Event: 991.423 Thread 0x00007fa32bb9a800 Implicit null exception at 0x000000010df10800 to 0x000000010df11cf1
Event: 992.928 Thread 0x00007fa32bb9a800 Implicit null exception at 0x000000010e9ea161 to 0x000000010e9eef29
Event: 1060.704 Thread 0x00007fa32bb9a800 Implicit null exception at 0x000000010e123be9 to 0x000000010e123df1
Event: 1060.953 Thread 0x00007fa32bb9a800 Exception <a 'java/io/FileNotFoundException'> (0x0000000796983360) thrown at [/jenkins/workspace/8-2-build-macosx-x86_64/jdk8u251/737/hotspot/src/share/vm/prims/jni.cpp, line 710]
Event: 1060.984 Thread 0x00007fa32bb9a800 Exception <a 'java/io/FileNotFoundException'> (0x000000079698b350) thrown at [/jenkins/workspace/8-2-build-macosx-x86_64/jdk8u251/737/hotspot/src/share/vm/prims/jni.cpp, line 710]
Event: 1061.075 Thread 0x00007fa32bb9a800 Exception <a 'java/io/FileNotFoundException'> (0x00000007969e0808) thrown at [/jenkins/workspace/8-2-build-macosx-x86_64/jdk8u251/737/hotspot/src/share/vm/prims/jni.cpp, line 710]
Event: 1061.115 Thread 0x00007fa32bb9a800 Exception <a 'java/io/FileNotFoundException'> (0x00000007969ec620) thrown at [/jenkins/workspace/8-2-build-macosx-x86_64/jdk8u251/737/hotspot/src/share/vm/prims/jni.cpp, line 710]
Event: 1061.174 Thread 0x00007fa32bb9a800 Exception <a 'java/io/FileNotFoundException'> (0x00000007969ff488) thrown at [/jenkins/workspace/8-2-build-macosx-x86_64/jdk8u251/737/hotspot/src/share/vm/prims/jni.cpp, line 710]
Event: 1061.238 Thread 0x00007fa32bb9a800 Exception <a 'java/io/FileNotFoundException'> (0x0000000796a167c0) thrown at [/jenkins/workspace/8-2-build-macosx-x86_64/jdk8u251/737/hotspot/src/share/vm/prims/jni.cpp, line 710]
Event: 1061.476 Thread 0x00007fa32bb9a800 Exception <a 'java/lang/NullPointerException'> (0x0000000796b5c640) thrown at [/jenkins/workspace/8-2-build-macosx-x86_64/jdk8u251/737/hotspot/src/share/vm/interpreter/linkResolver.cpp, line 1185]

Events (10 events):
Event: 1067.288 Thread 0x00007fa32bb9a800 DEOPT UNPACKING pc=0x000000010d44573a sp=0x000000012a74c980 mode 2
Event: 1067.368 Thread 0x00007fa32bb9a800 Uncommon trap: trap_request=0xffffffde fr.pc=0x000000010e9c4150
Event: 1067.368 Thread 0x00007fa32bb9a800 DEOPT PACKING pc=0x000000010e9c4150 sp=0x000000012a74ca40
Event: 1067.368 Thread 0x00007fa32bb9a800 DEOPT UNPACKING pc=0x000000010d44573a sp=0x000000012a74ca38 mode 2
Event: 1067.368 Thread 0x00007fa32bb9a800 Uncommon trap: trap_request=0xffffffde fr.pc=0x000000010e088048
Event: 1067.368 Thread 0x00007fa32bb9a800 DEOPT PACKING pc=0x000000010e088048 sp=0x000000012a74c9c0
Event: 1067.368 Thread 0x00007fa32bb9a800 DEOPT UNPACKING pc=0x000000010d44573a sp=0x000000012a74c970 mode 2
Event: 1067.375 Thread 0x00007fa32bb9a800 Uncommon trap: trap_request=0xffffffde fr.pc=0x000000010e9c4150
Event: 1067.375 Thread 0x00007fa32bb9a800 DEOPT PACKING pc=0x000000010e9c4150 sp=0x000000012a74ca40
Event: 1067.375 Thread 0x00007fa32bb9a800 DEOPT UNPACKING pc=0x000000010d44573a sp=0x000000012a74ca38 mode 2


Dynamic libraries:
0x00007fff8cfb7000 	/System/Library/Frameworks/Cocoa.framework/Versions/A/Cocoa
0x00007fff91c63000 	/System/Library/Frameworks/Security.framework/Versions/A/Security
0x00007fff91250000 	/System/Library/Frameworks/ApplicationServices.framework/Versions/A/ApplicationServices
0x00007fff95d32000 	/usr/lib/libz.1.dylib
0x00007fff90a50000 	/usr/lib/libSystem.B.dylib
0x00007fff93934000 	/usr/lib/libobjc.A.dylib
0x00007fff9b1d0000 	/System/Library/Frameworks/CoreFoundation.framework/Versions/A/CoreFoundation
0x00007fff905d2000 	/System/Library/Frameworks/Foundation.framework/Versions/C/Foundation
0x00007fff9605f000 	/System/Library/Frameworks/AppKit.framework/Versions/C/AppKit
0x00007fff96f2d000 	/System/Library/Frameworks/CoreData.framework/Versions/A/CoreData
0x00007fff95625000 	/System/Library/PrivateFrameworks/RemoteViewServices.framework/Versions/A/RemoteViewServices
0x00007fff979fd000 	/System/Library/PrivateFrameworks/UIFoundation.framework/Versions/A/UIFoundation
0x00007fff9c298000 	/System/Library/Frameworks/IOSurface.framework/Versions/A/IOSurface
0x00007fff96d18000 	/System/Library/Frameworks/AudioToolbox.framework/Versions/A/AudioToolbox
0x00007fff99a5d000 	/System/Library/Frameworks/AudioUnit.framework/Versions/A/AudioUnit
0x00007fff976f8000 	/System/Library/PrivateFrameworks/DataDetectorsCore.framework/Versions/A/DataDetectorsCore
0x00007fff910a5000 	/System/Library/PrivateFrameworks/DesktopServicesPriv.framework/Versions/A/DesktopServicesPriv
0x00007fff8d6fd000 	/System/Library/Frameworks/Carbon.framework/Versions/A/Frameworks/HIToolbox.framework/Versions/A/HIToolbox
0x00007fff9aeb3000 	/System/Library/Frameworks/QuartzCore.framework/Versions/A/QuartzCore
0x00007fff978d3000 	/System/Library/Frameworks/Carbon.framework/Versions/A/Frameworks/SpeechRecognition.framework/Versions/A/SpeechRecognition
0x00007fff8fb9f000 	/usr/lib/libauto.dylib
0x00007fff9920d000 	/usr/lib/libicucore.A.dylib
0x00007fff91eda000 	/usr/lib/libxml2.2.dylib
0x00007fff95f33000 	/System/Library/PrivateFrameworks/CoreUI.framework/Versions/A/CoreUI
0x00007fff92765000 	/System/Library/Frameworks/CoreAudio.framework/Versions/A/CoreAudio
0x00007fff987fb000 	/System/Library/Frameworks/DiskArbitration.framework/Versions/A/DiskArbitration
0x00007fff96c19000 	/usr/lib/liblangid.dylib
0x00007fff9565e000 	/System/Library/PrivateFrameworks/MultitouchSupport.framework/Versions/A/MultitouchSupport
0x00007fff951c9000 	/System/Library/Frameworks/IOKit.framework/Versions/A/IOKit
0x00007fff92984000 	/usr/lib/libDiagnosticMessagesClient.dylib
0x00007fff9870b000 	/System/Library/Frameworks/CoreServices.framework/Versions/A/CoreServices
0x00007fff9ac3d000 	/System/Library/PrivateFrameworks/PerformanceAnalysis.framework/Versions/A/PerformanceAnalysis
0x00007fff909ad000 	/System/Library/PrivateFrameworks/GenerationalStorage.framework/Versions/A/GenerationalStorage
0x00007fff96f1e000 	/System/Library/Frameworks/OpenGL.framework/Versions/A/OpenGL
0x00007fff987b9000 	/System/Library/PrivateFrameworks/Sharing.framework/Versions/A/Sharing
0x00007fff9ba2e000 	/System/Library/Frameworks/CoreGraphics.framework/Versions/A/CoreGraphics
0x00007fff94b8f000 	/System/Library/Frameworks/CoreText.framework/Versions/A/CoreText
0x00007fff9a70d000 	/System/Library/Frameworks/ImageIO.framework/Versions/A/ImageIO
0x00007fff97347000 	/usr/lib/libextension.dylib
0x00007fff9455a000 	/System/Library/PrivateFrameworks/Backup.framework/Versions/A/Backup
0x00007fff9c6a0000 	/usr/lib/libarchive.2.dylib
0x00007fff8ef0e000 	/System/Library/Frameworks/CFNetwork.framework/Versions/A/CFNetwork
0x00007fff9045a000 	/System/Library/Frameworks/SystemConfiguration.framework/Versions/A/SystemConfiguration
0x00007fff92487000 	/usr/lib/libCRFSuite.dylib
0x00007fff8da84000 	/usr/lib/libc++.1.dylib
0x00007fff8fc7c000 	/usr/lib/libc++abi.dylib
0x00007fff95c2f000 	/usr/lib/system/libcache.dylib
0x00007fff909e6000 	/usr/lib/system/libcommonCrypto.dylib
0x00007fff924a3000 	/usr/lib/system/libcompiler_rt.dylib
0x00007fff8cf0d000 	/usr/lib/system/libcopyfile.dylib
0x00007fff94aba000 	/usr/lib/system/libcorecrypto.dylib
0x00007fff959c2000 	/usr/lib/system/libdispatch.dylib
0x00007fff8da0f000 	/usr/lib/system/libdyld.dylib
0x00007fff9598a000 	/usr/lib/system/libkeymgr.dylib
0x00007fff8f6c6000 	/usr/lib/system/liblaunch.dylib
0x00007fff959ed000 	/usr/lib/system/libmacho.dylib
0x00007fff904d3000 	/usr/lib/system/libquarantine.dylib
0x00007fff8d40f000 	/usr/lib/system/libremovefile.dylib
0x00007fff99111000 	/usr/lib/system/libsystem_asl.dylib
0x00007fff8d0c1000 	/usr/lib/system/libsystem_blocks.dylib
0x00007fff98c85000 	/usr/lib/system/libsystem_c.dylib
0x00007fff9605c000 	/usr/lib/system/libsystem_configuration.dylib
0x00007fff8f636000 	/usr/lib/system/libsystem_coreservices.dylib
0x00007fff8f639000 	/usr/lib/system/libsystem_coretls.dylib
0x00007fff92fce000 	/usr/lib/system/libsystem_dnssd.dylib
0x00007fff95d44000 	/usr/lib/system/libsystem_info.dylib
0x00007fff9b569000 	/usr/lib/system/libsystem_kernel.dylib
0x00007fff90d2e000 	/usr/lib/system/libsystem_m.dylib
0x00007fff95335000 	/usr/lib/system/libsystem_malloc.dylib
0x00007fff988d1000 	/usr/lib/system/libsystem_network.dylib
0x00007fff9c2d5000 	/usr/lib/system/libsystem_networkextension.dylib
0x00007fff904fb000 	/usr/lib/system/libsystem_notify.dylib
0x00007fff8d0b0000 	/usr/lib/system/libsystem_platform.dylib
0x00007fff9313e000 	/usr/lib/system/libsystem_pthread.dylib
0x00007fff9c472000 	/usr/lib/system/libsystem_sandbox.dylib
0x00007fff8d6fb000 	/usr/lib/system/libsystem_secinit.dylib
0x00007fff987f5000 	/usr/lib/system/libsystem_stats.dylib
0x00007fff96c74000 	/usr/lib/system/libsystem_trace.dylib
0x00007fff8f635000 	/usr/lib/system/libunc.dylib
0x00007fff9b9b4000 	/usr/lib/system/libunwind.dylib
0x00007fff8fb76000 	/usr/lib/system/libxpc.dylib
0x00007fff987a2000 	/usr/lib/libbz2.1.0.dylib
0x00007fff9cb96000 	/usr/lib/liblzma.5.dylib
0x00007fff934de000 	/usr/lib/libbsm.0.dylib
0x00007fff9aa67000 	/usr/lib/libsqlite3.dylib
0x00007fff9c40f000 	/usr/lib/system/libkxld.dylib
0x00007fff9a899000 	/usr/lib/libxar.1.dylib
0x00007fff93324000 	/usr/lib/libpam.2.dylib
0x00007fff91fcd000 	/usr/lib/libOpenScriptingUtil.dylib
0x00007fff96ca9000 	/System/Library/Frameworks/CoreServices.framework/Versions/A/Frameworks/FSEvents.framework/Versions/A/FSEvents
0x00007fff90d5f000 	/System/Library/Frameworks/CoreServices.framework/Versions/A/Frameworks/CarbonCore.framework/Versions/A/CarbonCore
0x00007fff92eb0000 	/System/Library/Frameworks/CoreServices.framework/Versions/A/Frameworks/Metadata.framework/Versions/A/Metadata
0x00007fff92f4f000 	/System/Library/Frameworks/CoreServices.framework/Versions/A/Frameworks/OSServices.framework/Versions/A/OSServices
0x00007fff94ca9000 	/System/Library/Frameworks/CoreServices.framework/Versions/A/Frameworks/SearchKit.framework/Versions/A/SearchKit
0x00007fff94daf000 	/System/Library/Frameworks/CoreServices.framework/Versions/A/Frameworks/AE.framework/Versions/A/AE
0x00007fff95083000 	/System/Library/Frameworks/CoreServices.framework/Versions/A/Frameworks/LaunchServices.framework/Versions/A/LaunchServices
0x00007fff959f8000 	/System/Library/Frameworks/CoreServices.framework/Versions/A/Frameworks/DictionaryServices.framework/Versions/A/DictionaryServices
0x00007fff8d41f000 	/System/Library/Frameworks/NetFS.framework/Versions/A/NetFS
0x00007fff931bd000 	/System/Library/PrivateFrameworks/NetAuth.framework/Versions/A/NetAuth
0x00007fff97d90000 	/System/Library/PrivateFrameworks/login.framework/Versions/A/Frameworks/loginsupport.framework/Versions/A/loginsupport
0x00007fff9b97d000 	/System/Library/PrivateFrameworks/TCC.framework/Versions/A/TCC
0x00007fff9890a000 	/usr/lib/libmecabra.dylib
0x00007fff9884e000 	/System/Library/Frameworks/ApplicationServices.framework/Versions/A/Frameworks/ATS.framework/Versions/A/ATS
0x00007fff9b636000 	/System/Library/Frameworks/ApplicationServices.framework/Versions/A/Frameworks/ColorSync.framework/Versions/A/ColorSync
0x00007fff94d64000 	/System/Library/Frameworks/ApplicationServices.framework/Versions/A/Frameworks/HIServices.framework/Versions/A/HIServices
0x00007fff9b587000 	/System/Library/Frameworks/ApplicationServices.framework/Versions/A/Frameworks/LangAnalysis.framework/Versions/A/LangAnalysis
0x00007fff93329000 	/System/Library/Frameworks/ApplicationServices.framework/Versions/A/Frameworks/PrintCore.framework/Versions/A/PrintCore
0x00007fff9b9c1000 	/System/Library/Frameworks/ApplicationServices.framework/Versions/A/Frameworks/QD.framework/Versions/A/QD
0x00007fff904d6000 	/System/Library/Frameworks/ApplicationServices.framework/Versions/A/Frameworks/SpeechSynthesis.framework/Versions/A/SpeechSynthesis
0x00007fff94530000 	/System/Library/Frameworks/Accelerate.framework/Versions/A/Accelerate
0x00007fff8eab7000 	/System/Library/Frameworks/Accelerate.framework/Versions/A/Frameworks/vImage.framework/Versions/A/vImage
0x00007fff904e3000 	/System/Library/Frameworks/Accelerate.framework/Versions/A/Frameworks/vecLib.framework/Versions/A/vecLib
0x00007fff93581000 	/System/Library/Frameworks/Accelerate.framework/Versions/A/Frameworks/vecLib.framework/Versions/A/libvDSP.dylib
0x00007fff95258000 	/System/Library/Frameworks/Accelerate.framework/Versions/A/Frameworks/vecLib.framework/Versions/A/libvMisc.dylib
0x00007fff9c788000 	/System/Library/Frameworks/Accelerate.framework/Versions/A/Frameworks/vecLib.framework/Versions/A/libLAPACK.dylib
0x00007fff8d0c3000 	/System/Library/Frameworks/Accelerate.framework/Versions/A/Frameworks/vecLib.framework/Versions/A/libBLAS.dylib
0x00007fff9a84b000 	/System/Library/Frameworks/Accelerate.framework/Versions/A/Frameworks/vecLib.framework/Versions/A/libLinearAlgebra.dylib
0x00007fff933d5000 	/System/Library/Frameworks/ApplicationServices.framework/Versions/A/Frameworks/ATS.framework/Versions/A/Resources/libFontParser.dylib
0x00007fff9ae3c000 	/System/Library/Frameworks/ApplicationServices.framework/Versions/A/Frameworks/ATS.framework/Versions/A/Resources/libFontRegistry.dylib
0x00007fff909ca000 	/System/Library/PrivateFrameworks/AppleVPA.framework/Versions/A/AppleVPA
0x00007fff8cfc5000 	/System/Library/PrivateFrameworks/AppleJPEG.framework/Versions/A/AppleJPEG
0x00007fff97b45000 	/System/Library/Frameworks/ImageIO.framework/Versions/A/Resources/libJPEG.dylib
0x00007fff99128000 	/System/Library/Frameworks/ImageIO.framework/Versions/A/Resources/libTIFF.dylib
0x00007fff96c2b000 	/System/Library/Frameworks/ImageIO.framework/Versions/A/Resources/libPng.dylib
0x00007fff93bca000 	/System/Library/Frameworks/ImageIO.framework/Versions/A/Resources/libGIF.dylib
0x00007fff920f1000 	/System/Library/Frameworks/ImageIO.framework/Versions/A/Resources/libJP2.dylib
0x00007fff9b937000 	/System/Library/Frameworks/ImageIO.framework/Versions/A/Resources/libRadiance.dylib
0x00007fff96c7b000 	/System/Library/Frameworks/CoreVideo.framework/Versions/A/CoreVideo
0x00007fff95ef1000 	/System/Library/Frameworks/OpenGL.framework/Versions/A/Libraries/libGLU.dylib
0x00007fff93134000 	/System/Library/Frameworks/OpenGL.framework/Versions/A/Libraries/libGFXShared.dylib
0x00007fff904e4000 	/System/Library/Frameworks/OpenGL.framework/Versions/A/Libraries/libGL.dylib
0x00007fff95dba000 	/System/Library/Frameworks/OpenGL.framework/Versions/A/Libraries/libGLImage.dylib
0x00007fff9879f000 	/System/Library/Frameworks/OpenGL.framework/Versions/A/Libraries/libCVMSPluginSupport.dylib
0x00007fff94d5f000 	/System/Library/Frameworks/OpenGL.framework/Versions/A/Libraries/libCoreVMClient.dylib
0x00007fff96ec2000 	/usr/lib/libcups.2.dylib
0x00007fff98833000 	/System/Library/Frameworks/Kerberos.framework/Versions/A/Kerberos
0x00007fff9b9fd000 	/System/Library/Frameworks/GSS.framework/Versions/A/GSS
0x00007fff99d8f000 	/usr/lib/libresolv.9.dylib
0x00007fff91fce000 	/usr/lib/libiconv.2.dylib
0x00007fff8d2ae000 	/System/Library/PrivateFrameworks/Heimdal.framework/Versions/A/Heimdal
0x00007fff9b611000 	/usr/lib/libheimdal-asn1.dylib
0x00007fff90a2f000 	/System/Library/Frameworks/OpenDirectory.framework/Versions/A/OpenDirectory
0x00007fff9b93a000 	/System/Library/PrivateFrameworks/CommonAuth.framework/Versions/A/CommonAuth
0x00007fff94d45000 	/System/Library/Frameworks/OpenDirectory.framework/Versions/A/Frameworks/CFOpenDirectory.framework/Versions/A/CFOpenDirectory
0x00007fff93758000 	/System/Library/Frameworks/SecurityFoundation.framework/Versions/A/SecurityFoundation
0x00007fff90952000 	/System/Library/PrivateFrameworks/LanguageModeling.framework/Versions/A/LanguageModeling
0x00007fff94b7d000 	/usr/lib/libcmph.dylib
0x00007fff9124c000 	/System/Library/Frameworks/ServiceManagement.framework/Versions/A/ServiceManagement
0x00007fff8d065000 	/usr/lib/libxslt.1.dylib
0x00007fff8d37a000 	/System/Library/Frameworks/Carbon.framework/Versions/A/Frameworks/Ink.framework/Versions/A/Ink
0x00007fff98d9b000 	/System/Library/Frameworks/QuartzCore.framework/Versions/A/Frameworks/CoreImage.framework/Versions/A/CoreImage
0x00007fff991f8000 	/System/Library/PrivateFrameworks/CrashReporterSupport.framework/Versions/A/CrashReporterSupport
0x00007fff9c504000 	/System/Library/Frameworks/OpenCL.framework/Versions/A/OpenCL
0x00007fff8ff6d000 	/System/Library/PrivateFrameworks/FaceCore.framework/Versions/A/FaceCore
0x00007fff986f0000 	/System/Library/PrivateFrameworks/Ubiquity.framework/Versions/A/Ubiquity
0x00007fff951a8000 	/System/Library/PrivateFrameworks/IconServices.framework/Versions/A/IconServices
0x00007fff8d257000 	/System/Library/PrivateFrameworks/ChunkingLibrary.framework/Versions/A/ChunkingLibrary
0x00007fff9c312000 	/System/Library/PrivateFrameworks/Apple80211.framework/Versions/A/Apple80211
0x00007fff9918b000 	/System/Library/Frameworks/CoreWLAN.framework/Versions/A/CoreWLAN
0x00007fff8d648000 	/System/Library/Frameworks/IOBluetooth.framework/Versions/A/IOBluetooth
0x00007fff931c8000 	/System/Library/PrivateFrameworks/CoreWiFi.framework/Versions/A/CoreWiFi
0x00007fff8fc18000 	/System/Library/Frameworks/CoreBluetooth.framework/Versions/A/CoreBluetooth
0x00007fff990d6000 	/System/Library/PrivateFrameworks/DebugSymbols.framework/Versions/A/DebugSymbols
0x00007fff9870c000 	/System/Library/PrivateFrameworks/CoreSymbolication.framework/Versions/A/CoreSymbolication
0x00007fff93149000 	/System/Library/PrivateFrameworks/Symbolication.framework/Versions/A/Symbolication
0x00007fff8d411000 	/System/Library/PrivateFrameworks/SpeechRecognitionCore.framework/Versions/A/SpeechRecognitionCore
0x000000010ba68000 	/Library/Java/JavaVirtualMachines/jdk1.8.0_251.jdk/Contents/Home/jre/lib/server/libjvm.dylib
0x00007fff8fc2c000 	/usr/lib/libstdc++.6.dylib
0x000000010cb29000 	/Library/Java/JavaVirtualMachines/jdk1.8.0_251.jdk/Contents/Home/jre/lib/libverify.dylib
0x000000010cb37000 	/Library/Java/JavaVirtualMachines/jdk1.8.0_251.jdk/Contents/Home/jre/lib/libjava.dylib
0x000000010cb8e000 	/Library/Java/JavaVirtualMachines/jdk1.8.0_251.jdk/Contents/Home/jre/lib/libzip.dylib
0x0000000125467000 	/Library/Java/JavaVirtualMachines/jdk1.8.0_251.jdk/Contents/Home/jre/lib/libawt.dylib
0x0000000125510000 	/Library/Java/JavaVirtualMachines/jdk1.8.0_251.jdk/Contents/Home/jre/lib/./libmlib_image.dylib
0x00000001255dc000 	/System/Library/Frameworks/JavaVM.framework/Versions/A/Frameworks/JavaNativeFoundation.framework/Versions/A/JavaNativeFoundation
0x00000001255f0000 	/System/Library/Frameworks/JavaVM.framework/Versions/A/Frameworks/JavaRuntimeSupport.framework/Versions/A/JavaRuntimeSupport
0x0000000125606000 	/System/Library/Frameworks/JavaVM.framework/Versions/A/JavaVM
0x0000000125612000 	/System/Library/PrivateFrameworks/JavaLaunching.framework/Versions/A/JavaLaunching
0x00007fff9b598000 	/System/Library/Frameworks/Carbon.framework/Versions/A/Carbon
0x00007fff937cd000 	/System/Library/Frameworks/Carbon.framework/Versions/A/Frameworks/CommonPanels.framework/Versions/A/CommonPanels
0x00007fff9b9bd000 	/System/Library/Frameworks/Carbon.framework/Versions/A/Frameworks/Help.framework/Versions/A/Help
0x00007fff9c29c000 	/System/Library/Frameworks/Carbon.framework/Versions/A/Frameworks/ImageCapture.framework/Versions/A/ImageCapture
0x00007fff9242b000 	/System/Library/Frameworks/Carbon.framework/Versions/A/Frameworks/OpenScripting.framework/Versions/A/OpenScripting
0x00007fff8d6f9000 	/System/Library/Frameworks/Carbon.framework/Versions/A/Frameworks/Print.framework/Versions/A/Print
0x00007fff9b9ba000 	/System/Library/Frameworks/Carbon.framework/Versions/A/Frameworks/SecurityHI.framework/Versions/A/SecurityHI
0x000000012561d000 	/Library/Java/JavaVirtualMachines/jdk1.8.0_251.jdk/Contents/Home/jre/lib/libawt_lwawt.dylib
0x00000001256d8000 	/Library/Java/JavaVirtualMachines/jdk1.8.0_251.jdk/Contents/Home/jre/lib/./libosxapp.dylib
0x00007fff8ef0b000 	/System/Library/Frameworks/ExceptionHandling.framework/Versions/A/ExceptionHandling
0x00007fff9ae83000 	/System/Library/PrivateFrameworks/CoreServicesInternal.framework/Versions/A/CoreServicesInternal
0x00007fff95352000 	/System/Library/PrivateFrameworks/CloudDocs.framework/Versions/A/CloudDocs
0x00007fff99d41000 	/System/Library/PrivateFrameworks/CoreDuet.framework/Versions/A/CoreDuet
0x00007fff9c378000 	/System/Library/Frameworks/CloudKit.framework/Versions/A/CloudKit
0x00007fff8d6eb000 	/System/Library/PrivateFrameworks/ProtocolBuffer.framework/Versions/A/ProtocolBuffer
0x00007fff94531000 	/System/Library/PrivateFrameworks/CoreDuetDaemonProtocol.framework/Versions/A/CoreDuetDaemonProtocol
0x00007fff9c69d000 	/System/Library/PrivateFrameworks/CoreDuetDebugLogging.framework/Versions/A/CoreDuetDebugLogging
0x00007fff9a8b4000 	/System/Library/PrivateFrameworks/MMCS.framework/Versions/A/MMCS
0x00007fff9539e000 	/System/Library/Frameworks/CoreLocation.framework/Versions/A/CoreLocation
0x00007fff8fbe6000 	/System/Library/PrivateFrameworks/ProtectedCloudStorage.framework/Versions/A/ProtectedCloudStorage
0x00007fff95687000 	/System/Library/PrivateFrameworks/GeoServices.framework/Versions/A/GeoServices
0x00007fff8d0a8000 	/System/Library/Frameworks/CoreGraphics.framework/Versions/A/Resources/libCGCMS.A.dylib
0x00007fff93282000 	/System/Library/Frameworks/CoreGraphics.framework/Versions/A/Resources/libRIP.A.dylib
0x00007fff95d2c000 	/System/Library/Frameworks/CoreGraphics.framework/Versions/A/Resources/libCGXType.A.dylib
0x00007fff99204000 	/System/Library/Frameworks/OpenCL.framework/Versions/A/Libraries/libcldcpuengine.dylib
0x00007fff97926000 	/System/Library/PrivateFrameworks/DiskImages.framework/Versions/A/DiskImages
0x00007fff9c6cc000 	/System/Library/Frameworks/DiscRecording.framework/Versions/A/DiscRecording
0x00007fff94524000 	/usr/lib/libcsfde.dylib
0x00007fff930d7000 	/usr/lib/libcurl.4.dylib
0x00007fff8da13000 	/System/Library/PrivateFrameworks/MediaKit.framework/Versions/A/MediaKit
0x00007fff934ef000 	/usr/lib/libCoreStorage.dylib
0x00007fff903a7000 	/System/Library/PrivateFrameworks/EFILogin.framework/Versions/A/EFILogin
0x00007fff934da000 	/usr/lib/libutil.dylib
0x00007fff976ce000 	/System/Library/PrivateFrameworks/FindMyDevice.framework/Versions/A/FindMyDevice
0x00007fff96be1000 	/System/Library/Frameworks/LDAP.framework/Versions/A/LDAP
0x00007fff91251000 	/usr/lib/libsasl2.2.dylib
0x00007fff9aa06000 	/System/Library/PrivateFrameworks/CoreDaemon.framework/Versions/B/CoreDaemon
0x00007fff9ad57000 	/usr/lib/libcrypto.0.9.8.dylib
0x00007fff98796000 	/System/Library/PrivateFrameworks/AppleSRP.framework/Versions/A/AppleSRP
0x00007fff92969000 	/System/Library/PrivateFrameworks/TrustEvaluationAgent.framework/Versions/A/TrustEvaluationAgent
0x0000000128501000 	cl_kernels
0x0000000128503000 	/System/Library/Frameworks/OpenCL.framework/Versions/A/Libraries/ImageFormats/unorm8_bgra.dylib
0x00000001284f2000 	cl_kernels
0x00007fff94b34000 	/System/Library/PrivateFrameworks/FamilyControls.framework/Versions/A/FamilyControls
0x00007fff92978000 	/System/Library/PrivateFrameworks/CommerceKit.framework/Versions/A/Frameworks/CommerceCore.framework/Versions/A/CommerceCore
0x00007fff9270a000 	/System/Library/PrivateFrameworks/SystemAdministration.framework/Versions/A/SystemAdministration
0x00007fff94544000 	/System/Library/PrivateFrameworks/AppContainer.framework/Versions/A/AppContainer
0x00007fff9c41b000 	/System/Library/PrivateFrameworks/SecCodeWrapper.framework/Versions/A/SecCodeWrapper
0x00007fff911e5000 	/System/Library/Frameworks/DirectoryService.framework/Versions/A/DirectoryService
0x00007fff8d252000 	/System/Library/PrivateFrameworks/LoginUIKit.framework/Versions/A/Frameworks/LoginUICore.framework/Versions/A/LoginUICore
0x00007fff92485000 	/usr/lib/libodfde.dylib
0x0000000127a26000 	/Library/Java/JavaVirtualMachines/jdk1.8.0_251.jdk/Contents/Home/jre/lib/libnet.dylib
0x0000000127a3d000 	/Library/Java/JavaVirtualMachines/jdk1.8.0_251.jdk/Contents/Home/jre/lib/libnio.dylib
0x0000000129921000 	/Library/Java/JavaVirtualMachines/jdk1.8.0_251.jdk/Contents/Home/jre/lib/libfontmanager.dylib
0x0000000126db3000 	/Library/Java/JavaVirtualMachines/jdk1.8.0_251.jdk/Contents/Home/jre/lib/libosxui.dylib
0x00007fff94ed3000 	/System/Library/Frameworks/OpenGL.framework/Versions/A/Resources/GLEngine.bundle/GLEngine
0x00007fff8d427000 	/System/Library/Frameworks/OpenGL.framework/Versions/A/Libraries/libGLProgrammability.dylib
0x000000012ac55000 	/System/Library/Extensions/GeForceTeslaGLDriver.bundle/Contents/MacOS/GeForceTeslaGLDriver
0x000000012c81c000 	/System/Library/Extensions/GeForceTeslaGLDriver.bundle/Contents/MacOS/libclh.dylib
0x0000000126dbd000 	/System/Library/PrivateFrameworks/GPUSupport.framework/Versions/A/Libraries/libGPUSupport.dylib
0x00007fff97df9000 	/System/Library/Frameworks/OpenGL.framework/Versions/A/Resources/GLRendererFloat.bundle/GLRendererFloat
0x00007fff95e32000 	/System/Library/Frameworks/ApplicationServices.framework/Versions/A/Frameworks/ATS.framework/Versions/A/Resources/libTrueTypeScaler.dylib
0x000000012342b000 	/Library/Java/JavaVirtualMachines/jdk1.8.0_251.jdk/Contents/Home/jre/lib/libsunec.dylib
0x000000017b1e1000 	/Library/Java/JavaVirtualMachines/jdk1.8.0_251.jdk/Contents/Home/jre/lib/libdcpr.dylib
0x0000000179903000 	/Library/Java/JavaVirtualMachines/jdk1.8.0_251.jdk/Contents/Home/jre/lib/libjpeg.dylib
0x000000017a6f1000 	/Library/Java/JavaVirtualMachines/jdk1.8.0_251.jdk/Contents/Home/jre/lib/libt2k.dylib

VM Arguments:
jvm_args: -Dfile.encoding=UTF-8 
java_command: visao.LoginVisao
java_class_path (initial): /Users/martinho/Desktop/premium/CopiasTradicional/SYS_KITANDA_AGT_V_1_2_4_1/lib/MySQLDriver/mysql-connector-java-5.1.23-bin.jar:/Users/martinho/Desktop/premium/CopiasTradicional/SYS_KITANDA_AGT_V_1_2_4_1/lib/absolutelayout/AbsoluteLayout.jar:/Users/martinho/Desktop/premium/CopiasTradicional/SYS_KITANDA_AGT_V_1_2_4_1/lib/eclipselink/eclipselink.jar:/Users/martinho/Desktop/premium/CopiasTradicional/SYS_KITANDA_AGT_V_1_2_4_1/lib/eclipselink/javax.persistence_2.1.0.v201304241213.jar:/Users/martinho/Desktop/premium/CopiasTradicional/SYS_KITANDA_AGT_V_1_2_4_1/lib/eclipselink/org.eclipse.persistence.jpa.jpql_2.5.1.v20130918-f2b9fc5.jar:/Users/martinho/Desktop/premium/CopiasTradicional/SYS_KITANDA_AGT_V_1_2_4_1/lib/eclipselinkmodelgen/org.eclipse.persistence.jpa.modelgen_2.5.1.v20130918-f2b9fc5.jar:/Users/martinho/Desktop/premium/CopiasTradicional/SYS_KITANDA_AGT_V_1_2_4_1/lib/activation-1.1.jar:/Users/martinho/Desktop/premium/CopiasTradicional/SYS_KITANDA_AGT_V_1_2_4_1/lib/commons-beanutils-1.8.0.jar:/Users/martinho/Desktop/premium/CopiasTradicional/SYS_KITANDA_AGT_V_1_2_4_1/lib/commons-collections-2.1.1.jar:/Users/martinho/Desktop/premium/CopiasTradicional/SYS_KITANDA_AGT_V_1_2_4_1/lib/commons-digester-2.1.jar:/Users/martinho/Desktop/premium/CopiasTradicional/SYS_KITANDA_AGT_V_1_2_4_1/lib/commons-logging-1.1.1.jar:/Users/martinho/Desktop/premium/CopiasTradicional/SYS_KITANDA_AGT_V_1_2_4_1/lib/groovy-all-2.0.1.jar:/Users/martinho/Desktop/premium/CopiasTradicional/SYS_KITANDA_AGT_V_1_2_4_1/lib/iText-2.1.7.js2.jar:/Users/martinho/Desktop/premium/CopiasTradicional/SYS_KITANDA_AGT_V_1_2_4_1/lib/jasperreports-5.0.1.jar:/Users/martinho/Desktop/premium/CopiasTradicional/SYS_KITANDA_AGT_V_1_2_4_1/lib/jasperreports-extensions-3.5.3.jar:/Users/martinho/Desktop/premium/CopiasTradicional/SYS_KITANDA_AGT_V_1_2_4_1/lib/jcalendar-1.3.3.jar:/Users/martinho/Desktop/premium/CopiasTradicional/SYS_KITANDA_AGT_V_1_2_4_1/lib/jcommon-1.0.17.jar:/Users/martinho/Deskto
Launcher Type: SUN_STANDARD

Environment Variables:
PATH=/usr/bin:/bin:/usr/sbin:/sbin
LD_LIBRARY_PATH=/Library/Java/JavaVirtualMachines/jdk1.8.0_251.jdk/Contents/Home/jre/lib/amd64:/Library/Java/JavaVirtualMachines/jdk1.8.0_251.jdk/Contents/Home/jre/lib/i386:
SHELL=/bin/bash

Signal Handlers:
SIGSEGV: [libjvm.dylib+0x5bc2ff], sa_mask[0]=11111111011111110111111111111111, sa_flags=SA_ONSTACK|SA_RESTART|SA_SIGINFO
SIGBUS: [libjvm.dylib+0x5bc2ff], sa_mask[0]=11111111011111110111111111111111, sa_flags=SA_RESTART|SA_SIGINFO
SIGFPE: [libjvm.dylib+0x48d41c], sa_mask[0]=11111111011111110111111111111111, sa_flags=SA_RESTART|SA_SIGINFO
SIGPIPE: [libjvm.dylib+0x48d41c], sa_mask[0]=11111111011111110111111111111111, sa_flags=SA_RESTART|SA_SIGINFO
SIGXFSZ: [libjvm.dylib+0x48d41c], sa_mask[0]=11111111011111110111111111111111, sa_flags=SA_RESTART|SA_SIGINFO
SIGILL: [libjvm.dylib+0x48d41c], sa_mask[0]=11111111011111110111111111111111, sa_flags=SA_RESTART|SA_SIGINFO
SIGUSR1: SIG_DFL, sa_mask[0]=00000000000000000000000000000000, sa_flags=none
SIGUSR2: [libjvm.dylib+0x48cf3a], sa_mask[0]=00100000000000000000000000000000, sa_flags=SA_RESTART|SA_SIGINFO
SIGHUP: [libjvm.dylib+0x48b4c5], sa_mask[0]=11111111011111110111111111111111, sa_flags=SA_RESTART|SA_SIGINFO
SIGINT: SIG_IGN, sa_mask[0]=00000000000000000000000000000000, sa_flags=none
SIGTERM: [libjvm.dylib+0x48b4c5], sa_mask[0]=11111111011111110111111111111111, sa_flags=SA_RESTART|SA_SIGINFO
SIGQUIT: [libjvm.dylib+0x48b4c5], sa_mask[0]=11111111011111110111111111111111, sa_flags=SA_RESTART|SA_SIGINFO


---------------  S Y S T E M  ---------------

OS:Bsduname:Darwin 14.5.0 Darwin Kernel Version 14.5.0: Sun Jun  4 21:40:08 PDT 2017; root:xnu-2782.70.3~1/RELEASE_X86_64 x86_64
rlimit: STACK 8192k, CORE 0k, NPROC 709, NOFILE 10240, AS infinity
load average:3.60 4.45 3.05

CPU:total 4 (initial active 4) (2 cores per cpu, 2 threads per core) family 6 model 37 stepping 2, cmov, cx8, fxsr, mmx, sse, sse2, sse3, ssse3, sse4.1, sse4.2, popcnt, aes, clmul, ht, tsc, tscinvbit

Memory: 4k page, physical 8388608k(345360k free)

/proc/meminfo:


vm_info: Java HotSpot(TM) 64-Bit Server VM (25.251-b08) for bsd-amd64 JRE (1.8.0_251-b08), built on Mar 12 2020 02:36:37 by "java_re" with gcc 4.2.1 (Based on Apple Inc. build 5658) (LLVM build 2336.11.00)

time: Fri Apr 21 14:06:14 2023
timezone: WAT
elapsed time: 1075 seconds (0d 0h 17m 55s)

