#
# A fatal error has been detected by the Java Runtime Environment:
#
#  SIGILL (0x4) at pc=0x00007fff911452ea, pid=770, tid=0x000000000000c90f
#
# JRE version: Java(TM) SE Runtime Environment (8.0_112-b16) (build 1.8.0_112-b16)
# Java VM: Java HotSpot(TM) 64-Bit Server VM (25.112-b16 mixed mode bsd-amd64 compressed oops)
# Problematic frame:
# C  [libobjc.A.dylib+0x122ea]  _ZL10_objc_trapv+0x0
#
# Failed to write core dump. Core dumps have been disabled. To enable core dumping, try "ulimit -c unlimited" before starting Java again
#
# If you would like to submit a bug report, please visit:
#   http://bugreport.java.com/bugreport/crash.jsp
# The crash happened outside the Java Virtual Machine in native code.
# See problematic frame for where to report the bug.
#

---------------  T H R E A D  ---------------

Current thread (0x00007ff1fb894000):  JavaThread "AWT-EventQueue-0" [_thread_in_native, id=51471, stack(0x000000012c0d7000,0x000000012c1d7000)]

siginfo: si_signo: 4 (SIGILL), si_code: 1 (ILL_ILLOPC), si_addr: 0x00007fff911452ea

Registers:
RAX=0x0000000000000000, RBX=0x00007ff200577cd0, RCX=0x0000000000000000, RDX=0x00007fff7a8071e0
RSP=0x000000012c1cef38, RBP=0x000000012c1cf020, RSI=0x0000010000000100, RDI=0x0000000000000103
R8 =0x000000012c1ceee0, R9 =0x00000000ffffffe0, R10=0x0000000000000003, R11=0xffffffffffce1300
R12=0x00007fff7b2bc070, R13=0x00007fff7a810e80, R14=0x00007fff7a812828, R15=0x00007ff200611038
RIP=0x00007fff911452ea, EFLAGS=0x0000000000010202, ERR=0x0000000000000000
  TRAPNO=0x0000000000000006

Top of Stack: (sp=0x000000012c1cef38)
0x000000012c1cef38:   00007fff9114542a 00007fff7acb1ea0
0x000000012c1cef48:   00007ff200577cd0 00007fff97e4736f
0x000000012c1cef58:   00007fff97e4736f 0000000000000054
0x000000012c1cef68:   00007ff200577cd0 402c000000000000
0x000000012c1cef78:   0000000000000000 000000012c1cefe0
0x000000012c1cef88:   00007fff91148da1 00007fff7a812810
0x000000012c1cef98:   00007fff7b2bc070 000000012c1cf000
0x000000012c1cefa8:   00007ff200611038 000000012c1cefe0
0x000000012c1cefb8:   00007fff97e4736f 00007fff97e4736f
0x000000012c1cefc8:   0000000000000000 00007fff7b8482c8
0x000000012c1cefd8:   00007ff200611038 000000012c1cf020
0x000000012c1cefe8:   00007fff9114a5ad 00007ff200612490
0x000000012c1ceff8:   00007ff200612350 0000003000000018
0x000000012c1cf008:   000000012c1cf030 000000012c1cef40
0x000000012c1cf018:   00007ff200611038 000000012c1cf090
0x000000012c1cf028:   00007fff9113cc87 402c000000000000
0x000000012c1cf038:   4045000000000000 0000000000000000
0x000000012c1cf048:   402c000000000000 4045000000000000
0x000000012c1cf058:   0000000000000000 c60070619fa90e24
0x000000012c1cf068:   00007fff7a810e80 0000000000000000
0x000000012c1cf078:   00007fff7a810e80 00007ff200611038
0x000000012c1cf088:   00007fff7a812800 000000012c1cf0f0
0x000000012c1cf098:   00007fff9113cac7 0000000000001990
0x000000012c1cf0a8:   00007ff200577cd0 0000000000001980
0x000000012c1cf0b8:   00007ff200611038 0000000000000000
0x000000012c1cf0c8:   0000000000000000 0000000000000000
0x000000012c1cf0d8:   0000004a0000004c 00007ff200577cd0
0x000000012c1cf0e8:   00007ff200611000 000000012c1cf1d0
0x000000012c1cf0f8:   00007fff97dde83a 0000000000001000
0x000000012c1cf108:   000000010c23ea00 402c000000000000
0x000000012c1cf118:   00007fff931ba43c 0000000000000000
0x000000012c1cf128:   000000010c23b000 0000000000000001 

Instructions: (pc=0x00007fff911452ea)
0x00007fff911452ca:   c0 44 89 f2 e8 1f 08 01 00 48 8b 7d e0 e8 30 cc
0x00007fff911452da:   ff ff 48 8b 7d e0 e8 d3 15 ff ff e8 00 00 00 00
0x00007fff911452ea:   0f 0b 55 48 89 e5 48 81 ec d0 00 00 00 84 c0 74
0x00007fff911452fa:   26 0f 29 85 60 ff ff ff 0f 29 8d 70 ff ff ff 0f 

Register to memory mapping:

RAX=0x0000000000000000 is an unknown value
RBX=0x00007ff200577cd0 is an unknown value
RCX=0x0000000000000000 is an unknown value
RDX=0x00007fff7a8071e0: _ZZL14_objc_crashlogPKcE13crashlog_lock+0x20 in /usr/lib/libobjc.A.dylib at 0x00007fff91133000
RSP=0x000000012c1cef38 is pointing into the stack for thread: 0x00007ff1fb894000
RBP=0x000000012c1cf020 is pointing into the stack for thread: 0x00007ff1fb894000
RSI=0x0000010000000100 is an unknown value
RDI=0x0000000000000103 is an unknown value
R8 =0x000000012c1ceee0 is pointing into the stack for thread: 0x00007ff1fb894000
R9 =0x00000000ffffffe0 is an unknown value
R10=0x0000000000000003 is an unknown value
R11=0xffffffffffce1300 is an unknown value
R12=0x00007fff7b2bc070: __stack_chk_guard+0 in /usr/lib/system/libsystem_c.dylib at 0x00007fff9569e000
R13=0x00007fff7a810e80: _ZN12_GLOBAL__N_19SideTable9table_bufE+0 in /usr/lib/libobjc.A.dylib at 0x00007fff91133000
R14=0x00007fff7a812828: _ZN12_GLOBAL__N_19SideTable9table_bufE+0x19a8 in /usr/lib/libobjc.A.dylib at 0x00007fff91133000
R15=0x00007ff200611038 is an unknown value


Stack: [0x000000012c0d7000,0x000000012c1d7000],  sp=0x000000012c1cef38,  free space=991k
Native frames: (J=compiled Java code, j=interpreted, Vv=VM code, C=native code)
C  [libobjc.A.dylib+0x122ea]  _ZL10_objc_trapv+0x0
C  [libobjc.A.dylib+0x9c87]  class_getMethodImplementation+0x0
C  [libobjc.A.dylib+0x9ac7]  objc_storeWeak+0xe9
C  [CoreUI+0xb683a]  csiCompressImageProviderCopyImageBlockSetWithOptions+0x3f0
C  [CoreGraphics+0x36cfc]  img_blocks_create+0x23e
C  [CoreGraphics+0x257f6]  img_data_lock+0x819
C  [CoreGraphics+0x2405a]  CGSImageDataLock+0x97
C  [libRIP.A.dylib+0xda02]  ripc_AcquireImage+0x38a
C  [libRIP.A.dylib+0x15b23]  ripc_DrawImages+0x8a1
C  [CoreGraphics+0x6e4c7]  CGContextDrawImages+0xd2
C  [CoreUI+0x9b345]  DrawNinePartImageWithOperation+0x153d
C  [CoreUI+0x99de8]  DrawNinePartElementFromRenditionWithOperation+0x1d7
C  [CoreUI+0xa0c67]  -[CUIThemeFacet _drawSpecificRenditionKey:rendition:inFrame:context:alpha:operation:isFocused:isFlipped:]+0x2be
C  [CoreUI+0xa08bb]  -[CUIThemeFacet _drawSpecificRenditionKey:inFrame:context:isFocused:isFlipped:]+0xa3
C  [CoreUI+0x9ec98]  -[CUIThemeFacet drawInFrame:isFocused:context:]+0x89
C  [CoreUI+0xedda]  _ZN20CUICoreThemeRenderer10DrawSimpleEP15CUIRenditionKeyPK13CUIDescriptora+0x232
C  [CoreUI+0x35d6f]  _ZN20CUICoreThemeRenderer4DrawEPK13CUIDescriptor17CGAffineTransformR13CUIReturnInfo+0x5b
C  [CoreUI+0x9391]  _ZN11CUIRenderer4DrawE6CGRectP9CGContextPK14__CFDictionaryPS5_+0x8e3
C  [CoreUI+0x45d6e]  CUIDraw+0xd9
C  [JavaRuntimeSupport+0x3cec]  -[_JRSYosemiteAndLaterRenderer draw:inContext:withBounds:]+0x144
C  [JavaRuntimeSupport+0x3866]  JRSUIControlDraw+0x3d
C  [libosxui.dylib+0x2628]  doPaintImage+0x15e
C  [libosxui.dylib+0x279c]  Java_apple_laf_JRSUIControl_paintImage+0x27
j  apple.laf.JRSUIControl.paintImage([IIIJJJDDDD)I+0
j  apple.laf.JRSUIControl.paintImage([IIIDDDD)I+33
j  apple.laf.JRSUIControl.paint([IIIDDDD)V+12
j  com.apple.laf.AquaPainter$AquaSingleImagePainter.createImage(IIIILjava/awt/Rectangle;Lapple/laf/JRSUIControl;Lapple/laf/JRSUIState;)Ljava/awt/Image;+74
j  com.apple.laf.AquaPainter$AquaSingleImagePainter.lambda$paintFromSingleCachedImage$0(IILjava/awt/Rectangle;Lapple/laf/JRSUIControl;Lapple/laf/JRSUIState;Ljava/lang/Integer;Ljava/lang/Integer;)Ljava/awt/Image;+16
j  com.apple.laf.AquaPainter$AquaSingleImagePainter$$Lambda$12.apply(Ljava/lang/Object;Ljava/lang/Object;)Ljava/lang/Object;+28
j  sun.awt.image.MultiResolutionCachedImage.getResolutionVariant(II)Ljava/awt/Image;+41
j  sun.java2d.SunGraphics2D.getResolutionVariant(Lsun/awt/image/MultiResolutionImage;IIIIIIIIII)Ljava/awt/Image;+198
j  sun.java2d.SunGraphics2D.drawHiDPIImage(Ljava/awt/Image;IIIIIIIILjava/awt/Color;Ljava/awt/image/ImageObserver;)Z+103
j  sun.java2d.SunGraphics2D.drawImage(Ljava/awt/Image;IIIILjava/awt/Color;Ljava/awt/image/ImageObserver;)Z+62
j  sun.java2d.SunGraphics2D.drawImage(Ljava/awt/Image;IIIILjava/awt/image/ImageObserver;)Z+11
j  com.apple.laf.AquaPainter$AquaSingleImagePainter.paintFromSingleCachedImage(Ljava/awt/Graphics2D;Lapple/laf/JRSUIControl;Lapple/laf/JRSUIState;Ljava/awt/Rectangle;)V+169
j  com.apple.laf.AquaPainter$AquaSingleImagePainter.paint(Ljava/awt/Graphics2D;Lapple/laf/JRSUIState;)V+10
j  com.apple.laf.AquaPainter.paint(Ljava/awt/Graphics;Ljava/awt/Component;IIII)V+40
j  com.apple.laf.AquaButtonBorder.doButtonPaint(Ljavax/swing/AbstractButton;Ljavax/swing/ButtonModel;Ljava/awt/Graphics;IIII)V+14
j  com.apple.laf.AquaButtonBorder$Toggle.doButtonPaint(Ljavax/swing/AbstractButton;Ljavax/swing/ButtonModel;Ljava/awt/Graphics;IIII)V+72
j  com.apple.laf.AquaButtonBorder.paintButton(Ljava/awt/Component;Ljava/awt/Graphics;IIII)V+159
j  com.apple.laf.AquaButtonUI.paint(Ljava/awt/Graphics;Ljavax/swing/JComponent;)V+149
j  javax.swing.plaf.ComponentUI.update(Ljava/awt/Graphics;Ljavax/swing/JComponent;)V+32
j  javax.swing.JComponent.paintComponent(Ljava/awt/Graphics;)V+26
j  javax.swing.JComponent.paint(Ljava/awt/Graphics;)V+286
j  javax.swing.JComponent.paintChildren(Ljava/awt/Graphics;)V+501
j  javax.swing.JComponent.paint(Ljava/awt/Graphics;)V+318
j  javax.swing.JComponent.paintChildren(Ljava/awt/Graphics;)V+501
j  javax.swing.JComponent.paint(Ljava/awt/Graphics;)V+318
j  javax.swing.JComponent.paintChildren(Ljava/awt/Graphics;)V+501
j  javax.swing.JComponent.paint(Ljava/awt/Graphics;)V+318
j  javax.swing.JLayeredPane.paint(Ljava/awt/Graphics;)V+73
j  javax.swing.JComponent.paintChildren(Ljava/awt/Graphics;)V+501
j  javax.swing.JComponent.paintToOffscreen(Ljava/awt/Graphics;IIIIII)V+72
j  javax.swing.RepaintManager$PaintManager.paintDoubleBuffered(Ljavax/swing/JComponent;Ljava/awt/Image;Ljava/awt/Graphics;IIII)V+163
j  javax.swing.RepaintManager$PaintManager.paint(Ljavax/swing/JComponent;Ljavax/swing/JComponent;Ljava/awt/Graphics;IIII)Z+116
j  javax.swing.RepaintManager.paint(Ljavax/swing/JComponent;Ljavax/swing/JComponent;Ljava/awt/Graphics;IIII)V+51
j  javax.swing.JComponent.paint(Ljava/awt/Graphics;)V+221
j  java.awt.GraphicsCallback$PaintCallback.run(Ljava/awt/Component;Ljava/awt/Graphics;)V+2
j  sun.awt.SunGraphicsCallback.runOneComponent(Ljava/awt/Component;Ljava/awt/Rectangle;Ljava/awt/Graphics;Ljava/awt/Shape;I)V+155
j  sun.awt.SunGraphicsCallback.runComponents([Ljava/awt/Component;Ljava/awt/Graphics;I)V+194
j  java.awt.Container.paint(Ljava/awt/Graphics;)V+58
j  java.awt.Window.paint(Ljava/awt/Graphics;)V+68
j  javax.swing.RepaintManager$4.run()Ljava/lang/Void;+142
j  javax.swing.RepaintManager$4.run()Ljava/lang/Object;+1
v  ~StubRoutines::call_stub
V  [libjvm.dylib+0x2edbd2]
V  [libjvm.dylib+0x34e310]
J 2476  java.security.AccessController.doPrivileged(Ljava/security/PrivilegedAction;Ljava/security/AccessControlContext;)Ljava/lang/Object; (0 bytes) @ 0x000000010e3e4015 [0x000000010e3e3f40+0xd5]
j  java.security.ProtectionDomain$JavaSecurityAccessImpl.doIntersectionPrivilege(Ljava/security/PrivilegedAction;Ljava/security/AccessControlContext;Ljava/security/AccessControlContext;)Ljava/lang/Object;+18
j  javax.swing.RepaintManager.paintDirtyRegions(Ljava/util/Map;)V+154
j  javax.swing.RepaintManager.paintDirtyRegions()V+46
j  javax.swing.RepaintManager.prePaintDirtyRegions()V+73
j  javax.swing.RepaintManager.access$1200(Ljavax/swing/RepaintManager;)V+1
j  javax.swing.RepaintManager$ProcessingRunnable.run()V+37
j  java.awt.event.InvocationEvent.dispatch()V+47
j  java.awt.EventQueue.dispatchEventImpl(Ljava/awt/AWTEvent;Ljava/lang/Object;)V+21
j  java.awt.EventQueue.access$500(Ljava/awt/EventQueue;Ljava/awt/AWTEvent;Ljava/lang/Object;)V+3
j  java.awt.EventQueue$3.run()Ljava/lang/Void;+32
j  java.awt.EventQueue$3.run()Ljava/lang/Object;+1
v  ~StubRoutines::call_stub
V  [libjvm.dylib+0x2edbd2]
V  [libjvm.dylib+0x34e310]
J 2476  java.security.AccessController.doPrivileged(Ljava/security/PrivilegedAction;Ljava/security/AccessControlContext;)Ljava/lang/Object; (0 bytes) @ 0x000000010e3e4015 [0x000000010e3e3f40+0xd5]
j  java.security.ProtectionDomain$JavaSecurityAccessImpl.doIntersectionPrivilege(Ljava/security/PrivilegedAction;Ljava/security/AccessControlContext;Ljava/security/AccessControlContext;)Ljava/lang/Object;+18
j  java.awt.EventQueue.dispatchEvent(Ljava/awt/AWTEvent;)V+46
j  java.awt.EventDispatchThread.pumpOneEventForFilters(I)V+245
j  java.awt.EventDispatchThread.pumpEventsForFilter(ILjava/awt/Conditional;Ljava/awt/EventFilter;)V+35
j  java.awt.EventDispatchThread.pumpEventsForHierarchy(ILjava/awt/Conditional;Ljava/awt/Component;)V+11
j  java.awt.EventDispatchThread.pumpEvents(ILjava/awt/Conditional;)V+4
j  java.awt.EventDispatchThread.pumpEvents(Ljava/awt/Conditional;)V+3
j  java.awt.EventDispatchThread.run()V+9
v  ~StubRoutines::call_stub
V  [libjvm.dylib+0x2edbd2]
V  [libjvm.dylib+0x2ee360]
V  [libjvm.dylib+0x2ee50c]
V  [libjvm.dylib+0x348c59]
V  [libjvm.dylib+0x56b033]
V  [libjvm.dylib+0x56c720]
V  [libjvm.dylib+0x48a7ae]
C  [libsystem_pthread.dylib+0x405a]  _pthread_body+0x83
...<more frames>...

Java frames: (J=compiled Java code, j=interpreted, Vv=VM code)
j  apple.laf.JRSUIControl.paintImage([IIIJJJDDDD)I+0
j  apple.laf.JRSUIControl.paintImage([IIIDDDD)I+33
j  apple.laf.JRSUIControl.paint([IIIDDDD)V+12
j  com.apple.laf.AquaPainter$AquaSingleImagePainter.createImage(IIIILjava/awt/Rectangle;Lapple/laf/JRSUIControl;Lapple/laf/JRSUIState;)Ljava/awt/Image;+74
j  com.apple.laf.AquaPainter$AquaSingleImagePainter.lambda$paintFromSingleCachedImage$0(IILjava/awt/Rectangle;Lapple/laf/JRSUIControl;Lapple/laf/JRSUIState;Ljava/lang/Integer;Ljava/lang/Integer;)Ljava/awt/Image;+16
j  com.apple.laf.AquaPainter$AquaSingleImagePainter$$Lambda$12.apply(Ljava/lang/Object;Ljava/lang/Object;)Ljava/lang/Object;+28
j  sun.awt.image.MultiResolutionCachedImage.getResolutionVariant(II)Ljava/awt/Image;+41
j  sun.java2d.SunGraphics2D.getResolutionVariant(Lsun/awt/image/MultiResolutionImage;IIIIIIIIII)Ljava/awt/Image;+198
j  sun.java2d.SunGraphics2D.drawHiDPIImage(Ljava/awt/Image;IIIIIIIILjava/awt/Color;Ljava/awt/image/ImageObserver;)Z+103
j  sun.java2d.SunGraphics2D.drawImage(Ljava/awt/Image;IIIILjava/awt/Color;Ljava/awt/image/ImageObserver;)Z+62
j  sun.java2d.SunGraphics2D.drawImage(Ljava/awt/Image;IIIILjava/awt/image/ImageObserver;)Z+11
j  com.apple.laf.AquaPainter$AquaSingleImagePainter.paintFromSingleCachedImage(Ljava/awt/Graphics2D;Lapple/laf/JRSUIControl;Lapple/laf/JRSUIState;Ljava/awt/Rectangle;)V+169
j  com.apple.laf.AquaPainter$AquaSingleImagePainter.paint(Ljava/awt/Graphics2D;Lapple/laf/JRSUIState;)V+10
j  com.apple.laf.AquaPainter.paint(Ljava/awt/Graphics;Ljava/awt/Component;IIII)V+40
j  com.apple.laf.AquaButtonBorder.doButtonPaint(Ljavax/swing/AbstractButton;Ljavax/swing/ButtonModel;Ljava/awt/Graphics;IIII)V+14
j  com.apple.laf.AquaButtonBorder$Toggle.doButtonPaint(Ljavax/swing/AbstractButton;Ljavax/swing/ButtonModel;Ljava/awt/Graphics;IIII)V+72
j  com.apple.laf.AquaButtonBorder.paintButton(Ljava/awt/Component;Ljava/awt/Graphics;IIII)V+159
j  com.apple.laf.AquaButtonUI.paint(Ljava/awt/Graphics;Ljavax/swing/JComponent;)V+149
j  javax.swing.plaf.ComponentUI.update(Ljava/awt/Graphics;Ljavax/swing/JComponent;)V+32
j  javax.swing.JComponent.paintComponent(Ljava/awt/Graphics;)V+26
j  javax.swing.JComponent.paint(Ljava/awt/Graphics;)V+286
j  javax.swing.JComponent.paintChildren(Ljava/awt/Graphics;)V+501
j  javax.swing.JComponent.paint(Ljava/awt/Graphics;)V+318
j  javax.swing.JComponent.paintChildren(Ljava/awt/Graphics;)V+501
j  javax.swing.JComponent.paint(Ljava/awt/Graphics;)V+318
j  javax.swing.JComponent.paintChildren(Ljava/awt/Graphics;)V+501
j  javax.swing.JComponent.paint(Ljava/awt/Graphics;)V+318
j  javax.swing.JLayeredPane.paint(Ljava/awt/Graphics;)V+73
j  javax.swing.JComponent.paintChildren(Ljava/awt/Graphics;)V+501
j  javax.swing.JComponent.paintToOffscreen(Ljava/awt/Graphics;IIIIII)V+72
j  javax.swing.RepaintManager$PaintManager.paintDoubleBuffered(Ljavax/swing/JComponent;Ljava/awt/Image;Ljava/awt/Graphics;IIII)V+163
j  javax.swing.RepaintManager$PaintManager.paint(Ljavax/swing/JComponent;Ljavax/swing/JComponent;Ljava/awt/Graphics;IIII)Z+116
j  javax.swing.RepaintManager.paint(Ljavax/swing/JComponent;Ljavax/swing/JComponent;Ljava/awt/Graphics;IIII)V+51
j  javax.swing.JComponent.paint(Ljava/awt/Graphics;)V+221
j  java.awt.GraphicsCallback$PaintCallback.run(Ljava/awt/Component;Ljava/awt/Graphics;)V+2
j  sun.awt.SunGraphicsCallback.runOneComponent(Ljava/awt/Component;Ljava/awt/Rectangle;Ljava/awt/Graphics;Ljava/awt/Shape;I)V+155
j  sun.awt.SunGraphicsCallback.runComponents([Ljava/awt/Component;Ljava/awt/Graphics;I)V+194
j  java.awt.Container.paint(Ljava/awt/Graphics;)V+58
j  java.awt.Window.paint(Ljava/awt/Graphics;)V+68
j  javax.swing.RepaintManager$4.run()Ljava/lang/Void;+142
j  javax.swing.RepaintManager$4.run()Ljava/lang/Object;+1
v  ~StubRoutines::call_stub
J 2476  java.security.AccessController.doPrivileged(Ljava/security/PrivilegedAction;Ljava/security/AccessControlContext;)Ljava/lang/Object; (0 bytes) @ 0x000000010e3e3fa3 [0x000000010e3e3f40+0x63]
j  java.security.ProtectionDomain$JavaSecurityAccessImpl.doIntersectionPrivilege(Ljava/security/PrivilegedAction;Ljava/security/AccessControlContext;Ljava/security/AccessControlContext;)Ljava/lang/Object;+18
j  javax.swing.RepaintManager.paintDirtyRegions(Ljava/util/Map;)V+154
j  javax.swing.RepaintManager.paintDirtyRegions()V+46
j  javax.swing.RepaintManager.prePaintDirtyRegions()V+73
j  javax.swing.RepaintManager.access$1200(Ljavax/swing/RepaintManager;)V+1
j  javax.swing.RepaintManager$ProcessingRunnable.run()V+37
j  java.awt.event.InvocationEvent.dispatch()V+47
j  java.awt.EventQueue.dispatchEventImpl(Ljava/awt/AWTEvent;Ljava/lang/Object;)V+21
j  java.awt.EventQueue.access$500(Ljava/awt/EventQueue;Ljava/awt/AWTEvent;Ljava/lang/Object;)V+3
j  java.awt.EventQueue$3.run()Ljava/lang/Void;+32
j  java.awt.EventQueue$3.run()Ljava/lang/Object;+1
v  ~StubRoutines::call_stub
J 2476  java.security.AccessController.doPrivileged(Ljava/security/PrivilegedAction;Ljava/security/AccessControlContext;)Ljava/lang/Object; (0 bytes) @ 0x000000010e3e3fa3 [0x000000010e3e3f40+0x63]
j  java.security.ProtectionDomain$JavaSecurityAccessImpl.doIntersectionPrivilege(Ljava/security/PrivilegedAction;Ljava/security/AccessControlContext;Ljava/security/AccessControlContext;)Ljava/lang/Object;+18
j  java.awt.EventQueue.dispatchEvent(Ljava/awt/AWTEvent;)V+46
j  java.awt.EventDispatchThread.pumpOneEventForFilters(I)V+245
j  java.awt.EventDispatchThread.pumpEventsForFilter(ILjava/awt/Conditional;Ljava/awt/EventFilter;)V+35
j  java.awt.EventDispatchThread.pumpEventsForHierarchy(ILjava/awt/Conditional;Ljava/awt/Component;)V+11
j  java.awt.EventDispatchThread.pumpEvents(ILjava/awt/Conditional;)V+4
j  java.awt.EventDispatchThread.pumpEvents(Ljava/awt/Conditional;)V+3
j  java.awt.EventDispatchThread.run()V+9
v  ~StubRoutines::call_stub

---------------  P R O C E S S  ---------------

Java Threads: ( => current thread )
  0x00007ff1fca5a800 JavaThread "Abandoned connection cleanup thread" daemon [_thread_blocked, id=56583, stack(0x000000017b038000,0x000000017b138000)]
  0x00007ff1fc266800 JavaThread "Image Fetcher 0" daemon [_thread_blocked, id=52759, stack(0x000000012cf27000,0x000000012d027000)]
  0x00007ff1fb894800 JavaThread "DestroyJavaVM" [_thread_blocked, id=4867, stack(0x000000010dba3000,0x000000010dca3000)]
=>0x00007ff1fb894000 JavaThread "AWT-EventQueue-0" [_thread_in_native, id=51471, stack(0x000000012c0d7000,0x000000012c1d7000)]
  0x00007ff1fc1e4800 JavaThread "Java2D Disposer" daemon [_thread_blocked, id=51223, stack(0x000000012bfd4000,0x000000012c0d4000)]
  0x00007ff1fc1a1000 JavaThread "Java2D Queue Flusher" daemon [_thread_blocked, id=49671, stack(0x000000012afd6000,0x000000012b0d6000)]
  0x00007ff1fb865800 JavaThread "AWT-Shutdown" [_thread_blocked, id=28691, stack(0x00000001276b6000,0x00000001277b6000)]
  0x00007ff1fc060800 JavaThread "AppKit Thread" daemon [_thread_in_native, id=1811, stack(0x00007fff531e0000,0x00007fff539e0000)]
  0x00007ff1fd069000 JavaThread "Service Thread" daemon [_thread_blocked, id=18179, stack(0x00000001259dc000,0x0000000125adc000)]
  0x00007ff1fc058800 JavaThread "C1 CompilerThread2" daemon [_thread_blocked, id=17667, stack(0x00000001258d9000,0x00000001259d9000)]
  0x00007ff1fc03a000 JavaThread "C2 CompilerThread1" daemon [_thread_blocked, id=17155, stack(0x00000001257d6000,0x00000001258d6000)]
  0x00007ff1fc020000 JavaThread "C2 CompilerThread0" daemon [_thread_blocked, id=16643, stack(0x00000001256d3000,0x00000001257d3000)]
  0x00007ff1fd068000 JavaThread "Signal Dispatcher" daemon [_thread_blocked, id=13335, stack(0x00000001255d0000,0x00000001256d0000)]
  0x00007ff1fd066800 JavaThread "Finalizer" daemon [_thread_blocked, id=11523, stack(0x0000000123baa000,0x0000000123caa000)]
  0x00007ff1fd05e000 JavaThread "Reference Handler" daemon [_thread_blocked, id=11011, stack(0x0000000123aa7000,0x0000000123ba7000)]

Other Threads:
  0x00007ff1fd059800 VMThread [stack: 0x00000001239a4000,0x0000000123aa4000] [id=10499]
  0x00007ff1fc00a000 WatcherThread [stack: 0x0000000125adf000,0x0000000125bdf000] [id=18691]

VM state:not at safepoint (normal execution)

VM Mutex/Monitor currently owned by a thread: None

Heap:
 PSYoungGen      total 103936K, used 45955K [0x0000000795580000, 0x000000079e180000, 0x00000007c0000000)
  eden space 98816K, 41% used [0x0000000795580000,0x0000000797d65690,0x000000079b600000)
  from space 5120K, 99% used [0x000000079dc80000,0x000000079e17b6f8,0x000000079e180000)
  to   space 5120K, 0% used [0x000000079d780000,0x000000079d780000,0x000000079dc80000)
 ParOldGen       total 57344K, used 21933K [0x0000000740000000, 0x0000000743800000, 0x0000000795580000)
  object space 57344K, 38% used [0x0000000740000000,0x000000074156b600,0x0000000743800000)
 Metaspace       used 29390K, capacity 29618K, committed 29952K, reserved 1075200K
  class space    used 3642K, capacity 3739K, committed 3840K, reserved 1048576K

Card table byte_map: [0x000000011d065000,0x000000011d466000] byte_map_base: 0x0000000119665000

Marking Bits: (ParMarkBitMap*) 0x000000010d4f0d30
 Begin Bits: [0x000000011db1d000, 0x000000011fb1d000)
 End Bits:   [0x000000011fb1d000, 0x0000000121b1d000)

Polling page: 0x000000010c379000

CodeCache: size=245760Kb used=7500Kb max_used=7500Kb free=238259Kb
 bounds [0x000000010dca5000, 0x000000010e405000, 0x000000011cca5000]
 total_blobs=3152 nmethods=2527 adapters=538
 compilation: enabled

Compilation events (10 events):
Event: 6.937 Thread 0x00007ff1fc058800 2524       1       sun.java2d.SurfaceData::isSurfaceLost (5 bytes)
Event: 6.937 Thread 0x00007ff1fc058800 nmethod 2524 0x000000010e3fc0d0 code [0x000000010e3fc220, 0x000000010e3fc330]
Event: 6.937 Thread 0x00007ff1fc058800 2526       3       java.awt.Component::getForeground (29 bytes)
Event: 6.938 Thread 0x00007ff1fc058800 nmethod 2526 0x000000010e3fc390 code [0x000000010e3fc520, 0x000000010e3fc968]
Event: 6.938 Thread 0x00007ff1fc058800 2527       3       java.lang.Double::doubleToLongBits (33 bytes)
Event: 6.939 Thread 0x00007ff1fc058800 nmethod 2527 0x000000010e3fca90 code [0x000000010e3fcc00, 0x000000010e3fcdf0]
Event: 6.939 Thread 0x00007ff1fc058800 2529       3       java.lang.Math::max (45 bytes)
Event: 6.940 Thread 0x00007ff1fc058800 nmethod 2529 0x000000010e3fce90 code [0x000000010e3fd000, 0x000000010e3fd350]
Event: 6.940 Thread 0x00007ff1fc058800 2528       3       java.awt.Component::getBackground (29 bytes)
Event: 6.941 Thread 0x00007ff1fc058800 nmethod 2528 0x000000010e3fd3d0 code [0x000000010e3fd540, 0x000000010e3fd808]

GC Heap History (10 events):
Event: 1.704 GC heap before
{Heap before GC invocations=1 (full 0):
 PSYoungGen      total 38400K, used 33280K [0x0000000795580000, 0x0000000798000000, 0x00000007c0000000)
  eden space 33280K, 100% used [0x0000000795580000,0x0000000797600000,0x0000000797600000)
  from space 5120K, 0% used [0x0000000797b00000,0x0000000797b00000,0x0000000798000000)
  to   space 5120K, 0% used [0x0000000797600000,0x0000000797600000,0x0000000797b00000)
 ParOldGen       total 87552K, used 0K [0x0000000740000000, 0x0000000745580000, 0x0000000795580000)
  object space 87552K, 0% used [0x0000000740000000,0x0000000740000000,0x0000000745580000)
 Metaspace       used 13135K, capacity 13304K, committed 13312K, reserved 1060864K
  class space    used 1474K, capacity 1535K, committed 1536K, reserved 1048576K
Event: 1.722 GC heap after
Heap after GC invocations=1 (full 0):
 PSYoungGen      total 38400K, used 4714K [0x0000000795580000, 0x000000079a080000, 0x00000007c0000000)
  eden space 33280K, 0% used [0x0000000795580000,0x0000000795580000,0x0000000797600000)
  from space 5120K, 92% used [0x0000000797600000,0x0000000797a9ab00,0x0000000797b00000)
  to   space 5120K, 0% used [0x0000000799b80000,0x0000000799b80000,0x000000079a080000)
 ParOldGen       total 87552K, used 72K [0x0000000740000000, 0x0000000745580000, 0x0000000795580000)
  object space 87552K, 0% used [0x0000000740000000,0x0000000740012010,0x0000000745580000)
 Metaspace       used 13135K, capacity 13304K, committed 13312K, reserved 1060864K
  class space    used 1474K, capacity 1535K, committed 1536K, reserved 1048576K
}
Event: 2.684 GC heap before
{Heap before GC invocations=2 (full 0):
 PSYoungGen      total 38400K, used 37994K [0x0000000795580000, 0x000000079a080000, 0x00000007c0000000)
  eden space 33280K, 100% used [0x0000000795580000,0x0000000797600000,0x0000000797600000)
  from space 5120K, 92% used [0x0000000797600000,0x0000000797a9ab00,0x0000000797b00000)
  to   space 5120K, 0% used [0x0000000799b80000,0x0000000799b80000,0x000000079a080000)
 ParOldGen       total 87552K, used 72K [0x0000000740000000, 0x0000000745580000, 0x0000000795580000)
  object space 87552K, 0% used [0x0000000740000000,0x0000000740012010,0x0000000745580000)
 Metaspace       used 16335K, capacity 16504K, committed 16640K, reserved 1064960K
  class space    used 1917K, capacity 1983K, committed 2048K, reserved 1048576K
Event: 2.701 GC heap after
Heap after GC invocations=2 (full 0):
 PSYoungGen      total 71680K, used 5115K [0x0000000795580000, 0x000000079a080000, 0x00000007c0000000)
  eden space 66560K, 0% used [0x0000000795580000,0x0000000795580000,0x0000000799680000)
  from space 5120K, 99% used [0x0000000799b80000,0x000000079a07ef70,0x000000079a080000)
  to   space 5120K, 0% used [0x0000000799680000,0x0000000799680000,0x0000000799b80000)
 ParOldGen       total 87552K, used 1758K [0x0000000740000000, 0x0000000745580000, 0x0000000795580000)
  object space 87552K, 2% used [0x0000000740000000,0x00000007401b7bd0,0x0000000745580000)
 Metaspace       used 16335K, capacity 16504K, committed 16640K, reserved 1064960K
  class space    used 1917K, capacity 1983K, committed 2048K, reserved 1048576K
}
Event: 3.342 GC heap before
{Heap before GC invocations=3 (full 0):
 PSYoungGen      total 71680K, used 19870K [0x0000000795580000, 0x000000079a080000, 0x00000007c0000000)
  eden space 66560K, 22% used [0x0000000795580000,0x00000007963e8ac8,0x0000000799680000)
  from space 5120K, 99% used [0x0000000799b80000,0x000000079a07ef70,0x000000079a080000)
  to   space 5120K, 0% used [0x0000000799680000,0x0000000799680000,0x0000000799b80000)
 ParOldGen       total 87552K, used 1758K [0x0000000740000000, 0x0000000745580000, 0x0000000795580000)
  object space 87552K, 2% used [0x0000000740000000,0x00000007401b7bd0,0x0000000745580000)
 Metaspace       used 20937K, capacity 21106K, committed 21248K, reserved 1067008K
  class space    used 2696K, capacity 2788K, committed 2816K, reserved 1048576K
Event: 3.361 GC heap after
Heap after GC invocations=3 (full 0):
 PSYoungGen      total 71680K, used 5104K [0x0000000795580000, 0x000000079e180000, 0x00000007c0000000)
  eden space 66560K, 0% used [0x0000000795580000,0x0000000795580000,0x0000000799680000)
  from space 5120K, 99% used [0x0000000799680000,0x0000000799b7c030,0x0000000799b80000)
  to   space 5120K, 0% used [0x000000079dc80000,0x000000079dc80000,0x000000079e180000)
 ParOldGen       total 87552K, used 2795K [0x0000000740000000, 0x0000000745580000, 0x0000000795580000)
  object space 87552K, 3% used [0x0000000740000000,0x00000007402bafc0,0x0000000745580000)
 Metaspace       used 20937K, capacity 21106K, committed 21248K, reserved 1067008K
  class space    used 2696K, capacity 2788K, committed 2816K, reserved 1048576K
}
Event: 3.361 GC heap before
{Heap before GC invocations=4 (full 1):
 PSYoungGen      total 71680K, used 5104K [0x0000000795580000, 0x000000079e180000, 0x00000007c0000000)
  eden space 66560K, 0% used [0x0000000795580000,0x0000000795580000,0x0000000799680000)
  from space 5120K, 99% used [0x0000000799680000,0x0000000799b7c030,0x0000000799b80000)
  to   space 5120K, 0% used [0x000000079dc80000,0x000000079dc80000,0x000000079e180000)
 ParOldGen       total 87552K, used 2795K [0x0000000740000000, 0x0000000745580000, 0x0000000795580000)
  object space 87552K, 3% used [0x0000000740000000,0x00000007402bafc0,0x0000000745580000)
 Metaspace       used 20937K, capacity 21106K, committed 21248K, reserved 1067008K
  class space    used 2696K, capacity 2788K, committed 2816K, reserved 1048576K
Event: 3.415 GC heap after
Heap after GC invocations=4 (full 1):
 PSYoungGen      total 71680K, used 0K [0x0000000795580000, 0x000000079e180000, 0x00000007c0000000)
  eden space 66560K, 0% used [0x0000000795580000,0x0000000795580000,0x0000000799680000)
  from space 5120K, 0% used [0x0000000799680000,0x0000000799680000,0x0000000799b80000)
  to   space 5120K, 0% used [0x000000079dc80000,0x000000079dc80000,0x000000079e180000)
 ParOldGen       total 57344K, used 6083K [0x0000000740000000, 0x0000000743800000, 0x0000000795580000)
  object space 57344K, 10% used [0x0000000740000000,0x00000007405f0ec0,0x0000000743800000)
 Metaspace       used 20937K, capacity 21106K, committed 21248K, reserved 1067008K
  class space    used 2696K, capacity 2788K, committed 2816K, reserved 1048576K
}
Event: 6.008 GC heap before
{Heap before GC invocations=5 (full 1):
 PSYoungGen      total 71680K, used 66560K [0x0000000795580000, 0x000000079e180000, 0x00000007c0000000)
  eden space 66560K, 100% used [0x0000000795580000,0x0000000799680000,0x0000000799680000)
  from space 5120K, 0% used [0x0000000799680000,0x0000000799680000,0x0000000799b80000)
  to   space 5120K, 0% used [0x000000079dc80000,0x000000079dc80000,0x000000079e180000)
 ParOldGen       total 57344K, used 6083K [0x0000000740000000, 0x0000000743800000, 0x0000000795580000)
  object space 57344K, 10% used [0x0000000740000000,0x00000007405f0ec0,0x0000000743800000)
 Metaspace       used 26153K, capacity 26426K, committed 26752K, reserved 1073152K
  class space    used 3224K, capacity 3341K, committed 3456K, reserved 1048576K
Event: 6.027 GC heap after
Heap after GC invocations=5 (full 1):
 PSYoungGen      total 103936K, used 5101K [0x0000000795580000, 0x000000079e180000, 0x00000007c0000000)
  eden space 98816K, 0% used [0x0000000795580000,0x0000000795580000,0x000000079b600000)
  from space 5120K, 99% used [0x000000079dc80000,0x000000079e17b6f8,0x000000079e180000)
  to   space 5120K, 0% used [0x000000079d780000,0x000000079d780000,0x000000079dc80000)
 ParOldGen       total 57344K, used 21933K [0x0000000740000000, 0x0000000743800000, 0x0000000795580000)
  object space 57344K, 38% used [0x0000000740000000,0x000000074156b600,0x0000000743800000)
 Metaspace       used 26153K, capacity 26426K, committed 26752K, reserved 1073152K
  class space    used 3224K, capacity 3341K, committed 3456K, reserved 1048576K
}

Deoptimization events (10 events):
Event: 5.834 Thread 0x00007ff1fb894000 Uncommon trap: reason=class_check action=maybe_recompile pc=0x000000010dea16ac method=java.util.regex.Pattern$Slice.match(Ljava/util/regex/Matcher;ILjava/lang/CharSequence;)Z @ 75
Event: 5.839 Thread 0x00007ff1fb894000 Uncommon trap: reason=class_check action=maybe_recompile pc=0x000000010dea16ac method=java.util.regex.Pattern$Slice.match(Ljava/util/regex/Matcher;ILjava/lang/CharSequence;)Z @ 75
Event: 5.839 Thread 0x00007ff1fb894000 Uncommon trap: reason=class_check action=maybe_recompile pc=0x000000010dea16ac method=java.util.regex.Pattern$Slice.match(Ljava/util/regex/Matcher;ILjava/lang/CharSequence;)Z @ 75
Event: 5.844 Thread 0x00007ff1fb894000 Uncommon trap: reason=class_check action=maybe_recompile pc=0x000000010dea16ac method=java.util.regex.Pattern$Slice.match(Ljava/util/regex/Matcher;ILjava/lang/CharSequence;)Z @ 75
Event: 6.104 Thread 0x00007ff1fb894000 Uncommon trap: reason=unstable_if action=reinterpret pc=0x000000010e1d6304 method=java.lang.CharacterDataLatin1.digit(II)I @ 60
Event: 6.104 Thread 0x00007ff1fb894000 Uncommon trap: reason=unstable_if action=reinterpret pc=0x000000010e1d2978 method=java.lang.CharacterDataLatin1.digit(II)I @ 60
Event: 6.167 Thread 0x00007ff1fb894000 Uncommon trap: reason=class_check action=maybe_recompile pc=0x000000010df22054 method=java.util.regex.Pattern$Node.study(Ljava/util/regex/Pattern$TreeInfo;)Z @ 12
Event: 6.167 Thread 0x00007ff1fb894000 Uncommon trap: reason=class_check action=maybe_recompile pc=0x000000010df22054 method=java.util.regex.Pattern$Node.study(Ljava/util/regex/Pattern$TreeInfo;)Z @ 12
Event: 6.167 Thread 0x00007ff1fb894000 Uncommon trap: reason=class_check action=maybe_recompile pc=0x000000010df22054 method=java.util.regex.Pattern$Node.study(Ljava/util/regex/Pattern$TreeInfo;)Z @ 12
Event: 6.167 Thread 0x00007ff1fb894000 Uncommon trap: reason=class_check action=maybe_recompile pc=0x000000010df22054 method=java.util.regex.Pattern$Node.study(Ljava/util/regex/Pattern$TreeInfo;)Z @ 12

Internal exceptions (10 events):
Event: 0.214 Thread 0x00007ff1fd002000 Exception <a 'java/security/PrivilegedActionException'> (0x0000000795792600) thrown at [/Users/java_re/workspace/8-2-build-macosx-x86_64/jdk8u112/7935/hotspot/src/share/vm/prims/jvm.cpp, line 1390]
Event: 0.214 Thread 0x00007ff1fd002000 Exception <a 'java/security/PrivilegedActionException'> (0x0000000795792810) thrown at [/Users/java_re/workspace/8-2-build-macosx-x86_64/jdk8u112/7935/hotspot/src/share/vm/prims/jvm.cpp, line 1390]
Event: 0.289 Thread 0x00007ff1fd002000 Exception <a 'java/lang/NoSuchFieldError': method resolution failed> (0x000000079586fb98) thrown at [/Users/java_re/workspace/8-2-build-macosx-x86_64/jdk8u112/7935/hotspot/src/share/vm/prims/methodHandles.cpp, line 1146]
Event: 0.294 Thread 0x00007ff1fd002000 Exception <a 'java/lang/NoSuchFieldError': method resolution failed> (0x000000079587d2e8) thrown at [/Users/java_re/workspace/8-2-build-macosx-x86_64/jdk8u112/7935/hotspot/src/share/vm/prims/methodHandles.cpp, line 1146]
Event: 0.626 Thread 0x00007ff1fd002000 Exception <a 'java/io/FileNotFoundException'> (0x00000007958f84e0) thrown at [/Users/java_re/workspace/8-2-build-macosx-x86_64/jdk8u112/7935/hotspot/src/share/vm/prims/jni.cpp, line 709]
Event: 0.626 Thread 0x00007ff1fd002000 Exception <a 'java/io/FileNotFoundException'> (0x00000007958f9048) thrown at [/Users/java_re/workspace/8-2-build-macosx-x86_64/jdk8u112/7935/hotspot/src/share/vm/prims/jni.cpp, line 709]
Event: 3.193 Thread 0x00007ff1fb894000 Exception <a 'java/io/FileNotFoundException'> (0x00000007961d1040) thrown at [/Users/java_re/workspace/8-2-build-macosx-x86_64/jdk8u112/7935/hotspot/src/share/vm/prims/jni.cpp, line 709]
Event: 3.237 Thread 0x00007ff1fb894000 Exception <a 'java/io/FileNotFoundException'> (0x00000007961dc210) thrown at [/Users/java_re/workspace/8-2-build-macosx-x86_64/jdk8u112/7935/hotspot/src/share/vm/prims/jni.cpp, line 709]
Event: 3.418 Thread 0x00007ff1fd066800 Exception <a 'java/lang/NullPointerException'> (0x00000007956b7950) thrown at [/Users/java_re/workspace/8-2-build-macosx-x86_64/jdk8u112/7935/hotspot/src/share/vm/interpreter/linkResolver.cpp, line 1178]
Event: 5.645 Thread 0x00007ff1fb894000 Exception <a 'java/lang/NoClassDefFoundError': javax/validation/Validation> (0x00000007960fbd90) thrown at [/Users/java_re/workspace/8-2-build-macosx-x86_64/jdk8u112/7935/hotspot/src/share/vm/classfile/systemDictionary.cpp, line 199]

Events (10 events):
Event: 6.919 loading class apple/laf/JRSUIConstants$Key
Event: 6.919 loading class apple/laf/JRSUIConstants$Key done
Event: 6.919 loading class apple/laf/JRSUIConstants$DoubleValue
Event: 6.919 loading class apple/laf/JRSUIConstants$DoubleValue done
Event: 6.919 loading class apple/laf/JRSUIControl$ThreadLocalByteBuffer
Event: 6.919 loading class apple/laf/JRSUIControl$ThreadLocalByteBuffer done
Event: 6.921 loading class apple/laf/JRSUIConstants
Event: 6.921 loading class apple/laf/JRSUIConstants done
Event: 6.922 loading class apple/laf/JRSUIControl$BufferState
Event: 6.923 loading class apple/laf/JRSUIControl$BufferState done


Dynamic libraries:
0x000000000976e000 	/System/Library/Frameworks/Cocoa.framework/Versions/A/Cocoa
0x000000000976e000 	/System/Library/Frameworks/Security.framework/Versions/A/Security
0x000000000976e000 	/System/Library/Frameworks/ApplicationServices.framework/Versions/A/ApplicationServices
0x000000000976e000 	/usr/lib/libz.1.dylib
0x000000000976e000 	/usr/lib/libSystem.B.dylib
0x000000000976e000 	/usr/lib/libobjc.A.dylib
0x000000000976e000 	/System/Library/Frameworks/CoreFoundation.framework/Versions/A/CoreFoundation
0x000000000976e000 	/System/Library/Frameworks/Foundation.framework/Versions/C/Foundation
0x000000000976e000 	/System/Library/Frameworks/AppKit.framework/Versions/C/AppKit
0x000000000976e000 	/System/Library/Frameworks/CoreData.framework/Versions/A/CoreData
0x000000000976e000 	/System/Library/PrivateFrameworks/RemoteViewServices.framework/Versions/A/RemoteViewServices
0x000000000976e000 	/System/Library/PrivateFrameworks/UIFoundation.framework/Versions/A/UIFoundation
0x000000000976e000 	/System/Library/Frameworks/IOSurface.framework/Versions/A/IOSurface
0x000000000976e000 	/System/Library/Frameworks/AudioToolbox.framework/Versions/A/AudioToolbox
0x000000000976e000 	/System/Library/Frameworks/AudioUnit.framework/Versions/A/AudioUnit
0x000000000976e000 	/System/Library/PrivateFrameworks/DataDetectorsCore.framework/Versions/A/DataDetectorsCore
0x000000000976e000 	/System/Library/PrivateFrameworks/DesktopServicesPriv.framework/Versions/A/DesktopServicesPriv
0x000000000976e000 	/System/Library/Frameworks/Carbon.framework/Versions/A/Frameworks/HIToolbox.framework/Versions/A/HIToolbox
0x000000000976e000 	/System/Library/Frameworks/QuartzCore.framework/Versions/A/QuartzCore
0x000000000976e000 	/System/Library/Frameworks/Carbon.framework/Versions/A/Frameworks/SpeechRecognition.framework/Versions/A/SpeechRecognition
0x000000000976e000 	/usr/lib/libauto.dylib
0x000000000976e000 	/usr/lib/libicucore.A.dylib
0x000000000976e000 	/usr/lib/libxml2.2.dylib
0x000000000976e000 	/System/Library/PrivateFrameworks/CoreUI.framework/Versions/A/CoreUI
0x000000000976e000 	/System/Library/Frameworks/CoreAudio.framework/Versions/A/CoreAudio
0x000000000976e000 	/System/Library/Frameworks/DiskArbitration.framework/Versions/A/DiskArbitration
0x000000000976e000 	/usr/lib/liblangid.dylib
0x000000000976e000 	/System/Library/PrivateFrameworks/MultitouchSupport.framework/Versions/A/MultitouchSupport
0x000000000976e000 	/System/Library/Frameworks/IOKit.framework/Versions/A/IOKit
0x000000000976e000 	/usr/lib/libDiagnosticMessagesClient.dylib
0x000000000976e000 	/System/Library/Frameworks/CoreServices.framework/Versions/A/CoreServices
0x000000000976e000 	/System/Library/PrivateFrameworks/PerformanceAnalysis.framework/Versions/A/PerformanceAnalysis
0x000000000976e000 	/System/Library/PrivateFrameworks/GenerationalStorage.framework/Versions/A/GenerationalStorage
0x000000000976e000 	/System/Library/Frameworks/OpenGL.framework/Versions/A/OpenGL
0x000000000976e000 	/System/Library/PrivateFrameworks/Sharing.framework/Versions/A/Sharing
0x000000000976e000 	/System/Library/Frameworks/CoreGraphics.framework/Versions/A/CoreGraphics
0x000000000976e000 	/System/Library/Frameworks/CoreText.framework/Versions/A/CoreText
0x000000000976e000 	/System/Library/Frameworks/ImageIO.framework/Versions/A/ImageIO
0x000000000976e000 	/usr/lib/libextension.dylib
0x000000000976e000 	/System/Library/PrivateFrameworks/Backup.framework/Versions/A/Backup
0x000000000976e000 	/usr/lib/libarchive.2.dylib
0x000000000976e000 	/System/Library/Frameworks/CFNetwork.framework/Versions/A/CFNetwork
0x000000000976e000 	/System/Library/Frameworks/SystemConfiguration.framework/Versions/A/SystemConfiguration
0x000000000976e000 	/usr/lib/libCRFSuite.dylib
0x000000000976e000 	/usr/lib/libc++.1.dylib
0x000000000976e000 	/usr/lib/libc++abi.dylib
0x000000000976e000 	/usr/lib/system/libcache.dylib
0x000000000976e000 	/usr/lib/system/libcommonCrypto.dylib
0x000000000976e000 	/usr/lib/system/libcompiler_rt.dylib
0x000000000976e000 	/usr/lib/system/libcopyfile.dylib
0x000000000976e000 	/usr/lib/system/libcorecrypto.dylib
0x000000000976e000 	/usr/lib/system/libdispatch.dylib
0x000000000976e000 	/usr/lib/system/libdyld.dylib
0x000000000976e000 	/usr/lib/system/libkeymgr.dylib
0x000000000976e000 	/usr/lib/system/liblaunch.dylib
0x000000000976e000 	/usr/lib/system/libmacho.dylib
0x000000000976e000 	/usr/lib/system/libquarantine.dylib
0x000000000976e000 	/usr/lib/system/libremovefile.dylib
0x000000000976e000 	/usr/lib/system/libsystem_asl.dylib
0x000000000976e000 	/usr/lib/system/libsystem_blocks.dylib
0x000000000976e000 	/usr/lib/system/libsystem_c.dylib
0x000000000976e000 	/usr/lib/system/libsystem_configuration.dylib
0x000000000976e000 	/usr/lib/system/libsystem_coreservices.dylib
0x000000000976e000 	/usr/lib/system/libsystem_coretls.dylib
0x000000000976e000 	/usr/lib/system/libsystem_dnssd.dylib
0x000000000976e000 	/usr/lib/system/libsystem_info.dylib
0x000000000976e000 	/usr/lib/system/libsystem_kernel.dylib
0x000000000976e000 	/usr/lib/system/libsystem_m.dylib
0x000000000976e000 	/usr/lib/system/libsystem_malloc.dylib
0x000000000976e000 	/usr/lib/system/libsystem_network.dylib
0x000000000976e000 	/usr/lib/system/libsystem_networkextension.dylib
0x000000000976e000 	/usr/lib/system/libsystem_notify.dylib
0x000000000976e000 	/usr/lib/system/libsystem_platform.dylib
0x000000000976e000 	/usr/lib/system/libsystem_pthread.dylib
0x000000000976e000 	/usr/lib/system/libsystem_sandbox.dylib
0x000000000976e000 	/usr/lib/system/libsystem_secinit.dylib
0x000000000976e000 	/usr/lib/system/libsystem_stats.dylib
0x000000000976e000 	/usr/lib/system/libsystem_trace.dylib
0x000000000976e000 	/usr/lib/system/libunc.dylib
0x000000000976e000 	/usr/lib/system/libunwind.dylib
0x000000000976e000 	/usr/lib/system/libxpc.dylib
0x000000000976e000 	/usr/lib/libbz2.1.0.dylib
0x000000000976e000 	/usr/lib/liblzma.5.dylib
0x000000000976e000 	/usr/lib/libbsm.0.dylib
0x000000000976e000 	/usr/lib/libsqlite3.dylib
0x000000000976e000 	/usr/lib/system/libkxld.dylib
0x000000000976e000 	/usr/lib/libxar.1.dylib
0x000000000976e000 	/usr/lib/libpam.2.dylib
0x000000000976e000 	/usr/lib/libOpenScriptingUtil.dylib
0x000000000976e000 	/System/Library/Frameworks/CoreServices.framework/Versions/A/Frameworks/FSEvents.framework/Versions/A/FSEvents
0x000000000976e000 	/System/Library/Frameworks/CoreServices.framework/Versions/A/Frameworks/CarbonCore.framework/Versions/A/CarbonCore
0x000000000976e000 	/System/Library/Frameworks/CoreServices.framework/Versions/A/Frameworks/Metadata.framework/Versions/A/Metadata
0x000000000976e000 	/System/Library/Frameworks/CoreServices.framework/Versions/A/Frameworks/OSServices.framework/Versions/A/OSServices
0x000000000976e000 	/System/Library/Frameworks/CoreServices.framework/Versions/A/Frameworks/SearchKit.framework/Versions/A/SearchKit
0x000000000976e000 	/System/Library/Frameworks/CoreServices.framework/Versions/A/Frameworks/AE.framework/Versions/A/AE
0x000000000976e000 	/System/Library/Frameworks/CoreServices.framework/Versions/A/Frameworks/LaunchServices.framework/Versions/A/LaunchServices
0x000000000976e000 	/System/Library/Frameworks/CoreServices.framework/Versions/A/Frameworks/DictionaryServices.framework/Versions/A/DictionaryServices
0x000000000976e000 	/System/Library/Frameworks/NetFS.framework/Versions/A/NetFS
0x000000000976e000 	/System/Library/PrivateFrameworks/NetAuth.framework/Versions/A/NetAuth
0x000000000976e000 	/System/Library/PrivateFrameworks/login.framework/Versions/A/Frameworks/loginsupport.framework/Versions/A/loginsupport
0x000000000976e000 	/System/Library/PrivateFrameworks/TCC.framework/Versions/A/TCC
0x000000000976e000 	/usr/lib/libmecabra.dylib
0x000000000976e000 	/System/Library/Frameworks/ApplicationServices.framework/Versions/A/Frameworks/ATS.framework/Versions/A/ATS
0x000000000976e000 	/System/Library/Frameworks/ApplicationServices.framework/Versions/A/Frameworks/ColorSync.framework/Versions/A/ColorSync
0x000000000976e000 	/System/Library/Frameworks/ApplicationServices.framework/Versions/A/Frameworks/HIServices.framework/Versions/A/HIServices
0x000000000976e000 	/System/Library/Frameworks/ApplicationServices.framework/Versions/A/Frameworks/LangAnalysis.framework/Versions/A/LangAnalysis
0x000000000976e000 	/System/Library/Frameworks/ApplicationServices.framework/Versions/A/Frameworks/PrintCore.framework/Versions/A/PrintCore
0x000000000976e000 	/System/Library/Frameworks/ApplicationServices.framework/Versions/A/Frameworks/QD.framework/Versions/A/QD
0x000000000976e000 	/System/Library/Frameworks/ApplicationServices.framework/Versions/A/Frameworks/SpeechSynthesis.framework/Versions/A/SpeechSynthesis
0x000000000976e000 	/System/Library/Frameworks/Accelerate.framework/Versions/A/Accelerate
0x000000000976e000 	/System/Library/Frameworks/Accelerate.framework/Versions/A/Frameworks/vImage.framework/Versions/A/vImage
0x000000000976e000 	/System/Library/Frameworks/Accelerate.framework/Versions/A/Frameworks/vecLib.framework/Versions/A/vecLib
0x000000000976e000 	/System/Library/Frameworks/Accelerate.framework/Versions/A/Frameworks/vecLib.framework/Versions/A/libvDSP.dylib
0x000000000976e000 	/System/Library/Frameworks/Accelerate.framework/Versions/A/Frameworks/vecLib.framework/Versions/A/libvMisc.dylib
0x000000000976e000 	/System/Library/Frameworks/Accelerate.framework/Versions/A/Frameworks/vecLib.framework/Versions/A/libLAPACK.dylib
0x000000000976e000 	/System/Library/Frameworks/Accelerate.framework/Versions/A/Frameworks/vecLib.framework/Versions/A/libBLAS.dylib
0x000000000976e000 	/System/Library/Frameworks/Accelerate.framework/Versions/A/Frameworks/vecLib.framework/Versions/A/libLinearAlgebra.dylib
0x000000000976e000 	/System/Library/Frameworks/ApplicationServices.framework/Versions/A/Frameworks/ATS.framework/Versions/A/Resources/libFontParser.dylib
0x000000000976e000 	/System/Library/Frameworks/ApplicationServices.framework/Versions/A/Frameworks/ATS.framework/Versions/A/Resources/libFontRegistry.dylib
0x000000000976e000 	/System/Library/PrivateFrameworks/AppleVPA.framework/Versions/A/AppleVPA
0x000000000976e000 	/System/Library/PrivateFrameworks/AppleJPEG.framework/Versions/A/AppleJPEG
0x000000000976e000 	/System/Library/Frameworks/ImageIO.framework/Versions/A/Resources/libJPEG.dylib
0x000000000976e000 	/System/Library/Frameworks/ImageIO.framework/Versions/A/Resources/libTIFF.dylib
0x000000000976e000 	/System/Library/Frameworks/ImageIO.framework/Versions/A/Resources/libPng.dylib
0x000000000976e000 	/System/Library/Frameworks/ImageIO.framework/Versions/A/Resources/libGIF.dylib
0x000000000976e000 	/System/Library/Frameworks/ImageIO.framework/Versions/A/Resources/libJP2.dylib
0x000000000976e000 	/System/Library/Frameworks/ImageIO.framework/Versions/A/Resources/libRadiance.dylib
0x000000000976e000 	/System/Library/Frameworks/CoreVideo.framework/Versions/A/CoreVideo
0x000000000976e000 	/System/Library/Frameworks/OpenGL.framework/Versions/A/Libraries/libGLU.dylib
0x000000000976e000 	/System/Library/Frameworks/OpenGL.framework/Versions/A/Libraries/libGFXShared.dylib
0x000000000976e000 	/System/Library/Frameworks/OpenGL.framework/Versions/A/Libraries/libGL.dylib
0x000000000976e000 	/System/Library/Frameworks/OpenGL.framework/Versions/A/Libraries/libGLImage.dylib
0x000000000976e000 	/System/Library/Frameworks/OpenGL.framework/Versions/A/Libraries/libCVMSPluginSupport.dylib
0x000000000976e000 	/System/Library/Frameworks/OpenGL.framework/Versions/A/Libraries/libCoreVMClient.dylib
0x000000000976e000 	/usr/lib/libcups.2.dylib
0x000000000976e000 	/System/Library/Frameworks/Kerberos.framework/Versions/A/Kerberos
0x000000000976e000 	/System/Library/Frameworks/GSS.framework/Versions/A/GSS
0x000000000976e000 	/usr/lib/libresolv.9.dylib
0x000000000976e000 	/usr/lib/libiconv.2.dylib
0x000000000976e000 	/System/Library/PrivateFrameworks/Heimdal.framework/Versions/A/Heimdal
0x000000000976e000 	/usr/lib/libheimdal-asn1.dylib
0x000000000976e000 	/System/Library/Frameworks/OpenDirectory.framework/Versions/A/OpenDirectory
0x000000000976e000 	/System/Library/PrivateFrameworks/CommonAuth.framework/Versions/A/CommonAuth
0x000000000976e000 	/System/Library/Frameworks/OpenDirectory.framework/Versions/A/Frameworks/CFOpenDirectory.framework/Versions/A/CFOpenDirectory
0x000000000976e000 	/System/Library/Frameworks/SecurityFoundation.framework/Versions/A/SecurityFoundation
0x000000000976e000 	/System/Library/PrivateFrameworks/LanguageModeling.framework/Versions/A/LanguageModeling
0x000000000976e000 	/usr/lib/libcmph.dylib
0x000000000976e000 	/System/Library/Frameworks/ServiceManagement.framework/Versions/A/ServiceManagement
0x000000000976e000 	/usr/lib/libxslt.1.dylib
0x000000000976e000 	/System/Library/Frameworks/Carbon.framework/Versions/A/Frameworks/Ink.framework/Versions/A/Ink
0x000000000976e000 	/System/Library/Frameworks/QuartzCore.framework/Versions/A/Frameworks/CoreImage.framework/Versions/A/CoreImage
0x000000000976e000 	/System/Library/PrivateFrameworks/CrashReporterSupport.framework/Versions/A/CrashReporterSupport
0x000000000976e000 	/System/Library/Frameworks/OpenCL.framework/Versions/A/OpenCL
0x000000000976e000 	/System/Library/PrivateFrameworks/FaceCore.framework/Versions/A/FaceCore
0x000000000976e000 	/System/Library/PrivateFrameworks/Ubiquity.framework/Versions/A/Ubiquity
0x000000000976e000 	/System/Library/PrivateFrameworks/IconServices.framework/Versions/A/IconServices
0x000000000976e000 	/System/Library/PrivateFrameworks/ChunkingLibrary.framework/Versions/A/ChunkingLibrary
0x000000000976e000 	/System/Library/PrivateFrameworks/Apple80211.framework/Versions/A/Apple80211
0x000000000976e000 	/System/Library/Frameworks/CoreWLAN.framework/Versions/A/CoreWLAN
0x000000000976e000 	/System/Library/Frameworks/IOBluetooth.framework/Versions/A/IOBluetooth
0x000000000976e000 	/System/Library/PrivateFrameworks/CoreWiFi.framework/Versions/A/CoreWiFi
0x000000000976e000 	/System/Library/Frameworks/CoreBluetooth.framework/Versions/A/CoreBluetooth
0x000000000976e000 	/System/Library/PrivateFrameworks/DebugSymbols.framework/Versions/A/DebugSymbols
0x000000000976e000 	/System/Library/PrivateFrameworks/CoreSymbolication.framework/Versions/A/CoreSymbolication
0x000000000976e000 	/System/Library/PrivateFrameworks/Symbolication.framework/Versions/A/Symbolication
0x000000000976e000 	/System/Library/PrivateFrameworks/SpeechRecognitionCore.framework/Versions/A/SpeechRecognitionCore
0x000000010cc00000 	/Library/Java/JavaVirtualMachines/jdk1.8.0_112.jdk/Contents/Home/jre/lib/server/libjvm.dylib
0x000000000976e000 	/usr/lib/libstdc++.6.dylib
0x000000010c336000 	/Library/Java/JavaVirtualMachines/jdk1.8.0_112.jdk/Contents/Home/jre/lib/libverify.dylib
0x000000010c344000 	/Library/Java/JavaVirtualMachines/jdk1.8.0_112.jdk/Contents/Home/jre/lib/libjava.dylib
0x000000010c383000 	/Library/Java/JavaVirtualMachines/jdk1.8.0_112.jdk/Contents/Home/jre/lib/libzip.dylib
0x0000000123cac000 	/System/Library/Frameworks/JavaVM.framework/Frameworks/JavaRuntimeSupport.framework/JavaRuntimeSupport
0x0000000123cc7000 	/System/Library/Frameworks/JavaVM.framework/Versions/A/Frameworks/JavaNativeFoundation.framework/Versions/A/JavaNativeFoundation
0x0000000123cdc000 	/System/Library/Frameworks/JavaVM.framework/Versions/A/JavaVM
0x000000000976e000 	/System/Library/Frameworks/Carbon.framework/Versions/A/Carbon
0x0000000123ce9000 	/System/Library/PrivateFrameworks/JavaLaunching.framework/Versions/A/JavaLaunching
0x000000000976e000 	/System/Library/Frameworks/Carbon.framework/Versions/A/Frameworks/CommonPanels.framework/Versions/A/CommonPanels
0x000000000976e000 	/System/Library/Frameworks/Carbon.framework/Versions/A/Frameworks/Help.framework/Versions/A/Help
0x000000000976e000 	/System/Library/Frameworks/Carbon.framework/Versions/A/Frameworks/ImageCapture.framework/Versions/A/ImageCapture
0x000000000976e000 	/System/Library/Frameworks/Carbon.framework/Versions/A/Frameworks/OpenScripting.framework/Versions/A/OpenScripting
0x000000000976e000 	/System/Library/Frameworks/Carbon.framework/Versions/A/Frameworks/Print.framework/Versions/A/Print
0x000000000976e000 	/System/Library/Frameworks/Carbon.framework/Versions/A/Frameworks/SecurityHI.framework/Versions/A/SecurityHI
0x0000000125de5000 	/Library/Java/JavaVirtualMachines/jdk1.8.0_112.jdk/Contents/Home/jre/lib/libawt.dylib
0x0000000125e8d000 	/Library/Java/JavaVirtualMachines/jdk1.8.0_112.jdk/Contents/Home/jre/lib/./libmlib_image.dylib
0x0000000125f59000 	/Library/Java/JavaVirtualMachines/jdk1.8.0_112.jdk/Contents/Home/jre/lib/libawt_lwawt.dylib
0x0000000126010000 	/Library/Java/JavaVirtualMachines/jdk1.8.0_112.jdk/Contents/Home/jre/lib/./libosxapp.dylib
0x000000000976e000 	/System/Library/Frameworks/ExceptionHandling.framework/Versions/A/ExceptionHandling
0x000000000976e000 	/System/Library/PrivateFrameworks/CoreServicesInternal.framework/Versions/A/CoreServicesInternal
0x000000000976e000 	/System/Library/PrivateFrameworks/CloudDocs.framework/Versions/A/CloudDocs
0x000000000976e000 	/System/Library/PrivateFrameworks/CoreDuet.framework/Versions/A/CoreDuet
0x000000000976e000 	/System/Library/Frameworks/CloudKit.framework/Versions/A/CloudKit
0x000000000976e000 	/System/Library/PrivateFrameworks/ProtocolBuffer.framework/Versions/A/ProtocolBuffer
0x000000000976e000 	/System/Library/PrivateFrameworks/CoreDuetDaemonProtocol.framework/Versions/A/CoreDuetDaemonProtocol
0x000000000976e000 	/System/Library/PrivateFrameworks/CoreDuetDebugLogging.framework/Versions/A/CoreDuetDebugLogging
0x000000000976e000 	/System/Library/PrivateFrameworks/MMCS.framework/Versions/A/MMCS
0x000000000976e000 	/System/Library/Frameworks/CoreLocation.framework/Versions/A/CoreLocation
0x000000000976e000 	/System/Library/PrivateFrameworks/ProtectedCloudStorage.framework/Versions/A/ProtectedCloudStorage
0x000000000976e000 	/System/Library/PrivateFrameworks/GeoServices.framework/Versions/A/GeoServices
0x000000000976e000 	/System/Library/Frameworks/CoreGraphics.framework/Versions/A/Resources/libCGCMS.A.dylib
0x000000000976e000 	/System/Library/Frameworks/CoreGraphics.framework/Versions/A/Resources/libRIP.A.dylib
0x000000000976e000 	/System/Library/Frameworks/CoreGraphics.framework/Versions/A/Resources/libCGXType.A.dylib
0x000000000976e000 	/System/Library/Frameworks/OpenCL.framework/Versions/A/Libraries/libcldcpuengine.dylib
0x000000000976e000 	/System/Library/PrivateFrameworks/DiskImages.framework/Versions/A/DiskImages
0x000000000976e000 	/System/Library/Frameworks/DiscRecording.framework/Versions/A/DiscRecording
0x000000000976e000 	/usr/lib/libcsfde.dylib
0x000000000976e000 	/usr/lib/libcurl.4.dylib
0x000000000976e000 	/System/Library/PrivateFrameworks/MediaKit.framework/Versions/A/MediaKit
0x000000000976e000 	/usr/lib/libCoreStorage.dylib
0x000000000976e000 	/System/Library/PrivateFrameworks/EFILogin.framework/Versions/A/EFILogin
0x000000000976e000 	/usr/lib/libutil.dylib
0x000000000976e000 	/System/Library/PrivateFrameworks/FindMyDevice.framework/Versions/A/FindMyDevice
0x000000000976e000 	/System/Library/Frameworks/LDAP.framework/Versions/A/LDAP
0x000000000976e000 	/usr/lib/libsasl2.2.dylib
0x000000000976e000 	/System/Library/PrivateFrameworks/CoreDaemon.framework/Versions/B/CoreDaemon
0x000000000976e000 	/usr/lib/libcrypto.0.9.8.dylib
0x000000000976e000 	/System/Library/PrivateFrameworks/AppleSRP.framework/Versions/A/AppleSRP
0x000000000976e000 	/System/Library/PrivateFrameworks/TrustEvaluationAgent.framework/Versions/A/TrustEvaluationAgent
0x00000001291f4000 	cl_kernels
0x00000001291f6000 	/System/Library/Frameworks/OpenCL.framework/Versions/A/Libraries/ImageFormats/unorm8_bgra.dylib
0x00000001291e6000 	cl_kernels
0x000000000976e000 	/System/Library/PrivateFrameworks/FamilyControls.framework/Versions/A/FamilyControls
0x000000000976e000 	/System/Library/PrivateFrameworks/CommerceKit.framework/Versions/A/Frameworks/CommerceCore.framework/Versions/A/CommerceCore
0x000000000976e000 	/System/Library/PrivateFrameworks/SystemAdministration.framework/Versions/A/SystemAdministration
0x000000000976e000 	/System/Library/PrivateFrameworks/AppContainer.framework/Versions/A/AppContainer
0x000000000976e000 	/System/Library/PrivateFrameworks/SecCodeWrapper.framework/Versions/A/SecCodeWrapper
0x000000000976e000 	/System/Library/Frameworks/DirectoryService.framework/Versions/A/DirectoryService
0x000000000976e000 	/System/Library/PrivateFrameworks/LoginUIKit.framework/Versions/A/Frameworks/LoginUICore.framework/Versions/A/LoginUICore
0x000000000976e000 	/usr/lib/libodfde.dylib
0x000000012a47a000 	/Library/Java/JavaVirtualMachines/jdk1.8.0_112.jdk/Contents/Home/jre/lib/libfontmanager.dylib
0x0000000128662000 	/Library/Java/JavaVirtualMachines/jdk1.8.0_112.jdk/Contents/Home/jre/lib/libosxui.dylib
0x000000000976e000 	/System/Library/Frameworks/OpenGL.framework/Versions/A/Resources/GLEngine.bundle/GLEngine
0x000000000976e000 	/System/Library/Frameworks/OpenGL.framework/Versions/A/Libraries/libGLProgrammability.dylib
0x000000012b0d8000 	/System/Library/Extensions/AppleIntelHD4000GraphicsGLDriver.bundle/Contents/MacOS/AppleIntelHD4000GraphicsGLDriver
0x000000000976e000 	/System/Library/PrivateFrameworks/IOAccelerator.framework/Versions/A/IOAccelerator
0x000000000976e000 	/System/Library/PrivateFrameworks/GPUSupport.framework/Versions/A/Libraries/libGPUSupportMercury.dylib
0x000000000976e000 	/System/Library/Frameworks/OpenGL.framework/Versions/A/Resources/GLRendererFloat.bundle/GLRendererFloat
0x000000012e51f000 	/Library/Java/JavaVirtualMachines/jdk1.8.0_112.jdk/Contents/Home/jre/lib/libnet.dylib
0x000000012e2ca000 	/Library/Java/JavaVirtualMachines/jdk1.8.0_112.jdk/Contents/Home/jre/lib/libnio.dylib
0x000000000976e000 	/System/Library/Frameworks/ApplicationServices.framework/Versions/A/Frameworks/ATS.framework/Versions/A/Resources/libTrueTypeScaler.dylib
0x000000017d67b000 	/Library/Java/JavaVirtualMachines/jdk1.8.0_112.jdk/Contents/Home/jre/lib/libsunec.dylib

VM Arguments:
jvm_args: -Dfile.encoding=UTF-8 
java_command: rh.visao.PermissaoRH_TesourariaVisao
java_class_path (initial): /Users/macpro/Desktop/SYS.DALAS.NOTICIA/KITANDA/lib/commons-beanutils-1.8.0.jar:/Users/macpro/Desktop/SYS.DALAS.NOTICIA/KITANDA/lib/commons-collections-2.1.1.jar:/Users/macpro/Desktop/SYS.DALAS.NOTICIA/KITANDA/lib/commons-digester-2.1.jar:/Users/macpro/Desktop/SYS.DALAS.NOTICIA/KITANDA/lib/commons-logging-1.1.1.jar:/Users/macpro/Desktop/SYS.DALAS.NOTICIA/KITANDA/lib/groovy-all-2.0.1.jar:/Users/macpro/Desktop/SYS.DALAS.NOTICIA/KITANDA/lib/iText-2.1.7.js2.jar:/Users/macpro/Desktop/SYS.DALAS.NOTICIA/KITANDA/lib/jasperreports-5.0.1.jar:/Users/macpro/Desktop/SYS.DALAS.NOTICIA/KITANDA/lib/jasperreports-extensions-3.5.3.jar:/Users/macpro/Desktop/SYS.DALAS.NOTICIA/KITANDA/lib/jcalendar-1.3.3.jar:/Users/macpro/Desktop/SYS.DALAS.NOTICIA/KITANDA/lib/jcommon-1.0.17.jar:/Users/macpro/Desktop/SYS.DALAS.NOTICIA/KITANDA/lib/jfreechart-1.0.12.jar:/Users/macpro/Desktop/SYS.DALAS.NOTICIA/KITANDA/lib/poi-3.6-20100309.jar:/Users/macpro/Desktop/SYS.DALAS.NOTICIA/KITANDA/lib/synthetica.jar:/Users/macpro/Desktop/SYS.DALAS.NOTICIA/KITANDA/lib/syntheticaBlackEye.jar:/Users/macpro/Desktop/SYS.DALAS.NOTICIA/KITANDA/lib/syntheticaBlackStar.jar:/Users/macpro/Desktop/SYS.DALAS.NOTICIA/KITANDA/lib/MySQLDriver/mysql-connector-java-5.1.23-bin.jar:/Users/macpro/Desktop/SYS.DALAS.NOTICIA/KITANDA/lib/absolutelayout/AbsoluteLayout.jar:/Users/macpro/Desktop/SYS.DALAS.NOTICIA/KITANDA/lib/eclipselink/eclipselink.jar:/Users/macpro/Desktop/SYS.DALAS.NOTICIA/KITANDA/lib/eclipselink/javax.persistence_2.1.0.v201304241213.jar:/Users/macpro/Desktop/SYS.DALAS.NOTICIA/KITANDA/lib/eclipselink/org.eclipse.persistence.jpa.jpql_2.5.1.v20130918-f2b9fc5.jar:/Users/macpro/Desktop/SYS.DALAS.NOTICIA/KITANDA/build/classes
Launcher Type: SUN_STANDARD

Environment Variables:
PATH=/usr/bin:/bin:/usr/sbin:/sbin
LD_LIBRARY_PATH=/Library/Java/JavaVirtualMachines/jdk1.8.0_112.jdk/Contents/Home/jre/lib/amd64:/Library/Java/JavaVirtualMachines/jdk1.8.0_112.jdk/Contents/Home/jre/lib/i386:
SHELL=/bin/bash

Signal Handlers:
SIGSEGV: [libjvm.dylib+0x5b11a5], sa_mask[0]=11111111011111110111111111111111, sa_flags=SA_ONSTACK|SA_RESTART|SA_SIGINFO
SIGBUS: [libjvm.dylib+0x5b11a5], sa_mask[0]=11111111011111110111111111111111, sa_flags=SA_RESTART|SA_SIGINFO
SIGFPE: [libjvm.dylib+0x487dc0], sa_mask[0]=11111111011111110111111111111111, sa_flags=SA_RESTART|SA_SIGINFO
SIGPIPE: [libjvm.dylib+0x487dc0], sa_mask[0]=11111111011111110111111111111111, sa_flags=SA_RESTART|SA_SIGINFO
SIGXFSZ: [libjvm.dylib+0x487dc0], sa_mask[0]=11111111011111110111111111111111, sa_flags=SA_RESTART|SA_SIGINFO
SIGILL: [libjvm.dylib+0x487dc0], sa_mask[0]=11111111011111110111111111111111, sa_flags=SA_RESTART|SA_SIGINFO
SIGUSR1: SIG_DFL, sa_mask[0]=00000000000000000000000000000000, sa_flags=none
SIGUSR2: [libjvm.dylib+0x4878de], sa_mask[0]=00100000000000000000000000000000, sa_flags=SA_RESTART|SA_SIGINFO
SIGHUP: [libjvm.dylib+0x485eb5], sa_mask[0]=11111111011111110111111111111111, sa_flags=SA_RESTART|SA_SIGINFO
SIGINT: SIG_IGN, sa_mask[0]=00000000000000000000000000000000, sa_flags=none
SIGTERM: [libjvm.dylib+0x485eb5], sa_mask[0]=11111111011111110111111111111111, sa_flags=SA_RESTART|SA_SIGINFO
SIGQUIT: [libjvm.dylib+0x485eb5], sa_mask[0]=11111111011111110111111111111111, sa_flags=SA_RESTART|SA_SIGINFO


---------------  S Y S T E M  ---------------

OS:Bsduname:Darwin 14.5.0 Darwin Kernel Version 14.5.0: Fri Feb 17 10:33:20 PST 2017; root:xnu-2782.50.9.1.1~1/RELEASE_X86_64 x86_64
rlimit: STACK 8192k, CORE 0k, NPROC 709, NOFILE 10240, AS infinity
load average:1.30 1.55 1.58

CPU:total 4 (2 cores per cpu, 2 threads per core) family 6 model 58 stepping 9, cmov, cx8, fxsr, mmx, sse, sse2, sse3, ssse3, sse4.1, sse4.2, popcnt, avx, aes, clmul, erms, ht, tsc, tscinvbit, tscinv

Memory: 4k page, physical 8388608k(1162864k free)

/proc/meminfo:


vm_info: Java HotSpot(TM) 64-Bit Server VM (25.112-b16) for bsd-amd64 JRE (1.8.0_112-b16), built on Sep 30 2016 22:41:41 by "java_re" with gcc 4.2.1 (Based on Apple Inc. build 5658) (LLVM build 2336.11.00)

time: Sat Dec  2 20:46:41 2017
elapsed time: 6 seconds (0d 0h 0m 6s)

